#
# A fatal error has been detected by the Java Runtime Environment:
#
#  EXCEPTION_ACCESS_VIOLATION (0xc0000005) at pc=0x00007ff8bd4a8320, pid=22196, tid=19076
#
# JRE version: Java(TM) SE Runtime Environment (17.0.9+11) (build 17.0.9+11-LTS-201)
# Java VM: Java HotSpot(TM) 64-Bit Server VM (17.0.9+11-LTS-201, mixed mode, emulated-client, sharing, tiered, compressed oops, compressed class ptrs, g1 gc, windows-amd64)
# Problematic frame:
# V  [jvm.dll+0x748320]
#
# No core dump will be written. Minidumps are not enabled by default on client versions of Windows
#
# If you would like to submit a bug report, please visit:
#   https://bugreport.java.com/bugreport/crash.jsp
#

---------------  S U M M A R Y ------------

Command Line: -XX:TieredStopAtLevel=1 -Dspring.output.ansi.enabled=always -Dcom.sun.management.jmxremote -Dspring.jmx.enabled=true -Dspring.liveBeansView.mbeanDomain -Dspring.application.admin.enabled=true -Dmanagement.endpoints.jmx.exposure.include=* -javaagent:C:\Program Files\JetBrains\IntelliJ IDEA 2023.2.2\lib\idea_rt.jar=52264:C:\Program Files\JetBrains\IntelliJ IDEA 2023.2.2\bin -Dfile.encoding=UTF-8 com.amigoscode.Main

Host: Intel(R) Core(TM) i7-8565U CPU @ 1.80GHz, 8 cores, 15G,  Windows 11 , 64 bit Build 22621 (10.0.22621.2428)
Time: Mon Mar 25 22:05:53 2024 Maroc elapsed time: 8.715839 seconds (0d 0h 0m 8s)

---------------  T H R E A D  ---------------

Current thread (0x000001fd73e33ff0):  JavaThread "main" [_thread_in_vm, id=19076, stack(0x00000098c9000000,0x00000098c9100000)]

Stack: [0x00000098c9000000,0x00000098c9100000],  sp=0x00000098c90fc1c0,  free space=1008k
Native frames: (J=compiled Java code, j=interpreted, Vv=VM code, C=native code)
V  [jvm.dll+0x748320]
V  [jvm.dll+0x74a1dd]
V  [jvm.dll+0x74a123]
V  [jvm.dll+0x1e67f2]
V  [jvm.dll+0x1e54bf]
V  [jvm.dll+0x1ea720]
V  [jvm.dll+0x1e0391]
V  [jvm.dll+0x53eaec]
V  [jvm.dll+0x754538]
V  [jvm.dll+0x754624]
V  [jvm.dll+0x40c73f]
V  [jvm.dll+0x412759]
C  [java.dll+0x17ec]

Java frames: (J=compiled Java code, j=interpreted, Vv=VM code)
J 1327  java.lang.ClassLoader.defineClass1(Ljava/lang/ClassLoader;Ljava/lang/String;[BIILjava/security/ProtectionDomain;Ljava/lang/String;)Ljava/lang/Class; java.base@17.0.9 (0 bytes) @ 0x000001fd7bb319e3 [0x000001fd7bb31920+0x00000000000000c3]
J 1426 c1 java.lang.ClassLoader.defineClass(Ljava/lang/String;[BIILjava/security/ProtectionDomain;)Ljava/lang/Class; java.base@17.0.9 (43 bytes) @ 0x000001fd7bb5c2ec [0x000001fd7bb5c1e0+0x000000000000010c]
J 1359 c1 jdk.internal.loader.BuiltinClassLoader.defineClass(Ljava/lang/String;Ljdk/internal/loader/Resource;)Ljava/lang/Class; java.base@17.0.9 (121 bytes) @ 0x000001fd7bb414f4 [0x000001fd7bb41020+0x00000000000004d4]
J 1347 c1 jdk.internal.loader.BuiltinClassLoader.findClassOnClassPathOrNull(Ljava/lang/String;)Ljava/lang/Class; java.base@17.0.9 (64 bytes) @ 0x000001fd7bb3b3c4 [0x000001fd7bb3b100+0x00000000000002c4]
J 1069 c1 jdk.internal.loader.BuiltinClassLoader.loadClassOrNull(Ljava/lang/String;Z)Ljava/lang/Class; java.base@17.0.9 (143 bytes) @ 0x000001fd7bac7604 [0x000001fd7bac7180+0x0000000000000484]
J 1277 c1 jdk.internal.loader.ClassLoaders$AppClassLoader.loadClass(Ljava/lang/String;Z)Ljava/lang/Class; java.base@17.0.9 (40 bytes) @ 0x000001fd7bb1d2ac [0x000001fd7bb1d160+0x000000000000014c]
J 1274 c1 java.lang.ClassLoader.loadClass(Ljava/lang/String;)Ljava/lang/Class; java.base@17.0.9 (7 bytes) @ 0x000001fd7bb1c6e4 [0x000001fd7bb1c6a0+0x0000000000000044]
v  ~StubRoutines::call_stub
J 1022  java.lang.Class.forName0(Ljava/lang/String;ZLjava/lang/ClassLoader;Ljava/lang/Class;)Ljava/lang/Class; java.base@17.0.9 (0 bytes) @ 0x000001fd7bab1d2f [0x000001fd7bab1ca0+0x000000000000008f]
J 1025 c1 java.lang.Class.forName(Ljava/lang/String;ZLjava/lang/ClassLoader;)Ljava/lang/Class; java.base@17.0.9 (47 bytes) @ 0x000001fd7bab2c3c [0x000001fd7bab2b40+0x00000000000000fc]
j  org.jboss.logging.Logger.doGetMessageLogger(Ljava/lang/Class;Ljava/lang/String;Ljava/util/Locale;)Ljava/lang/Object;+181
j  org.jboss.logging.Logger.getMessageLogger(Ljava/lang/Class;Ljava/lang/String;Ljava/util/Locale;)Ljava/lang/Object;+9
j  org.jboss.logging.Logger.getMessageLogger(Ljava/lang/Class;Ljava/lang/String;)Ljava/lang/Object;+5
j  org.hibernate.internal.HEMLogging.messageLogger(Ljava/lang/String;)Lorg/hibernate/internal/EntityManagerMessageLogger;+3
j  org.hibernate.internal.HEMLogging.messageLogger(Ljava/lang/Class;)Lorg/hibernate/internal/EntityManagerMessageLogger;+4
j  org.hibernate.jpa.boot.internal.EntityManagerFactoryBuilderImpl.<clinit>()V+2
v  ~StubRoutines::call_stub
j  org.springframework.orm.jpa.vendor.SpringHibernateJpaPersistenceProvider.createContainerEntityManagerFactory(Ljavax/persistence/spi/PersistenceUnitInfo;Ljava/util/Map;)Ljavax/persistence/EntityManagerFactory;+37
j  org.springframework.orm.jpa.LocalContainerEntityManagerFactoryBean.createNativeEntityManagerFactory()Ljavax/persistence/EntityManagerFactory;+129
j  org.springframework.orm.jpa.AbstractEntityManagerFactoryBean.buildNativeEntityManagerFactory()Ljavax/persistence/EntityManagerFactory;+1
j  org.springframework.orm.jpa.AbstractEntityManagerFactoryBean.afterPropertiesSet()V+192
j  org.springframework.orm.jpa.LocalContainerEntityManagerFactoryBean.afterPropertiesSet()V+77
j  org.springframework.beans.factory.support.AbstractAutowireCapableBeanFactory.invokeInitMethods(Ljava/lang/String;Ljava/lang/Object;Lorg/springframework/beans/factory/support/RootBeanDefinition;)V+106
j  org.springframework.beans.factory.support.AbstractAutowireCapableBeanFactory.initializeBean(Ljava/lang/String;Ljava/lang/Object;Lorg/springframework/beans/factory/support/RootBeanDefinition;)Ljava/lang/Object;+59
j  org.springframework.beans.factory.support.AbstractAutowireCapableBeanFactory.doCreateBean(Ljava/lang/String;Lorg/springframework/beans/factory/support/RootBeanDefinition;[Ljava/lang/Object;)Ljava/lang/Object;+245
j  org.springframework.beans.factory.support.AbstractAutowireCapableBeanFactory.createBean(Ljava/lang/String;Lorg/springframework/beans/factory/support/RootBeanDefinition;[Ljava/lang/Object;)Ljava/lang/Object;+169
j  org.springframework.beans.factory.support.AbstractBeanFactory.lambda$doGetBean$0(Ljava/lang/String;Lorg/springframework/beans/factory/support/RootBeanDefinition;[Ljava/lang/Object;)Ljava/lang/Object;+4
j  org.springframework.beans.factory.support.AbstractBeanFactory$$Lambda$342+0x000001fd0c2318d8.getObject()Ljava/lang/Object;+16
j  org.springframework.beans.factory.support.DefaultSingletonBeanRegistry.getSingleton(Ljava/lang/String;Lorg/springframework/beans/factory/ObjectFactory;)Ljava/lang/Object;+132
J 3379 c1 org.springframework.beans.factory.support.AbstractBeanFactory.doGetBean(Ljava/lang/String;Ljava/lang/Class;[Ljava/lang/Object;Z)Ljava/lang/Object; (832 bytes) @ 0x000001fd7be7e514 [0x000001fd7be7df00+0x0000000000000614]
j  org.springframework.beans.factory.support.AbstractBeanFactory.getBean(Ljava/lang/String;)Ljava/lang/Object;+5
j  org.springframework.context.support.AbstractApplicationContext.getBean(Ljava/lang/String;)Ljava/lang/Object;+9
j  org.springframework.context.support.AbstractApplicationContext.finishBeanFactoryInitialization(Lorg/springframework/beans/factory/config/ConfigurableListableBeanFactory;)V+100
j  org.springframework.context.support.AbstractApplicationContext.refresh()V+86
j  org.springframework.boot.web.servlet.context.ServletWebServerApplicationContext.refresh()V+1
j  org.springframework.boot.SpringApplication.refresh(Lorg/springframework/context/ConfigurableApplicationContext;)V+1
j  org.springframework.boot.SpringApplication.refreshContext(Lorg/springframework/context/ConfigurableApplicationContext;)V+16
j  org.springframework.boot.SpringApplication.run([Ljava/lang/String;)Lorg/springframework/context/ConfigurableApplicationContext;+111
j  org.springframework.boot.SpringApplication.run([Ljava/lang/Class;[Ljava/lang/String;)Lorg/springframework/context/ConfigurableApplicationContext;+9
j  org.springframework.boot.SpringApplication.run(Ljava/lang/Class;[Ljava/lang/String;)Lorg/springframework/context/ConfigurableApplicationContext;+9
j  com.amigoscode.Main.main([Ljava/lang/String;)V+3
v  ~StubRoutines::call_stub

siginfo: EXCEPTION_ACCESS_VIOLATION (0xc0000005), reading address 0x000001f50abdae68


Register to memory mapping:

RIP=0x00007ff8bd4a8320 jvm.dll
RAX=0x000000000b290002 is an unknown value
RBX=0x000001f50abdae60 is an unknown value
RCX=0x0000000000000018 is an unknown value
RDX=0x000000001493394e is an unknown value
RSP=0x00000098c90fc1c0 is pointing into the stack for thread: 0x000001fd73e33ff0
RBP=0x000001fd0a34feb0 points into unknown readable memory: 0x0000000000000000 | 00 00 00 00 00 00 00 00
RSI=0x0000000000000005 is an unknown value
RDI=0x000001fd51085af0 points into unknown readable memory: 0x4c28004d0b290002 | 02 00 29 0b 4d 00 28 4c
R8 =0x0 is NULL
R9 =0x00000098c90fc280 is pointing into the stack for thread: 0x000001fd73e33ff0
R10=0x000000000000006f is an unknown value
R11=0x0000000000000018 is an unknown value
R12=0x0 is NULL
R13=0x00000098c90fc280 is pointing into the stack for thread: 0x000001fd73e33ff0
R14=0x00000098c90fc240 is pointing into the stack for thread: 0x000001fd73e33ff0
R15=0x000001fd73e33ff0 is a thread


Registers:
RAX=0x000000000b290002, RBX=0x000001f50abdae60, RCX=0x0000000000000018, RDX=0x000000001493394e
RSP=0x00000098c90fc1c0, RBP=0x000001fd0a34feb0, RSI=0x0000000000000005, RDI=0x000001fd51085af0
R8 =0x0000000000000000, R9 =0x00000098c90fc280, R10=0x000000000000006f, R11=0x0000000000000018
R12=0x0000000000000000, R13=0x00000098c90fc280, R14=0x00000098c90fc240, R15=0x000001fd73e33ff0
RIP=0x00007ff8bd4a8320, EFLAGS=0x0000000000010206

Top of Stack: (sp=0x00000098c90fc1c0)
0x00000098c90fc1c0:   00000098c90fc1e0 00000098c90fc268
0x00000098c90fc1d0:   00000098c90fc260 cc3104a899b54410
0x00000098c90fc1e0:   000001fd71a88918 000000001493394e
0x00000098c90fc1f0:   0000000000000018 0000000000000649
0x00000098c90fc200:   0000000000000018 00007ff8bd4aa1dd
0x00000098c90fc210:   c3aa229bd61b932f 000001fd71a88900
0x00000098c90fc220:   000001fd51d5e504 0000000000000018
0x00000098c90fc230:   00000098c90fc288 000001fd71a88918
0x00000098c90fc240:   000000001493394e 00007ff800000018
0x00000098c90fc250:   000001fd51d5e504 00000098c90fc3b0
0x00000098c90fc260:   0000000000000018 000001fd51d5e504
0x00000098c90fc270:   00000098c90fc3b0 00007ff8bd4aa123
0x00000098c90fc280:   0000000000000000 000001fd51d5e400
0x00000098c90fc290:   000000001493394e 0000000000000018
0x00000098c90fc2a0:   00000098c90fc750 00007ff8bcf467f2
0x00000098c90fc2b0:   000001fd73e33ff0 000001fd4e008000 

Instructions: (pc=0x00007ff8bd4a8320)
0x00007ff8bd4a8220:   1a f2 ff 48 8b 6c 24 48 90 48 8b 7c 24 50 48 3b
0x00007ff8bd4a8230:   f5 0f 82 b9 fd ff ff 4c 8b b4 24 b8 08 00 00 49
0x00007ff8bd4a8240:   89 9d f8 00 00 00 48 8b 8c 24 60 08 00 00 48 33
0x00007ff8bd4a8250:   cc e8 ea e7 0e 00 48 81 c4 70 08 00 00 41 5f 41
0x00007ff8bd4a8260:   5d 41 5c 5f 5e 5d 5b c3 cc cc cc cc cc cc cc cc
0x00007ff8bd4a8270:   41 54 41 55 41 57 48 83 ec 30 4c 8b a2 f8 00 00
0x00007ff8bd4a8280:   00 4d 8b e9 48 89 5c 24 58 4c 8b fa 48 89 6c 24
0x00007ff8bd4a8290:   60 48 8b e9 48 89 74 24 68 49 8b c4 4c 89 74 24
0x00007ff8bd4a82a0:   20 4d 8b f0 41 f6 c4 01 75 0b 48 8b 05 0f 1a 3c
0x00007ff8bd4a82b0:   00 48 83 c8 01 48 89 82 f8 00 00 00 e8 4f 1a f2
0x00007ff8bd4a82c0:   ff 90 45 33 c0 48 8b 45 48 48 85 c0 74 0d 4c 89
0x00007ff8bd4a82d0:   45 48 e8 39 1a f2 ff 45 33 c0 90 48 8b 45 08 49
0x00007ff8bd4a82e0:   8b 16 48 8b 48 18 48 8b 00 48 23 ca 48 8d 1c c8
0x00007ff8bd4a82f0:   48 8b 04 c8 d0 e8 a8 01 74 12 48 8b 45 10 48 8b
0x00007ff8bd4a8300:   48 18 48 8b 00 48 23 ca 48 8d 1c c8 48 8b 1b 49
0x00007ff8bd4a8310:   8b f0 48 83 e3 fc 74 4f 48 89 7c 24 28 0f 1f 00
0x00007ff8bd4a8320:   48 8b 7b 08 48 ff c6 49 63 4e 08 0f b7 47 04 3b
0x00007ff8bd4a8330:   c1 75 22 49 8b 56 10 4c 8b c1 48 8d 4f 06 e8 37
0x00007ff8bd4a8340:   f8 0e 00 85 c0 75 0e 48 8b cf e8 a1 f8 ff ff 84
0x00007ff8bd4a8350:   c0 75 0c eb 02 8b 07 48 8b 1b 48 85 db 75 c1 48
0x00007ff8bd4a8360:   8b 7c 24 28 45 33 c0 48 8b 54 24 70 48 8d 4b 08
0x00007ff8bd4a8370:   4c 8b 74 24 20 48 85 db 48 8b 5c 24 58 49 0f 44
0x00007ff8bd4a8380:   c8 48 85 d2 74 09 48 3b 75 28 0f 97 c0 88 02 48
0x00007ff8bd4a8390:   8b 74 24 68 48 8b 6c 24 60 48 85 c9 74 1b 48 8b
0x00007ff8bd4a83a0:   01 49 89 45 00 b0 01 4d 89 a7 f8 00 00 00 48 83
0x00007ff8bd4a83b0:   c4 30 41 5f 41 5d 41 5c c3 32 c0 4d 89 a7 f8 00
0x00007ff8bd4a83c0:   00 00 48 83 c4 30 41 5f 41 5d 41 5c c3 cc cc cc
0x00007ff8bd4a83d0:   4c 89 44 24 18 48 89 54 24 10 48 89 4c 24 08 53
0x00007ff8bd4a83e0:   55 56 57 41 54 41 55 41 56 41 57 48 83 ec 48 4d
0x00007ff8bd4a83f0:   8b 20 40 32 ed 33 c0 4c 89 64 24 20 48 89 84 24
0x00007ff8bd4a8400:   a8 00 00 00 49 8b d9 b8 01 00 00 00 4c 8b fa 4c
0x00007ff8bd4a8410:   8b f1 f0 48 0f c1 05 85 32 3e 00 45 33 c0 41 8d 


Stack slot to memory mapping:
stack at sp + 0 slots: 0x00000098c90fc1e0 is pointing into the stack for thread: 0x000001fd73e33ff0
stack at sp + 1 slots: 0x00000098c90fc268 is pointing into the stack for thread: 0x000001fd73e33ff0
stack at sp + 2 slots: 0x00000098c90fc260 is pointing into the stack for thread: 0x000001fd73e33ff0
stack at sp + 3 slots: 0xcc3104a899b54410 is an unknown value
stack at sp + 4 slots: 0x000001fd71a88918 points into unknown readable memory: 0x0000000000000000 | 00 00 00 00 00 00 00 00
stack at sp + 5 slots: 0x000000001493394e is an unknown value
stack at sp + 6 slots: 0x0000000000000018 is an unknown value
stack at sp + 7 slots: 0x0000000000000649 is an unknown value


Compiled method (n/a)    8885 1327     n 0       java.lang.ClassLoader::defineClass1 (native)
 total in heap  [0x000001fd7bb31790,0x000001fd7bb31c70] = 1248
 relocation     [0x000001fd7bb318e8,0x000001fd7bb31920] = 56
 main code      [0x000001fd7bb31920,0x000001fd7bb31c70] = 848

[Constant Pool (empty)]

[MachCode]
[Entry Point]
  # {method} {0x000001fd0b010ea8} 'defineClass1' '(Ljava/lang/ClassLoader;Ljava/lang/String;[BIILjava/security/ProtectionDomain;Ljava/lang/String;)Ljava/lang/Class;' in 'java/lang/ClassLoader'
  # parm0:    rdx:rdx   = 'java/lang/ClassLoader'
  # parm1:    r8:r8     = 'java/lang/String'
  # parm2:    r9:r9     = '[B'
  # parm3:    rdi       = int
  # parm4:    rsi       = int
  # parm5:    rcx:rcx   = 'java/security/ProtectionDomain'
  # parm6:    [sp+0xa0]   = 'java/lang/String'  (sp of caller)
  0x000001fd7bb31920: 448b 5208 | 49bb 0000 | 000b fd01 | 0000 4d03 | d349 3bc2 | 0f84 0600 

  0x000001fd7bb31938: ;   {runtime_call ic_miss_stub}
  0x000001fd7bb31938: 0000 e941 | b1ba ff90 
[Verified Entry Point]
  0x000001fd7bb31940: 8984 2400 | 90ff ff55 | 488b ec48 | 81ec 9000 | 0000 4881 | 7d10 0000 | 0000 488d | 4510 480f 
  0x000001fd7bb31960: 4445 1048 | 8944 2440 | 4889 4c24 | 7048 83f9 | 0048 8d44 | 2470 480f | 4444 2470 | 4889 4424 
  0x000001fd7bb31980: 3848 8974 | 2430 4889 | 7c24 284c | 894c 2458 | 4983 f900 | 488d 4424 | 5848 0f44 | 4424 5848 
  0x000001fd7bb319a0: 8944 2420 | 4c89 4424 | 5049 83f8 | 004c 8d4c | 2450 4c0f | 444c 2450 | 4889 5424 | 4848 83fa 
  0x000001fd7bb319c0: 004c 8d44 | 2448 4c0f | 4444 2448 

  0x000001fd7bb319cc: ;   {oop(a 'java/lang/Class'{0x00000007025a0fb8} = 'java/lang/ClassLoader')}
  0x000001fd7bb319cc: 49be b80f | 5a02 0700 | 0000 4c89 | 7424 784c | 8d74 2478 | 498b d6c5 

  0x000001fd7bb319e4: ;   {internal_word}
  0x000001fd7bb319e4: f877 49ba | e319 b37b | fd01 0000 | 4d89 9798 | 0200 0049 | 89a7 9002 

  0x000001fd7bb319fc: ;   {external_word}
  0x000001fd7bb319fc: 0000 49ba | 24a0 86bd | f87f 0000 | 4180 3a00 | 0f84 5200 | 0000 5241 

  0x000001fd7bb31a14: ;   {metadata({method} {0x000001fd0b010ea8} 'defineClass1' '(Ljava/lang/ClassLoader;Ljava/lang/String;[BIILjava/security/ProtectionDomain;Ljava/lang/String;)Ljava/lang/Class;' in 'java/lang/ClassLoader')}
  0x000001fd7bb31a14: 5041 5148 | baa0 0e01 | 0bfd 0100 | 0049 8bcf | 4883 ec20 | f7c4 0f00 | 0000 0f84 | 1a00 0000 
  0x000001fd7bb31a34: 4883 ec08 

  0x000001fd7bb31a38: ;   {runtime_call}
  0x000001fd7bb31a38: 49ba 20e6 | 43bd f87f | 0000 41ff | d248 83c4 | 08e9 0d00 

  0x000001fd7bb31a4c: ;   {runtime_call}
  0x000001fd7bb31a4c: 0000 49ba | 20e6 43bd | f87f 0000 | 41ff d248 | 83c4 2041 | 5941 585a | 498d 8fb0 | 0200 0041 
  0x000001fd7bb31a6c: c787 4003 | 0000 0400 

  0x000001fd7bb31a74: ;   {runtime_call}
  0x000001fd7bb31a74: 0000 49ba | ac16 8fbc | f87f 0000 | 41ff d2c5 | f877 41c7 | 8740 0300 | 0005 0000 | 00f0 8344 
  0x000001fd7bb31a94: 24c0 0049 | 3baf 4803 | 0000 0f87 | 1100 0000 | 4181 bf30 | 0300 0000 | 0000 000f | 842c 0000 
  0x000001fd7bb31ab4: 00c5 f877 | 4889 45f8 | 498b cf4c | 8be4 4883 | ec20 4883 

  0x000001fd7bb31ac8: ;   {runtime_call}
  0x000001fd7bb31ac8: e4f0 49ba | 509e 4ebd | f87f 0000 | 41ff d249 | 8be4 4d33 | e448 8b45 | f841 c787 | 4003 0000 
  0x000001fd7bb31ae8: 0800 0000 | 4181 bfb0 | 0300 0002 | 0000 000f | 843f 0100 

  0x000001fd7bb31afc: ;   {external_word}
  0x000001fd7bb31afc: 0049 ba24 | a086 bdf8 | 7f00 0041 | 803a 000f | 8450 0000 | 0048 8945 

  0x000001fd7bb31b14: ;   {metadata({method} {0x000001fd0b010ea8} 'defineClass1' '(Ljava/lang/ClassLoader;Ljava/lang/String;[BIILjava/security/ProtectionDomain;Ljava/lang/String;)Ljava/lang/Class;' in 'java/lang/ClassLoader')}
  0x000001fd7bb31b14: f848 baa0 | 0e01 0bfd | 0100 0049 | 8bcf 4883 | ec20 f7c4 | 0f00 0000 | 0f84 1a00 | 0000 4883 
  0x000001fd7bb31b34: ;   {runtime_call}
  0x000001fd7bb31b34: ec08 49ba | 20e6 43bd | f87f 0000 | 41ff d248 | 83c4 08e9 | 0d00 0000 

  0x000001fd7bb31b4c: ;   {runtime_call}
  0x000001fd7bb31b4c: 49ba 20e6 | 43bd f87f | 0000 41ff | d248 83c4 | 2048 8b45 | f849 c787 | 9002 0000 | 0000 0000 
  0x000001fd7bb31b6c: 49c7 8798 | 0200 0000 | 0000 00c5 | f877 4885 | c00f 8493 | 0000 0048 | f7c0 0100 | 0000 0f84 
  0x000001fd7bb31b8c: 8300 0000 | 488b 40ff | 4180 7f38 | 000f 846f | 0000 0048 | 83f8 000f | 8465 0000 | 0049 8b4f 
  0x000001fd7bb31bac: 2048 83f9 | 000f 8414 | 0000 0048 | 83e9 0849 | 894f 2049 | 034f 3048 | 8901 e943 | 0000 0050 
  0x000001fd7bb31bcc: 498b d748 | 8bc8 4883 | ec20 f7c4 | 0f00 0000 | 0f84 1a00 | 0000 4883 

  0x000001fd7bb31be4: ;   {runtime_call}
  0x000001fd7bb31be4: ec08 49ba | 2011 03bd | f87f 0000 | 41ff d248 | 83c4 08e9 | 0d00 0000 

  0x000001fd7bb31bfc: ;   {runtime_call}
  0x000001fd7bb31bfc: 49ba 2011 | 03bd f87f | 0000 41ff | d248 83c4 | 2058 e903 | 0000 0048 | 8b00 498b | 8fd8 0000 
  0x000001fd7bb31c1c: 00c7 8100 | 0100 0000 | 0000 00c9 | 4981 7f08 | 0000 0000 | 0f85 0100 

  0x000001fd7bb31c34: ;   {runtime_call StubRoutines (1)}
  0x000001fd7bb31c34: 0000 c3e9 | c4f2 b5ff | c5f8 7748 | 8945 f84c | 8be4 4883 | ec20 4883 

  0x000001fd7bb31c4c: ;   {runtime_call}
  0x000001fd7bb31c4c: e4f0 49ba | c016 44bd | f87f 0000 | 41ff d249 | 8be4 4d33 | e448 8b45 | f8e9 93fe | ffff f4f4 
  0x000001fd7bb31c6c: f4f4 f4f4 
[/MachCode]


Compiled method (c1)    8906 1426       1       java.lang.ClassLoader::defineClass (43 bytes)
 total in heap  [0x000001fd7bb5c010,0x000001fd7bb5c5b0] = 1440
 relocation     [0x000001fd7bb5c168,0x000001fd7bb5c1c8] = 96
 main code      [0x000001fd7bb5c1e0,0x000001fd7bb5c380] = 416
 stub code      [0x000001fd7bb5c380,0x000001fd7bb5c3f8] = 120
 metadata       [0x000001fd7bb5c3f8,0x000001fd7bb5c428] = 48
 scopes data    [0x000001fd7bb5c428,0x000001fd7bb5c4e0] = 184
 scopes pcs     [0x000001fd7bb5c4e0,0x000001fd7bb5c580] = 160
 dependencies   [0x000001fd7bb5c580,0x000001fd7bb5c588] = 8
 nul chk table  [0x000001fd7bb5c588,0x000001fd7bb5c5b0] = 40

[Constant Pool (empty)]

[MachCode]
[Entry Point]
  # {method} {0x000001fd0b010be8} 'defineClass' '(Ljava/lang/String;[BIILjava/security/ProtectionDomain;)Ljava/lang/Class;' in 'java/lang/ClassLoader'
  # this:     rdx:rdx   = 'java/lang/ClassLoader'
  # parm0:    r8:r8     = 'java/lang/String'
  # parm1:    r9:r9     = '[B'
  # parm2:    rdi       = int
  # parm3:    rsi       = int
  # parm4:    rcx:rcx   = 'java/security/ProtectionDomain'
  #           [sp+0xc0]  (sp of caller)
  0x000001fd7bb5c1e0: 448b 5208 | 49bb 0000 | 000b fd01 | 0000 4d03 | d34c 3bd0 

  0x000001fd7bb5c1f4: ;   {runtime_call ic_miss_stub}
  0x000001fd7bb5c1f4: 0f85 8608 | b8ff 660f | 1f44 0000 
[Verified Entry Point]
  0x000001fd7bb5c200: 8984 2400 | 90ff ff55 | 4881 ecb0 | 0000 0048 | 8954 2478 | 89b4 2494 | 0000 0089 | bc24 9000 
  0x000001fd7bb5c220: 0000 4c89 | 8c24 8800 | 0000 498b | d84c 8bc3 | 4c8b c948 | 8bca 488b | d148 899c | 2480 0000 
  0x000001fd7bb5c240: 0066 0f1f 

  0x000001fd7bb5c244: ;   {optimized virtual_call}
  0x000001fd7bb5c244: 4400 00e8 

  0x000001fd7bb5c248: ; ImmutableOopMap {[120]=Oop [136]=Oop [128]=Oop }
                      ;*invokevirtual preDefineClass {reexecute=0 rethrow=0 return_oop=0}
                      ; - java.lang.ClassLoader::defineClass@4 (line 1010)
  0x000001fd7bb5c248: 7431 feff | 4889 8424 | 9800 0000 

  0x000001fd7bb5c254: ; implicit exception: dispatches to 0x000001fd7bb5c32a
  0x000001fd7bb5c254: 448b 4010 | 49c1 e003 | 4983 f800 | 0f85 0f00 

  0x000001fd7bb5c264: ;   {oop(NULL)}
  0x000001fd7bb5c264: 0000 48bb | 0000 0000 | 0000 0000 | e942 0000 | 0045 8b40 | 0c49 c1e0 | 0349 83f8 | 000f 850f 
  0x000001fd7bb5c284: ;   {oop(NULL)}
  0x000001fd7bb5c284: 0000 0048 | bb00 0000 | 0000 0000 | 00e9 2100 | 0000 418b | 5038 48c1 | e203 483b | 0266 0f1f 
  0x000001fd7bb5c2a4: ;   {optimized virtual_call}
  0x000001fd7bb5c2a4: 4400 00e8 

  0x000001fd7bb5c2a8: ; ImmutableOopMap {[120]=Oop [136]=Oop [128]=Oop [152]=Oop }
                      ;*invokevirtual toExternalForm {reexecute=0 rethrow=0 return_oop=0}
                      ; - java.net.URL::toExternalForm@5 (line 1039)
                      ; - java.net.URL::toString@1 (line 1025)
                      ; - java.lang.ClassLoader::defineClassSourceLocation@22 (line 912)
                      ; - java.lang.ClassLoader::defineClass@12 (line 1011)
  0x000001fd7bb5c2a8: f42e f8ff | 488b d848 | 8b84 2498 | 0000 008b | b424 9400 | 0000 8bbc | 2490 0000 | 004c 8b8c 
  0x000001fd7bb5c2c8: 2488 0000 | 004c 8b84 | 2480 0000 | 0048 8b54 | 2478 4c8b | da49 8bd3 | 488b c848 

  0x000001fd7bb5c2e4: ;   {static_call}
  0x000001fd7bb5c2e4: 891c 24e8 

  0x000001fd7bb5c2e8: ; ImmutableOopMap {[152]=Oop [120]=Oop }
                      ;*invokestatic defineClass1 {reexecute=0 rethrow=0 return_oop=0}
                      ; - java.lang.ClassLoader::defineClass@27 (line 1012)
  0x000001fd7bb5c2e8: 5456 fdff | 4c8b c04c | 8b8c 2498 | 0000 0048 | 8b54 2478 | 4889 8424 | a000 0000 

  0x000001fd7bb5c304: ;   {optimized virtual_call}
  0x000001fd7bb5c304: 6666 90e8 

  0x000001fd7bb5c308: ; ImmutableOopMap {[160]=Oop }
                      ;*invokevirtual postDefineClass {reexecute=0 rethrow=0 return_oop=0}
                      ; - java.lang.ClassLoader::defineClass@37 (line 1013)
  0x000001fd7bb5c308: f424 feff | 488b 8424 | a000 0000 | 4881 c4b0 | 0000 005d 

  0x000001fd7bb5c31c: ;   {poll_return}
  0x000001fd7bb5c31c: 493b a748 | 0300 000f | 8715 0000 

  0x000001fd7bb5c328: ;   {runtime_call throw_null_pointer_exception Runtime1 stub}
  0x000001fd7bb5c328: 00c3 e8f1 

  0x000001fd7bb5c32c: ; ImmutableOopMap {[120]=Oop [136]=Oop [128]=Oop rax=Oop [152]=Oop }
                      ;*invokevirtual getCodeSource {reexecute=0 rethrow=0 return_oop=0}
                      ; - java.lang.ClassLoader::defineClassSourceLocation@1 (line 909)
                      ; - java.lang.ClassLoader::defineClass@12 (line 1011)
                      ;   {runtime_call throw_null_pointer_exception Runtime1 stub}
  0x000001fd7bb5c32c: 5dc2 ffe8 

  0x000001fd7bb5c330: ; ImmutableOopMap {[120]=Oop [136]=Oop [128]=Oop rax=Oop [152]=Oop }
                      ;*invokevirtual getLocation {reexecute=0 rethrow=0 return_oop=0}
                      ; - java.lang.ClassLoader::defineClassSourceLocation@12 (line 911)
                      ; - java.lang.ClassLoader::defineClass@12 (line 1011)
  0x000001fd7bb5c330: ec5d c2ff 

  0x000001fd7bb5c334: ;   {runtime_call throw_null_pointer_exception Runtime1 stub}
  0x000001fd7bb5c334: e8e7 5dc2 

  0x000001fd7bb5c338: ; ImmutableOopMap {[120]=Oop [136]=Oop [128]=Oop [152]=Oop r8=Oop }
                      ;*invokevirtual toString {reexecute=0 rethrow=0 return_oop=0}
                      ; - java.lang.ClassLoader::defineClassSourceLocation@22 (line 912)
                      ; - java.lang.ClassLoader::defineClass@12 (line 1011)
                      ;   {runtime_call throw_null_pointer_exception Runtime1 stub}
  0x000001fd7bb5c338: ffe8 e25d 

  0x000001fd7bb5c33c: ; ImmutableOopMap {[120]=Oop [136]=Oop [128]=Oop [152]=Oop r8=Oop rdx=Oop }
                      ;*invokevirtual toExternalForm {reexecute=0 rethrow=0 return_oop=0}
                      ; - java.net.URL::toExternalForm@5 (line 1039)
                      ; - java.net.URL::toString@1 (line 1025)
                      ; - java.lang.ClassLoader::defineClassSourceLocation@22 (line 912)
                      ; - java.lang.ClassLoader::defineClass@12 (line 1011)
                      ;   {internal_word}
  0x000001fd7bb5c33c: c2ff 49ba | 1cc3 b57b | fd01 0000 | 4d89 9760 

  0x000001fd7bb5c34c: ;   {runtime_call SafepointBlob}
  0x000001fd7bb5c34c: 0300 00e9 | ac70 b8ff | 9090 498b | 87d8 0300 | 0049 c787 | d803 0000 | 0000 0000 | 49c7 87e0 
  0x000001fd7bb5c36c: 0300 0000 | 0000 0048 | 81c4 b000 

  0x000001fd7bb5c378: ;   {runtime_call unwind_exception Runtime1 stub}
  0x000001fd7bb5c378: 0000 5de9 | 804b c2ff 
[Stub Code]
  0x000001fd7bb5c380: ;   {no_reloc}
  0x000001fd7bb5c380: 0f1f 4400 

  0x000001fd7bb5c384: ;   {static_stub}
  0x000001fd7bb5c384: 0048 bb00 | 0000 0000 

  0x000001fd7bb5c38c: ;   {runtime_call}
  0x000001fd7bb5c38c: 0000 00e9 | fbff ffff 

  0x000001fd7bb5c394: ;   {static_stub}
  0x000001fd7bb5c394: 9048 bb00 | 0000 0000 

  0x000001fd7bb5c39c: ;   {runtime_call}
  0x000001fd7bb5c39c: 0000 00e9 | fbff ffff 

  0x000001fd7bb5c3a4: ;   {static_stub}
  0x000001fd7bb5c3a4: 9048 bb00 | 0000 0000 

  0x000001fd7bb5c3ac: ;   {runtime_call}
  0x000001fd7bb5c3ac: 0000 00e9 | fbff ffff 

  0x000001fd7bb5c3b4: ;   {static_stub}
  0x000001fd7bb5c3b4: 9048 bb00 | 0000 0000 

  0x000001fd7bb5c3bc: ;   {runtime_call}
  0x000001fd7bb5c3bc: 0000 00e9 | fbff ffff 
[Exception Handler]
  0x000001fd7bb5c3c4: ;   {runtime_call handle_exception_from_callee Runtime1 stub}
  0x000001fd7bb5c3c4: e837 7ec2 

  0x000001fd7bb5c3c8: ;   {external_word}
  0x000001fd7bb5c3c8: ff48 b990 | 0063 bdf8 | 7f00 0048 

  0x000001fd7bb5c3d4: ;   {runtime_call}
  0x000001fd7bb5c3d4: 83e4 f049 | ba20 ea30 | bdf8 7f00 | 0041 ffd2 

  0x000001fd7bb5c3e4: ;   {section_word}
  0x000001fd7bb5c3e4: f449 bae5 | c3b5 7bfd | 0100 0041 

  0x000001fd7bb5c3f0: ;   {runtime_call DeoptimizationBlob}
  0x000001fd7bb5c3f0: 52e9 aa62 | b8ff f4f4 
[/MachCode]


Compiled method (c1)    8922 1359       1       jdk.internal.loader.BuiltinClassLoader::defineClass (121 bytes)
 total in heap  [0x000001fd7bb40d90,0x000001fd7bb41c28] = 3736
 relocation     [0x000001fd7bb40ee8,0x000001fd7bb41018] = 304
 main code      [0x000001fd7bb41020,0x000001fd7bb41660] = 1600
 stub code      [0x000001fd7bb41660,0x000001fd7bb417a8] = 328
 metadata       [0x000001fd7bb417a8,0x000001fd7bb417f0] = 72
 scopes data    [0x000001fd7bb417f0,0x000001fd7bb41a48] = 600
 scopes pcs     [0x000001fd7bb41a48,0x000001fd7bb41be8] = 416
 dependencies   [0x000001fd7bb41be8,0x000001fd7bb41bf0] = 8
 handler table  [0x000001fd7bb41bf0,0x000001fd7bb41c08] = 24
 nul chk table  [0x000001fd7bb41c08,0x000001fd7bb41c28] = 32

[Constant Pool (empty)]

[MachCode]
[Entry Point]
  # {method} {0x000001fd0b43cbb8} 'defineClass' '(Ljava/lang/String;Ljdk/internal/loader/Resource;)Ljava/lang/Class;' in 'jdk/internal/loader/BuiltinClassLoader'
  # this:     rdx:rdx   = 'jdk/internal/loader/BuiltinClassLoader'
  # parm0:    r8:r8     = 'java/lang/String'
  # parm1:    r9:r9     = 'jdk/internal/loader/Resource'
  #           [sp+0x110]  (sp of caller)
  0x000001fd7bb41020: 448b 5208 | 49bb 0000 | 000b fd01 | 0000 4d03 | d34c 3bd0 

  0x000001fd7bb41034: ;   {runtime_call ic_miss_stub}
  0x000001fd7bb41034: 0f85 46ba | b9ff 660f | 1f44 0000 
[Verified Entry Point]
  0x000001fd7bb41040: 8984 2400 | 90ff ff55 | 4881 ec00 | 0100 0048 | 8994 24a0 | 0000 004c | 8984 2490 | 0000 004c 
  0x000001fd7bb41060: 898c 2498 | 0000 0049 | 8bd1 6666 | 9048 b8ff | ffff ffff 

  0x000001fd7bb41074: ;   {virtual_call}
  0x000001fd7bb41074: ffff ffe8 

  0x000001fd7bb41078: ; ImmutableOopMap {[152]=Oop [160]=Oop [144]=Oop }
                      ;*invokevirtual getCodeSourceURL {reexecute=0 rethrow=0 return_oop=0}
                      ; - jdk.internal.loader.BuiltinClassLoader::defineClass@1 (line 842)
  0x000001fd7bb41078: f4bb d8ff | 4889 8424 | a800 0000 | 4c8b 8424 | 9000 0000 

  0x000001fd7bb4108c: ; implicit exception: dispatches to 0x000001fd7bb41553
  0x000001fd7bb4108c: 418b 7014 | 48c1 e603 

  0x000001fd7bb41094: ; implicit exception: dispatches to 0x000001fd7bb41558
  0x000001fd7bb41094: 8b56 0c45 | 0fbe 4810 | 498b c9c1 | e118 c1f9 | 18d3 fa48 | 8bfa ffcf | 4183 f900 | ba00 0000 
  0x000001fd7bb410b4: 000f 8505 | 0000 00ba | 0100 0000 | 83e2 0183 | fa00 488b | d641 b82e | 0000 004c | 8bcf 0f84 
  0x000001fd7bb410d4: 1100 0000 | 0f1f 8000 

  0x000001fd7bb410dc: ;   {static_call}
  0x000001fd7bb410dc: 0000 00e8 

  0x000001fd7bb410e0: ; ImmutableOopMap {[152]=Oop [160]=Oop [168]=Oop [144]=Oop }
                      ;*invokestatic lastIndexOf {reexecute=0 rethrow=0 return_oop=0}
                      ; - java.lang.String::lastIndexOf@13 (line 2491)
                      ; - java.lang.String::lastIndexOf@8 (line 2453)
                      ; - jdk.internal.loader.BuiltinClassLoader::defineClass@8 (line 845)
  0x000001fd7bb410e0: bc45 c5ff | e90b 0000 | 0066 0f1f 

  0x000001fd7bb410ec: ;   {static_call}
  0x000001fd7bb410ec: 4400 00e8 

  0x000001fd7bb410f0: ; ImmutableOopMap {[152]=Oop [160]=Oop [168]=Oop [144]=Oop }
                      ;*invokestatic lastIndexOf {reexecute=0 rethrow=0 return_oop=0}
                      ; - java.lang.String::lastIndexOf@25 (line 2492)
                      ; - java.lang.String::lastIndexOf@8 (line 2453)
                      ; - jdk.internal.loader.BuiltinClassLoader::defineClass@8 (line 845)
  0x000001fd7bb410f0: 8cc2 b9ff | 83f8 ff0f | 8467 0000 | 0041 b800 | 0000 004c | 8bc8 488b | 9424 9000 

  0x000001fd7bb4110c: ;   {optimized virtual_call}
  0x000001fd7bb4110c: 0000 90e8 

  0x000001fd7bb41110: ; ImmutableOopMap {[152]=Oop [160]=Oop [168]=Oop [144]=Oop }
                      ;*invokevirtual substring {reexecute=0 rethrow=0 return_oop=0}
                      ; - jdk.internal.loader.BuiltinClassLoader::defineClass@23 (line 847)
  0x000001fd7bb41110: ecc0 e2ff | 488b 9424 | 9800 0000 | 4889 8424 | b000 0000 | 9048 b8ff | ffff ffff 

  0x000001fd7bb4112c: ;   {virtual_call}
  0x000001fd7bb4112c: ffff ffe8 

  0x000001fd7bb41130: ; ImmutableOopMap {[152]=Oop [160]=Oop [168]=Oop [144]=Oop [176]=Oop }
                      ;*invokevirtual getManifest {reexecute=0 rethrow=0 return_oop=0}
                      ; - jdk.internal.loader.BuiltinClassLoader::defineClass@29 (line 848)
  0x000001fd7bb41130: 6cbb d8ff | 4c8b 8424 | b000 0000 | 4c8b c848 | 8bbc 24a8 | 0000 0048 | 8b94 24a0 | 0000 0066 
  0x000001fd7bb41150: 0f1f 4400 | 0048 b868 | cd08 0bfd 

  0x000001fd7bb4115c: ;   {virtual_call}
  0x000001fd7bb4115c: 0100 00e8 

  0x000001fd7bb41160: ; ImmutableOopMap {[152]=Oop [160]=Oop [168]=Oop [144]=Oop }
                      ;*invokevirtual defineOrCheckPackage {reexecute=0 rethrow=0 return_oop=0}
                      ; - jdk.internal.loader.BuiltinClassLoader::defineClass@40 (line 849)
  0x000001fd7bb41160: bcf0 ffff | 4c8b 8c24 | 9800 0000 | 488d 9424 | e000 0000 | 4c89 4a08 | 498b 0148 | 83c8 0148 
  0x000001fd7bb41180: 8902 f049 | 0fb1 110f | 8413 0000 | 0048 2bc4 | 4881 e007 | f0ff ff48 | 8902 0f85 | bd03 0000 
  0x000001fd7bb411a0: 418b 510c | 48c1 e203 | 4883 fa00 | 0f85 4700 | 0000 498b | d148 b8ff | ffff ffff 

  0x000001fd7bb411bc: ;   {virtual_call}
  0x000001fd7bb411bc: ffff ffe8 

  0x000001fd7bb411c0: ; ImmutableOopMap {[160]=Oop [168]=Oop [144]=Oop [152]=Oop [232]=Oop }
                      ;*invokevirtual getInputStream {reexecute=0 rethrow=0 return_oop=0}
                      ; - jdk.internal.loader.Resource::cachedInputStream@9 (line 77)
                      ; - jdk.internal.loader.Resource::getByteBuffer@1 (line 163)
                      ; - jdk.internal.loader.BuiltinClassLoader::defineClass@45 (line 853)
  0x000001fd7bb411c0: 3c96 c4ff | 410f be57 | 3883 fa00 | 4c8b 8c24 | 9800 0000 | 0f85 9603 | 0000 4c8b | d049 c1ea 
  0x000001fd7bb411e0: 0345 8951 | 0c49 8bd1 | 4833 d048 | c1ea 1548 | 83fa 000f | 8597 0300 | 0041 8b51 | 0c48 c1e2 
  0x000001fd7bb41200: 0348 8d84 | 24e0 0000 | 0048 8b30 | 4885 f60f | 840f 0000 | 0048 8b78 | 08f0 480f | b137 0f85 
  0x000001fd7bb41220: 8403 0000 | 4883 fa00 | 0f84 4400 

  0x000001fd7bb4122c: ;   {metadata('sun/nio/ByteBuffered')}
  0x000001fd7bb4122c: 0000 48b8 | 3050 0a0b | fd01 0000 | 8b5a 0849 | ba00 0000 | 0bfd 0100 | 0049 03da | 483b 4320 
  0x000001fd7bb4124c: 0f84 2500 | 0000 483b | d80f 841c | 0000 0053 

  0x000001fd7bb4125c: ;   {runtime_call slow_subtype_check Runtime1 stub}
  0x000001fd7bb4125c: 50e8 9e3e | c4ff 5b5b | 83fb 000f | 8405 0000 | 00e9 0500 | 0000 4833 | f6eb 0a48 | be01 0000 
  0x000001fd7bb4127c: 0000 0000 | 0083 fe00 | 0f84 6700 | 0000 4883 | fa00 0f84 | 4400 0000 

  0x000001fd7bb41294: ;   {metadata('sun/nio/ByteBuffered')}
  0x000001fd7bb41294: 48bb 3050 | 0a0b fd01 | 0000 8b7a | 0849 ba00 | 0000 0bfd | 0100 0049 | 03fa 483b | 5f20 0f84 
  0x000001fd7bb412b4: 2000 0000 | 483b fb0f | 8417 0000 

  0x000001fd7bb412c0: ;   {runtime_call slow_subtype_check Runtime1 stub}
  0x000001fd7bb412c0: 0057 53e8 | 383e c4ff | 5f5f 83ff | 000f 84eb | 0200 00e9 | 0000 0000 | 0f1f 4400 | 0048 b8ff 
  0x000001fd7bb412e0: ffff ffff 

  0x000001fd7bb412e4: ;   {virtual_call}
  0x000001fd7bb412e4: ffff ffe8 

  0x000001fd7bb412e8: ; ImmutableOopMap {[160]=Oop [168]=Oop [144]=Oop [152]=Oop }
                      ;*invokeinterface getByteBuffer {reexecute=0 rethrow=0 return_oop=0}
                      ; - jdk.internal.loader.Resource::getByteBuffer@16 (line 165)
                      ; - jdk.internal.loader.BuiltinClassLoader::defineClass@45 (line 853)
  0x000001fd7bb412e8: 94bd b9ff | e90a 0000 

  0x000001fd7bb412f0: ;   {oop(NULL)}
  0x000001fd7bb412f0: 0048 b800 | 0000 0000 | 0000 0048 | 83f8 000f | 84e5 0000 | 0048 8984 | 24b8 0000 | 0048 8b94 
  0x000001fd7bb41310: 2498 0000 | 0048 b8ff | ffff ffff 

  0x000001fd7bb4131c: ;   {virtual_call}
  0x000001fd7bb4131c: ffff ffe8 

  0x000001fd7bb41320: ; ImmutableOopMap {[160]=Oop [168]=Oop [144]=Oop [184]=Oop }
                      ;*invokevirtual getCodeSigners {reexecute=0 rethrow=0 return_oop=0}
                      ; - jdk.internal.loader.BuiltinClassLoader::defineClass@56 (line 855)
  0x000001fd7bb41320: 5cbd b9ff 

  0x000001fd7bb41324: ;   {metadata('java/security/CodeSource')}
  0x000001fd7bb41324: 4c8b c848 | ba30 ee00 | 0bfd 0100 | 0049 8b87 | 0801 0000 | 488d 7828 | 493b bf18 | 0100 000f 
  0x000001fd7bb41344: 877e 0200 | 0049 89bf | 0801 0000 | 48c7 0001 | 0000 0048 | 8bca 49ba | 0000 000b | fd01 0000 
  0x000001fd7bb41364: 492b ca89 | 4808 4833 | c989 480c | 4833 c948 | 8948 1048 | 8948 1848 | 8948 204c | 8b84 24a8 
  0x000001fd7bb41384: 0000 0048 | 8bd0 4889 | 8424 c000 | 0000 0f1f 

  0x000001fd7bb41394: ;   {optimized virtual_call}
  0x000001fd7bb41394: 4400 00e8 

  0x000001fd7bb41398: ; ImmutableOopMap {[160]=Oop [144]=Oop [184]=Oop [192]=Oop }
                      ;*invokespecial <init> {reexecute=0 rethrow=0 return_oop=0}
                      ; - jdk.internal.loader.BuiltinClassLoader::defineClass@68 (line 856)
  0x000001fd7bb41398: e4b9 b9ff | 4c8b 8424 | c000 0000 | 488b 9424 | a000 0000 

  0x000001fd7bb413ac: ;   {optimized virtual_call}
  0x000001fd7bb413ac: 6666 90e8 

  0x000001fd7bb413b0: ; ImmutableOopMap {[160]=Oop [144]=Oop [184]=Oop }
                      ;*invokevirtual getProtectionDomain {reexecute=0 rethrow=0 return_oop=0}
                      ; - java.security.SecureClassLoader::defineClass@5 (line 182)
                      ; - jdk.internal.loader.BuiltinClassLoader::defineClass@79 (line 857)
  0x000001fd7bb413b0: ccb9 b9ff | 4c8b 8424 | 9000 0000 | 4c8b 8c24 | b800 0000 | 488b f848 | 8b94 24a0 

  0x000001fd7bb413cc: ;   {optimized virtual_call}
  0x000001fd7bb413cc: 0000 00e8 

  0x000001fd7bb413d0: ; ImmutableOopMap {}
                      ;*invokevirtual defineClass {reexecute=0 rethrow=0 return_oop=0}
                      ; - java.security.SecureClassLoader::defineClass@8 (line 182)
                      ; - jdk.internal.loader.BuiltinClassLoader::defineClass@79 (line 857)
  0x000001fd7bb413d0: acb9 b9ff | 4881 c400 | 0100 005d 

  0x000001fd7bb413dc: ;   {poll_return}
  0x000001fd7bb413dc: 493b a748 | 0300 000f | 87eb 0100 | 00c3 4c8b | 8c24 9800 | 0000 498b | d148 b8ff | ffff ffff 
  0x000001fd7bb413fc: ;   {virtual_call}
  0x000001fd7bb413fc: ffff ffe8 

  0x000001fd7bb41400: ; ImmutableOopMap {[160]=Oop [144]=Oop [152]=Oop [168]=Oop }
                      ;*invokevirtual getBytes {reexecute=0 rethrow=0 return_oop=0}
                      ; - jdk.internal.loader.BuiltinClassLoader::defineClass@84 (line 859)
  0x000001fd7bb41400: 94b4 d8ff | 4889 8424 | c800 0000 | 488b 9424 | 9800 0000 | 9048 b8ff | ffff ffff 

  0x000001fd7bb4141c: ;   {virtual_call}
  0x000001fd7bb4141c: ffff ffe8 

  0x000001fd7bb41420: ; ImmutableOopMap {[160]=Oop [144]=Oop [168]=Oop [200]=Oop }
                      ;*invokevirtual getCodeSigners {reexecute=0 rethrow=0 return_oop=0}
                      ; - jdk.internal.loader.BuiltinClassLoader::defineClass@90 (line 860)
  0x000001fd7bb41420: 2495 c4ff 

  0x000001fd7bb41424: ;   {metadata('java/security/CodeSource')}
  0x000001fd7bb41424: 4c8b c848 | ba30 ee00 | 0bfd 0100 | 0049 8b87 | 0801 0000 | 488d 7828 | 493b bf18 | 0100 000f 
  0x000001fd7bb41444: 87a1 0100 | 0049 89bf | 0801 0000 | 48c7 0001 | 0000 0048 | 8bca 49ba | 0000 000b | fd01 0000 
  0x000001fd7bb41464: 492b ca89 | 4808 4833 | c989 480c | 4833 c948 | 8948 1048 | 8948 1848 | 8948 204c | 8b84 24a8 
  0x000001fd7bb41484: 0000 0048 | 8bd0 4889 | 8424 d000 | 0000 0f1f 

  0x000001fd7bb41494: ;   {optimized virtual_call}
  0x000001fd7bb41494: 4400 00e8 

  0x000001fd7bb41498: ; ImmutableOopMap {[160]=Oop [144]=Oop [200]=Oop [208]=Oop }
                      ;*invokespecial <init> {reexecute=0 rethrow=0 return_oop=0}
                      ; - jdk.internal.loader.BuiltinClassLoader::defineClass@102 (line 861)
  0x000001fd7bb41498: e4b8 ffff | 488b 8424 | c800 0000 

  0x000001fd7bb414a4: ; implicit exception: dispatches to 0x000001fd7bb415f7
  0x000001fd7bb414a4: 8b70 0c4c | 8b84 24d0 | 0000 0048 | 8b94 24a0 | 0000 0089 | b424 d800 

  0x000001fd7bb414bc: ;   {optimized virtual_call}
  0x000001fd7bb414bc: 0000 90e8 

  0x000001fd7bb414c0: ; ImmutableOopMap {[160]=Oop [144]=Oop [200]=Oop }
                      ;*invokevirtual getProtectionDomain {reexecute=0 rethrow=0 return_oop=0}
                      ; - java.security.SecureClassLoader::defineClass@9 (line 150)
                      ; - jdk.internal.loader.BuiltinClassLoader::defineClass@117 (line 862)
  0x000001fd7bb414c0: 9cb2 ffff | 4c8b 8424 | 9000 0000 | 4c8b 8c24 | c800 0000 | bf00 0000 | 008b b424 | d800 0000 
  0x000001fd7bb414e0: 488b c848 | 8b94 24a0 | 0000 000f 

  0x000001fd7bb414ec: ;   {optimized virtual_call}
  0x000001fd7bb414ec: 1f40 00e8 

  0x000001fd7bb414f0: ; ImmutableOopMap {}
                      ;*invokevirtual defineClass {reexecute=0 rethrow=0 return_oop=0}
                      ; - java.security.SecureClassLoader::defineClass@12 (line 150)
                      ; - jdk.internal.loader.BuiltinClassLoader::defineClass@117 (line 862)
  0x000001fd7bb414f0: 0cad 0100 | 4881 c400 | 0100 005d 

  0x000001fd7bb414fc: ;   {poll_return}
  0x000001fd7bb414fc: 493b a748 | 0300 000f | 87f3 0000 | 00c3 498b | 87d8 0300 | 004d 33d2 | 4d89 97d8 | 0300 004d 
  0x000001fd7bb4151c: 33d2 4d89 | 97e0 0300 | 0048 8bf0 | 488d 8424 | e000 0000 | 488b 3848 | 85ff 0f84 | 0f00 0000 
  0x000001fd7bb4153c: 488b 5808 | f048 0fb1 | 3b0f 85c7 | 0000 0048 | 8bc6 e9f4 

  0x000001fd7bb41550: ;   {runtime_call throw_null_pointer_exception Runtime1 stub}
  0x000001fd7bb41550: 0000 00e8 

  0x000001fd7bb41554: ; ImmutableOopMap {[152]=Oop [160]=Oop rax=Oop [168]=Oop r8=Oop [144]=Oop }
                      ;*invokevirtual lastIndexOf {reexecute=0 rethrow=0 return_oop=0}
                      ; - jdk.internal.loader.BuiltinClassLoader::defineClass@8 (line 845)
  0x000001fd7bb41554: c80b c4ff 

  0x000001fd7bb41558: ;   {runtime_call throw_null_pointer_exception Runtime1 stub}
  0x000001fd7bb41558: e8c3 0bc4 

  0x000001fd7bb4155c: ; ImmutableOopMap {[152]=Oop [160]=Oop rax=Oop [168]=Oop r8=Oop [144]=Oop rsi=Oop }
                      ;*arraylength {reexecute=0 rethrow=0 return_oop=0}
                      ; - java.lang.String::length@4 (line 1483)
                      ; - java.lang.String::lastIndexOf@3 (line 2453)
                      ; - jdk.internal.loader.BuiltinClassLoader::defineClass@8 (line 845)
  0x000001fd7bb4155c: ff4c 894c | 2408 4889 

  0x000001fd7bb41564: ;   {runtime_call monitorenter_nofpu Runtime1 stub}
  0x000001fd7bb41564: 1424 e895 

  0x000001fd7bb41568: ; ImmutableOopMap {[160]=Oop [168]=Oop [144]=Oop r9=Oop [152]=Oop [232]=Oop }
                      ;*synchronization entry
                      ; - jdk.internal.loader.Resource::cachedInputStream@-1 (line 76)
                      ; - jdk.internal.loader.Resource::getByteBuffer@1 (line 163)
                      ; - jdk.internal.loader.BuiltinClassLoader::defineClass@45 (line 853)
  0x000001fd7bb41568: 41c4 ffe9 | 30fc ffff | 418b 510c | 48c1 e203 | 4883 fa00 | 0f84 58fc | ffff 4889 

  0x000001fd7bb41584: ;   {runtime_call g1_pre_barrier_slow}
  0x000001fd7bb41584: 1424 e875 | 68c4 ffe9 | 4afc ffff | 4883 f800 | 0f84 5ffc | ffff 4c89 

  0x000001fd7bb4159c: ;   {runtime_call g1_post_barrier_slow}
  0x000001fd7bb4159c: 0c24 e85d | 6bc4 ffe9 | 51fc ffff | 488d 8424 | e000 0000 | 4889 0424 

  0x000001fd7bb415b4: ;   {runtime_call monitorexit_nofpu Runtime1 stub}
  0x000001fd7bb415b4: e847 47c4 | ffe9 66fc | ffff 4889 

  0x000001fd7bb415c0: ;   {runtime_call throw_class_cast_exception Runtime1 stub}
  0x000001fd7bb415c0: 1424 e859 

  0x000001fd7bb415c4: ; ImmutableOopMap {[160]=Oop [168]=Oop [144]=Oop [152]=Oop }
                      ;*checkcast {reexecute=0 rethrow=0 return_oop=0}
                      ; - jdk.internal.loader.Resource::getByteBuffer@13 (line 165)
                      ; - jdk.internal.loader.BuiltinClassLoader::defineClass@45 (line 853)
  0x000001fd7bb415c4: 35c4 ff48 

  0x000001fd7bb415c8: ;   {runtime_call fast_new_instance Runtime1 stub}
  0x000001fd7bb415c8: 8bd2 e831 

  0x000001fd7bb415cc: ; ImmutableOopMap {[160]=Oop [168]=Oop [144]=Oop [184]=Oop r9=Oop }
                      ;*new {reexecute=0 rethrow=0 return_oop=0}
                      ; - jdk.internal.loader.BuiltinClassLoader::defineClass@61 (line 856)
  0x000001fd7bb415cc: 14c4 ffe9 | abfd ffff 

  0x000001fd7bb415d4: ;   {internal_word}
  0x000001fd7bb415d4: 49ba dc13 | b47b fd01 | 0000 4d89 | 9760 0300 

  0x000001fd7bb415e4: ;   {runtime_call SafepointBlob}
  0x000001fd7bb415e4: 00e9 161e | baff 488b 

  0x000001fd7bb415ec: ;   {runtime_call fast_new_instance Runtime1 stub}
  0x000001fd7bb415ec: d2e8 0e14 

  0x000001fd7bb415f0: ; ImmutableOopMap {[160]=Oop [144]=Oop [168]=Oop [200]=Oop r9=Oop }
                      ;*new {reexecute=0 rethrow=0 return_oop=0}
                      ; - jdk.internal.loader.BuiltinClassLoader::defineClass@95 (line 861)
  0x000001fd7bb415f0: c4ff e988 

  0x000001fd7bb415f4: ;   {runtime_call throw_null_pointer_exception Runtime1 stub}
  0x000001fd7bb415f4: feff ffe8 

  0x000001fd7bb415f8: ; ImmutableOopMap {[160]=Oop [144]=Oop [208]=Oop rax=Oop [200]=Oop }
                      ;*arraylength {reexecute=0 rethrow=0 return_oop=0}
                      ; - jdk.internal.loader.BuiltinClassLoader::defineClass@114 (line 862)
  0x000001fd7bb415f8: 240b c4ff 

  0x000001fd7bb415fc: ;   {internal_word}
  0x000001fd7bb415fc: 49ba fc14 | b47b fd01 | 0000 4d89 | 9760 0300 

  0x000001fd7bb4160c: ;   {runtime_call SafepointBlob}
  0x000001fd7bb4160c: 00e9 ee1d | baff 488d | 8424 e000 | 0000 4889 

  0x000001fd7bb4161c: ;   {runtime_call monitorexit_nofpu Runtime1 stub}
  0x000001fd7bb4161c: 0424 e8dd | 46c4 ffe9 | 23ff ffff | 9090 498b | 87d8 0300 | 0049 c787 | d803 0000 | 0000 0000 
  0x000001fd7bb4163c: 49c7 87e0 | 0300 0000 | 0000 0048 | 81c4 0001 

  0x000001fd7bb4164c: ;   {runtime_call unwind_exception Runtime1 stub}
  0x000001fd7bb4164c: 0000 5de9 | acf8 c3ff | f4f4 f4f4 | f4f4 f4f4 | f4f4 f4f4 
[Stub Code]
  0x000001fd7bb41660: ;   {no_reloc}
  0x000001fd7bb41660: 0f1f 4400 

  0x000001fd7bb41664: ;   {static_stub}
  0x000001fd7bb41664: 0048 bb00 | 0000 0000 

  0x000001fd7bb4166c: ;   {runtime_call}
  0x000001fd7bb4166c: 0000 00e9 | fbff ffff 

  0x000001fd7bb41674: ;   {static_stub}
  0x000001fd7bb41674: 9048 bb00 | 0000 0000 

  0x000001fd7bb4167c: ;   {runtime_call}
  0x000001fd7bb4167c: 0000 00e9 | fbff ffff 

  0x000001fd7bb41684: ;   {static_stub}
  0x000001fd7bb41684: 9048 bb00 | 0000 0000 

  0x000001fd7bb4168c: ;   {runtime_call}
  0x000001fd7bb4168c: 0000 00e9 | fbff ffff 

  0x000001fd7bb41694: ;   {static_stub}
  0x000001fd7bb41694: 9048 bb00 | 0000 0000 

  0x000001fd7bb4169c: ;   {runtime_call}
  0x000001fd7bb4169c: 0000 00e9 | fbff ffff 

  0x000001fd7bb416a4: ;   {static_stub}
  0x000001fd7bb416a4: 9048 bb00 | 0000 0000 

  0x000001fd7bb416ac: ;   {runtime_call}
  0x000001fd7bb416ac: 0000 00e9 | fbff ffff 

  0x000001fd7bb416b4: ;   {static_stub}
  0x000001fd7bb416b4: 9048 bb00 | 0000 0000 

  0x000001fd7bb416bc: ;   {runtime_call}
  0x000001fd7bb416bc: 0000 00e9 | fbff ffff 

  0x000001fd7bb416c4: ;   {static_stub}
  0x000001fd7bb416c4: 9048 bb00 | 0000 0000 

  0x000001fd7bb416cc: ;   {runtime_call}
  0x000001fd7bb416cc: 0000 00e9 | fbff ffff 

  0x000001fd7bb416d4: ;   {static_stub}
  0x000001fd7bb416d4: 9048 bb00 | 0000 0000 

  0x000001fd7bb416dc: ;   {runtime_call}
  0x000001fd7bb416dc: 0000 00e9 | fbff ffff 

  0x000001fd7bb416e4: ;   {static_stub}
  0x000001fd7bb416e4: 9048 bb00 | 0000 0000 

  0x000001fd7bb416ec: ;   {runtime_call}
  0x000001fd7bb416ec: 0000 00e9 | fbff ffff 

  0x000001fd7bb416f4: ;   {static_stub}
  0x000001fd7bb416f4: 9048 bb00 | 0000 0000 

  0x000001fd7bb416fc: ;   {runtime_call}
  0x000001fd7bb416fc: 0000 00e9 | fbff ffff 

  0x000001fd7bb41704: ;   {static_stub}
  0x000001fd7bb41704: 9048 bb00 | 0000 0000 

  0x000001fd7bb4170c: ;   {runtime_call}
  0x000001fd7bb4170c: 0000 00e9 | fbff ffff 

  0x000001fd7bb41714: ;   {static_stub}
  0x000001fd7bb41714: 9048 bb00 | 0000 0000 

  0x000001fd7bb4171c: ;   {runtime_call}
  0x000001fd7bb4171c: 0000 00e9 | fbff ffff 

  0x000001fd7bb41724: ;   {static_stub}
  0x000001fd7bb41724: 9048 bb00 | 0000 0000 

  0x000001fd7bb4172c: ;   {runtime_call}
  0x000001fd7bb4172c: 0000 00e9 | fbff ffff 

  0x000001fd7bb41734: ;   {static_stub}
  0x000001fd7bb41734: 9048 bb00 | 0000 0000 

  0x000001fd7bb4173c: ;   {runtime_call}
  0x000001fd7bb4173c: 0000 00e9 | fbff ffff 

  0x000001fd7bb41744: ;   {static_stub}
  0x000001fd7bb41744: 9048 bb00 | 0000 0000 

  0x000001fd7bb4174c: ;   {runtime_call}
  0x000001fd7bb4174c: 0000 00e9 | fbff ffff 

  0x000001fd7bb41754: ;   {static_stub}
  0x000001fd7bb41754: 9048 bb00 | 0000 0000 

  0x000001fd7bb4175c: ;   {runtime_call}
  0x000001fd7bb4175c: 0000 00e9 | fbff ffff 

  0x000001fd7bb41764: ;   {static_stub}
  0x000001fd7bb41764: 9048 bbe0 | 0b01 0bfd 

  0x000001fd7bb4176c: ;   {runtime_call I2C/C2I adapters}
  0x000001fd7bb4176c: 0100 00e9 | 7719 b9ff 
[Exception Handler]
  0x000001fd7bb41774: ;   {runtime_call handle_exception_from_callee Runtime1 stub}
  0x000001fd7bb41774: e887 2ac4 

  0x000001fd7bb41778: ;   {external_word}
  0x000001fd7bb41778: ff48 b990 | 0063 bdf8 | 7f00 0048 

  0x000001fd7bb41784: ;   {runtime_call}
  0x000001fd7bb41784: 83e4 f049 | ba20 ea30 | bdf8 7f00 | 0041 ffd2 

  0x000001fd7bb41794: ;   {section_word}
  0x000001fd7bb41794: f449 ba95 | 17b4 7bfd | 0100 0041 

  0x000001fd7bb417a0: ;   {runtime_call DeoptimizationBlob}
  0x000001fd7bb417a0: 52e9 fa0e | baff f4f4 
[/MachCode]


---------------  P R O C E S S  ---------------

Threads class SMR info:
_java_thread_list=0x000001fd51ca4ff0, length=23, elements={
0x000001fd73e33ff0, 0x000001fd0a409120, 0x000001fd0a40c380, 0x000001fd0a414d30,
0x000001fd0a417dc0, 0x000001fd0a41c0e0, 0x000001fd0a41e6c0, 0x000001fd0a421150,
0x000001fd0a4251f0, 0x000001fd0aacdb50, 0x000001fd0ad8e2e0, 0x000001fd0ad8e7c0,
0x000001fd505997b0, 0x000001fd506527f0, 0x000001fd507f99f0, 0x000001fd507fcc90,
0x000001fd50f09840, 0x000001fd50f57bc0, 0x000001fd50fcfa60, 0x000001fd507fc270,
0x000001fd507fb340, 0x000001fd507fa410, 0x000001fd507fa920
}

Java Threads: ( => current thread )
=>0x000001fd73e33ff0 JavaThread "main" [_thread_in_vm, id=19076, stack(0x00000098c9000000,0x00000098c9100000)]
  0x000001fd0a409120 JavaThread "Reference Handler" daemon [_thread_blocked, id=21316, stack(0x00000098c9700000,0x00000098c9800000)]
  0x000001fd0a40c380 JavaThread "Finalizer" daemon [_thread_blocked, id=22680, stack(0x00000098c9800000,0x00000098c9900000)]
  0x000001fd0a414d30 JavaThread "Signal Dispatcher" daemon [_thread_blocked, id=20040, stack(0x00000098c9900000,0x00000098c9a00000)]
  0x000001fd0a417dc0 JavaThread "Attach Listener" daemon [_thread_blocked, id=16756, stack(0x00000098c9a00000,0x00000098c9b00000)]
  0x000001fd0a41c0e0 JavaThread "Service Thread" daemon [_thread_blocked, id=20840, stack(0x00000098c9b00000,0x00000098c9c00000)]
  0x000001fd0a41e6c0 JavaThread "Monitor Deflation Thread" daemon [_thread_blocked, id=15244, stack(0x00000098c9c00000,0x00000098c9d00000)]
  0x000001fd0a421150 JavaThread "C1 CompilerThread0" daemon [_thread_blocked, id=21352, stack(0x00000098c9d00000,0x00000098c9e00000)]
  0x000001fd0a4251f0 JavaThread "Sweeper thread" daemon [_thread_blocked, id=15728, stack(0x00000098c9e00000,0x00000098c9f00000)]
  0x000001fd0aacdb50 JavaThread "Common-Cleaner" daemon [_thread_blocked, id=1544, stack(0x00000098c9f00000,0x00000098ca000000)]
  0x000001fd0ad8e2e0 JavaThread "Monitor Ctrl-Break" daemon [_thread_in_native, id=21432, stack(0x00000098ca300000,0x00000098ca400000)]
  0x000001fd0ad8e7c0 JavaThread "Notification Thread" daemon [_thread_blocked, id=8748, stack(0x00000098ca400000,0x00000098ca500000)]
  0x000001fd505997b0 JavaThread "RMI TCP Accept-0" daemon [_thread_in_native, id=22900, stack(0x00000098ca500000,0x00000098ca600000)]
  0x000001fd506527f0 JavaThread "RMI TCP Connection(1)-169.254.248.15" daemon [_thread_in_native, id=22048, stack(0x00000098ca700000,0x00000098ca800000)]
  0x000001fd507f99f0 JavaThread "RMI Scheduler(0)" daemon [_thread_blocked, id=23320, stack(0x00000098ca800000,0x00000098ca900000)]
  0x000001fd507fcc90 JavaThread "spring.cloud.inetutils" daemon [_thread_in_native, id=19156, stack(0x00000098ca000000,0x00000098ca100000)]
  0x000001fd50f09840 JavaThread "C1 CompilerThread1" daemon [_thread_blocked, id=20076, stack(0x00000098ca100000,0x00000098ca200000)]
  0x000001fd50f57bc0 JavaThread "C1 CompilerThread2" daemon [_thread_blocked, id=23448, stack(0x00000098ca200000,0x00000098ca300000)]
  0x000001fd50fcfa60 JavaThread "C1 CompilerThread3" daemon [_thread_blocked, id=16416, stack(0x00000098cb200000,0x00000098cb300000)]
  0x000001fd507fc270 JavaThread "Keep-Alive-Timer" daemon [_thread_blocked, id=4416, stack(0x00000098cb500000,0x00000098cb600000)]
  0x000001fd507fb340 JavaThread "Catalina-utility-1" [_thread_blocked, id=4072, stack(0x00000098ca900000,0x00000098caa00000)]
  0x000001fd507fa410 JavaThread "Catalina-utility-2" [_thread_blocked, id=20608, stack(0x00000098cb600000,0x00000098cb700000)]
  0x000001fd507fa920 JavaThread "container-0" [_thread_blocked, id=21484, stack(0x00000098cb700000,0x00000098cb800000)]

Other Threads:
  0x000001fd0a404140 VMThread "VM Thread" [stack: 0x00000098c9600000,0x00000098c9700000] [id=2344]
  0x000001fd50615ce0 WatcherThread [stack: 0x00000098ca600000,0x00000098ca700000] [id=22960]
  0x000001fd73e9c5d0 GCTaskThread "GC Thread#0" [stack: 0x00000098c9100000,0x00000098c9200000] [id=21128]
  0x000001fd50d97890 GCTaskThread "GC Thread#1" [stack: 0x00000098caa00000,0x00000098cab00000] [id=10084]
  0x000001fd50dbd8b0 GCTaskThread "GC Thread#2" [stack: 0x00000098cab00000,0x00000098cac00000] [id=22908]
  0x000001fd50dbdb70 GCTaskThread "GC Thread#3" [stack: 0x00000098cac00000,0x00000098cad00000] [id=21304]
  0x000001fd50dbe640 GCTaskThread "GC Thread#4" [stack: 0x00000098cad00000,0x00000098cae00000] [id=20832]
  0x000001fd50dc6910 GCTaskThread "GC Thread#5" [stack: 0x00000098cae00000,0x00000098caf00000] [id=1776]
  0x000001fd50dfa5a0 GCTaskThread "GC Thread#6" [stack: 0x00000098caf00000,0x00000098cb000000] [id=23440]
  0x000001fd50dfa860 GCTaskThread "GC Thread#7" [stack: 0x00000098cb000000,0x00000098cb100000] [id=23520]
  0x000001fd73ead3f0 ConcurrentGCThread "G1 Main Marker" [stack: 0x00000098c9200000,0x00000098c9300000] [id=14808]
  0x000001fd73eaea10 ConcurrentGCThread "G1 Conc#0" [stack: 0x00000098c9300000,0x00000098c9400000] [id=17800]
  0x000001fd513ee430 ConcurrentGCThread "G1 Conc#1" [stack: 0x00000098cb300000,0x00000098cb400000] [id=20568]
  0x000001fd0a3378d0 ConcurrentGCThread "G1 Refine#0" [stack: 0x00000098c9400000,0x00000098c9500000] [id=19348]
  0x000001fd50dd8ab0 ConcurrentGCThread "G1 Refine#1" [stack: 0x00000098cb100000,0x00000098cb200000] [id=4828]
  0x000001fd0a338300 ConcurrentGCThread "G1 Service" [stack: 0x00000098c9500000,0x00000098c9600000] [id=16724]

Threads with active compile tasks:

VM state: not at safepoint (normal execution)

VM Mutex/Monitor currently owned by a thread: None

Heap address: 0x0000000702000000, size: 4064 MB, Compressed Oops mode: Zero based, Oop shift amount: 3

CDS archive(s) mapped at: [0x000001fd0b000000-0x000001fd0bbd0000-0x000001fd0bbd0000), size 12386304, SharedBaseAddress: 0x000001fd0b000000, ArchiveRelocationMode: 1.
Compressed class space mapped at: 0x000001fd0c000000-0x000001fd4c000000, reserved size: 1073741824
Narrow klass base: 0x000001fd0b000000, Narrow klass shift: 0, Narrow klass range: 0x100000000

GC Precious Log:
 CPUs: 8 total, 8 available
 Memory: 16254M
 Large Page Support: Disabled
 NUMA Support: Disabled
 Compressed Oops: Enabled (Zero based)
 Heap Region Size: 2M
 Heap Min Capacity: 8M
 Heap Initial Capacity: 254M
 Heap Max Capacity: 4064M
 Pre-touch: Disabled
 Parallel Workers: 8
 Concurrent Workers: 2
 Concurrent Refinement Workers: 8
 Periodic GC: Disabled

Heap:
 garbage-first heap   total 90112K, used 46841K [0x0000000702000000, 0x0000000800000000)
  region size 2048K, 16 young (32768K), 3 survivors (6144K)
 Metaspace       used 37564K, committed 37952K, reserved 1114112K
  class space    used 5358K, committed 5504K, reserved 1048576K

Heap Regions: E=young(eden), S=young(survivor), O=old, HS=humongous(starts), HC=humongous(continues), CS=collection set, F=free, OA=open archive, CA=closed archive, TAMS=top-at-mark-start (previous, next)
|   0|0x0000000702000000, 0x0000000702200000, 0x0000000702200000|100%| O|  |TAMS 0x0000000702200000, 0x0000000702000000| Untracked 
|   1|0x0000000702200000, 0x0000000702400000, 0x0000000702400000|100%| O|  |TAMS 0x0000000702400000, 0x0000000702200000| Untracked 
|   2|0x0000000702400000, 0x0000000702600000, 0x0000000702600000|100%| O|  |TAMS 0x0000000702600000, 0x0000000702400000| Untracked 
|   3|0x0000000702600000, 0x0000000702800000, 0x0000000702800000|100%| O|  |TAMS 0x0000000702800000, 0x0000000702600000| Untracked 
|   4|0x0000000702800000, 0x000000070285ac00, 0x0000000702a00000| 17%| O|  |TAMS 0x0000000702800000, 0x0000000702800000| Complete 
|   5|0x0000000702a00000, 0x0000000702c00000, 0x0000000702c00000|100%| O|  |TAMS 0x0000000702c00000, 0x0000000702a00000| Untracked 
|   6|0x0000000702c00000, 0x0000000702e00000, 0x0000000702e00000|100%| O|  |TAMS 0x0000000702e00000, 0x0000000702c00000| Untracked 
|   7|0x0000000702e00000, 0x0000000703000000, 0x0000000703000000|100%| O|  |TAMS 0x0000000703000000, 0x0000000702e00000| Untracked 
|   8|0x0000000703000000, 0x0000000703000000, 0x0000000703200000|  0%| F|  |TAMS 0x0000000703000000, 0x0000000703000000| Untracked 
|   9|0x0000000703200000, 0x0000000703200000, 0x0000000703400000|  0%| F|  |TAMS 0x0000000703200000, 0x0000000703200000| Untracked 
|  10|0x0000000703400000, 0x0000000703400000, 0x0000000703600000|  0%| F|  |TAMS 0x0000000703400000, 0x0000000703400000| Untracked 
|  11|0x0000000703600000, 0x0000000703600000, 0x0000000703800000|  0%| F|  |TAMS 0x0000000703600000, 0x0000000703600000| Untracked 
|  12|0x0000000703800000, 0x0000000703a00000, 0x0000000703a00000|100%| O|  |TAMS 0x000000070390dc00, 0x0000000703800000| Untracked 
|  13|0x0000000703a00000, 0x0000000703a00000, 0x0000000703c00000|  0%| F|  |TAMS 0x0000000703a00000, 0x0000000703a00000| Untracked 
|  14|0x0000000703c00000, 0x0000000703c00000, 0x0000000703e00000|  0%| F|  |TAMS 0x0000000703c00000, 0x0000000703c00000| Untracked 
|  15|0x0000000703e00000, 0x0000000703e00000, 0x0000000704000000|  0%| F|  |TAMS 0x0000000703e00000, 0x0000000703e00000| Untracked 
|  16|0x0000000704000000, 0x0000000704000000, 0x0000000704200000|  0%| F|  |TAMS 0x0000000704000000, 0x0000000704000000| Untracked 
|  17|0x0000000704200000, 0x0000000704200000, 0x0000000704400000|  0%| F|  |TAMS 0x0000000704200000, 0x0000000704200000| Untracked 
|  18|0x0000000704400000, 0x0000000704400000, 0x0000000704600000|  0%| F|  |TAMS 0x0000000704400000, 0x0000000704400000| Untracked 
|  19|0x0000000704600000, 0x0000000704600000, 0x0000000704800000|  0%| F|  |TAMS 0x0000000704600000, 0x0000000704600000| Untracked 
|  20|0x0000000704800000, 0x0000000704800000, 0x0000000704a00000|  0%| F|  |TAMS 0x0000000704800000, 0x0000000704800000| Untracked 
|  21|0x0000000704a00000, 0x0000000704a00000, 0x0000000704c00000|  0%| F|  |TAMS 0x0000000704a00000, 0x0000000704a00000| Untracked 
|  22|0x0000000704c00000, 0x0000000704c00000, 0x0000000704e00000|  0%| F|  |TAMS 0x0000000704c00000, 0x0000000704c00000| Untracked 
|  23|0x0000000704e00000, 0x0000000704e00000, 0x0000000705000000|  0%| F|  |TAMS 0x0000000704e00000, 0x0000000704e00000| Untracked 
|  24|0x0000000705000000, 0x0000000705000000, 0x0000000705200000|  0%| F|  |TAMS 0x0000000705000000, 0x0000000705000000| Untracked 
|  25|0x0000000705200000, 0x0000000705200000, 0x0000000705400000|  0%| F|  |TAMS 0x0000000705200000, 0x0000000705200000| Untracked 
|  26|0x0000000705400000, 0x0000000705400000, 0x0000000705600000|  0%| F|  |TAMS 0x0000000705400000, 0x0000000705400000| Untracked 
|  27|0x0000000705600000, 0x0000000705600000, 0x0000000705800000|  0%| F|  |TAMS 0x0000000705600000, 0x0000000705600000| Untracked 
|  28|0x0000000705800000, 0x000000070582b028, 0x0000000705a00000|  8%| E|  |TAMS 0x0000000705800000, 0x0000000705800000| Complete 
|  29|0x0000000705a00000, 0x0000000705c00000, 0x0000000705c00000|100%| E|CS|TAMS 0x0000000705a00000, 0x0000000705a00000| Complete 
|  30|0x0000000705c00000, 0x0000000705e00000, 0x0000000705e00000|100%| E|CS|TAMS 0x0000000705c00000, 0x0000000705c00000| Complete 
|  31|0x0000000705e00000, 0x0000000706000000, 0x0000000706000000|100%| E|CS|TAMS 0x0000000705e00000, 0x0000000705e00000| Complete 
|  32|0x0000000706000000, 0x0000000706200000, 0x0000000706200000|100%| E|CS|TAMS 0x0000000706000000, 0x0000000706000000| Complete 
|  33|0x0000000706200000, 0x0000000706400000, 0x0000000706400000|100%| E|CS|TAMS 0x0000000706200000, 0x0000000706200000| Complete 
|  34|0x0000000706400000, 0x0000000706600000, 0x0000000706600000|100%| E|CS|TAMS 0x0000000706400000, 0x0000000706400000| Complete 
|  35|0x0000000706600000, 0x0000000706800000, 0x0000000706800000|100%| E|CS|TAMS 0x0000000706600000, 0x0000000706600000| Complete 
|  36|0x0000000706800000, 0x0000000706a00000, 0x0000000706a00000|100%| E|CS|TAMS 0x0000000706800000, 0x0000000706800000| Complete 
|  37|0x0000000706a00000, 0x0000000706c00000, 0x0000000706c00000|100%| E|CS|TAMS 0x0000000706a00000, 0x0000000706a00000| Complete 
|  38|0x0000000706c00000, 0x0000000706e00000, 0x0000000706e00000|100%| E|CS|TAMS 0x0000000706c00000, 0x0000000706c00000| Complete 
|  39|0x0000000706e00000, 0x0000000707000000, 0x0000000707000000|100%| E|CS|TAMS 0x0000000706e00000, 0x0000000706e00000| Complete 
| 118|0x0000000710c00000, 0x0000000710d63920, 0x0000000710e00000| 69%| S|CS|TAMS 0x0000000710c00000, 0x0000000710c00000| Complete 
| 119|0x0000000710e00000, 0x0000000711000000, 0x0000000711000000|100%| S|CS|TAMS 0x0000000710e00000, 0x0000000710e00000| Complete 
| 120|0x0000000711000000, 0x0000000711200000, 0x0000000711200000|100%| S|CS|TAMS 0x0000000711000000, 0x0000000711000000| Complete 
| 126|0x0000000711c00000, 0x0000000711e00000, 0x0000000711e00000|100%| E|CS|TAMS 0x0000000711c00000, 0x0000000711c00000| Complete 

Card table byte_map: [0x000001fd7ef90000,0x000001fd7f780000] _byte_map_base: 0x000001fd7b780000

Marking Bits (Prev, Next): (CMBitMap*) 0x000001fd73e9cbf0, (CMBitMap*) 0x000001fd73e9cc30
 Prev Bits: [0x000001fd00000000, 0x000001fd03f80000)
 Next Bits: [0x000001fd03f80000, 0x000001fd07f00000)

Polling page: 0x000001fd71d00000

Metaspace:

Usage:
  Non-class:     31.45 MB used.
      Class:      5.23 MB used.
       Both:     36.68 MB used.

Virtual space:
  Non-class space:       64.00 MB reserved,      31.69 MB ( 50%) committed,  1 nodes.
      Class space:        1.00 GB reserved,       5.38 MB ( <1%) committed,  1 nodes.
             Both:        1.06 GB reserved,      37.06 MB (  3%) committed. 

Chunk freelists:
   Non-Class:  15.94 MB
       Class:  10.51 MB
        Both:  26.44 MB

MaxMetaspaceSize: unlimited
CompressedClassSpaceSize: 1.00 GB
Initial GC threshold: 21.00 MB
Current GC threshold: 59.06 MB
CDS: on
MetaspaceReclaimPolicy: balanced
 - commit_granule_bytes: 65536.
 - commit_granule_words: 8192.
 - virtual_space_node_default_size: 8388608.
 - enlarge_chunks_in_place: 1.
 - new_chunks_are_fully_committed: 0.
 - uncommit_free_chunks: 1.
 - use_allocation_guard: 0.
 - handle_deallocations: 1.


Internal statistics:

num_allocs_failed_limit: 6.
num_arena_births: 480.
num_arena_deaths: 0.
num_vsnodes_births: 2.
num_vsnodes_deaths: 0.
num_space_committed: 593.
num_space_uncommitted: 0.
num_chunks_returned_to_freelist: 6.
num_chunks_taken_from_freelist: 1817.
num_chunk_merges: 6.
num_chunk_splits: 1265.
num_chunks_enlarged: 946.
num_inconsistent_stats: 0.

CodeCache: size=49152Kb used=10439Kb max_used=10439Kb free=38712Kb
 bounds [0x000001fd7b690000, 0x000001fd7c0d0000, 0x000001fd7e690000]
 total_blobs=5181 nmethods=4659 adapters=446
 compilation: enabled
              stopped_count=0, restarted_count=0
 full_count=0

Compilation events (20 events):
Event: 8.614 Thread 0x000001fd50fcfa60 nmethod 4645 0x000001fd7c0bc690 code [0x000001fd7c0bc820, 0x000001fd7c0bc908]
Event: 8.615 Thread 0x000001fd50f09840 nmethod 4644 0x000001fd7c0bc990 code [0x000001fd7c0bcb60, 0x000001fd7c0bcdd8]
Event: 8.615 Thread 0x000001fd50f09840 4646   !   1       sun.net.www.protocol.jar.Handler::hashCode (113 bytes)
Event: 8.616 Thread 0x000001fd50f09840 nmethod 4646 0x000001fd7c0bcf90 code [0x000001fd7c0bd1c0, 0x000001fd7c0bd6c8]
Event: 8.640 Thread 0x000001fd0a421150 4647       1       org.springframework.beans.factory.support.AbstractAutowireCapableBeanFactory::getInstantiationStrategy (5 bytes)
Event: 8.640 Thread 0x000001fd0a421150 nmethod 4647 0x000001fd7c0bda90 code [0x000001fd7c0bdc20, 0x000001fd7c0bdcf8]
Event: 8.646 Thread 0x000001fd50f09840 4648       1       java.lang.reflect.Method::acquireMethodAccessor (44 bytes)
Event: 8.646 Thread 0x000001fd0a421150 4649       1       jdk.internal.reflect.ReflectionFactory::newMethodAccessor (120 bytes)
Event: 8.646 Thread 0x000001fd50f57bc0 4650       1       jdk.internal.reflect.Reflection::isCallerSensitive (24 bytes)
Event: 8.646 Thread 0x000001fd50fcfa60 4651       1       jdk.internal.reflect.NativeMethodAccessorImpl::<init> (10 bytes)
Event: 8.646 Thread 0x000001fd50fcfa60 nmethod 4651 0x000001fd7c0bdd90 code [0x000001fd7c0bdf20, 0x000001fd7c0be038]
Event: 8.646 Thread 0x000001fd50fcfa60 4652       1       jdk.internal.reflect.DelegatingMethodAccessorImpl::<init> (10 bytes)
Event: 8.646 Thread 0x000001fd50f09840 nmethod 4648 0x000001fd7c0be090 code [0x000001fd7c0be260, 0x000001fd7c0be558]
Event: 8.646 Thread 0x000001fd50fcfa60 nmethod 4652 0x000001fd7c0be690 code [0x000001fd7c0be820, 0x000001fd7c0be938]
Event: 8.648 Thread 0x000001fd0a421150 nmethod 4649 0x000001fd7c0be990 code [0x000001fd7c0bec00, 0x000001fd7c0bf418]
Event: 8.648 Thread 0x000001fd50f57bc0 nmethod 4650 0x000001fd7c0bf810 code [0x000001fd7c0bfa40, 0x000001fd7c0bff58]
Event: 8.661 Thread 0x000001fd50f57bc0 4653       1       org.springframework.core.type.filter.AbstractTypeHierarchyTraversingFilter::<init> (26 bytes)
Event: 8.661 Thread 0x000001fd50f57bc0 nmethod 4653 0x000001fd7c0c0290 code [0x000001fd7c0c0440, 0x000001fd7c0c05f8]
Event: 8.665 Thread 0x000001fd50f57bc0 4654       1       jdk.internal.loader.BuiltinClassLoader$1::hasMoreElements (5 bytes)
Event: 8.665 Thread 0x000001fd50f57bc0 nmethod 4654 0x000001fd7c0c0710 code [0x000001fd7c0c08a0, 0x000001fd7c0c0988]

GC Heap History (18 events):
Event: 1.269 GC heap before
{Heap before GC invocations=0 (full 0):
 garbage-first heap   total 260096K, used 20480K [0x0000000702000000, 0x0000000800000000)
  region size 2048K, 11 young (22528K), 0 survivors (0K)
 Metaspace       used 6058K, committed 6272K, reserved 1114112K
  class space    used 748K, committed 832K, reserved 1048576K
}
Event: 1.279 GC heap after
{Heap after GC invocations=1 (full 0):
 garbage-first heap   total 260096K, used 9474K [0x0000000702000000, 0x0000000800000000)
  region size 2048K, 2 young (4096K), 2 survivors (4096K)
 Metaspace       used 6058K, committed 6272K, reserved 1114112K
  class space    used 748K, committed 832K, reserved 1048576K
}
Event: 1.813 GC heap before
{Heap before GC invocations=1 (full 0):
 garbage-first heap   total 260096K, used 23810K [0x0000000702000000, 0x0000000800000000)
  region size 2048K, 9 young (18432K), 2 survivors (4096K)
 Metaspace       used 9368K, committed 9536K, reserved 1114112K
  class space    used 1221K, committed 1280K, reserved 1048576K
}
Event: 1.819 GC heap after
{Heap after GC invocations=2 (full 0):
 garbage-first heap   total 260096K, used 10652K [0x0000000702000000, 0x0000000800000000)
  region size 2048K, 1 young (2048K), 1 survivors (2048K)
 Metaspace       used 9368K, committed 9536K, reserved 1114112K
  class space    used 1221K, committed 1280K, reserved 1048576K
}
Event: 4.905 GC heap before
{Heap before GC invocations=2 (full 0):
 garbage-first heap   total 260096K, used 59804K [0x0000000702000000, 0x0000000800000000)
  region size 2048K, 26 young (53248K), 1 survivors (2048K)
 Metaspace       used 19243K, committed 19584K, reserved 1114112K
  class space    used 2654K, committed 2816K, reserved 1048576K
}
Event: 4.911 GC heap after
{Heap after GC invocations=3 (full 0):
 garbage-first heap   total 260096K, used 13773K [0x0000000702000000, 0x0000000800000000)
  region size 2048K, 3 young (6144K), 3 survivors (6144K)
 Metaspace       used 19243K, committed 19584K, reserved 1114112K
  class space    used 2654K, committed 2816K, reserved 1048576K
}
Event: 5.022 GC heap before
{Heap before GC invocations=3 (full 0):
 garbage-first heap   total 260096K, used 21965K [0x0000000702000000, 0x0000000800000000)
  region size 2048K, 9 young (18432K), 3 survivors (6144K)
 Metaspace       used 21199K, committed 21504K, reserved 1114112K
  class space    used 2875K, committed 3072K, reserved 1048576K
}
Event: 5.026 GC heap after
{Heap after GC invocations=4 (full 0):
 garbage-first heap   total 260096K, used 14754K [0x0000000702000000, 0x0000000800000000)
  region size 2048K, 3 young (6144K), 3 survivors (6144K)
 Metaspace       used 21199K, committed 21504K, reserved 1114112K
  class space    used 2875K, committed 3072K, reserved 1048576K
}
Event: 5.501 GC heap before
{Heap before GC invocations=5 (full 0):
 garbage-first heap   total 61440K, used 43426K [0x0000000702000000, 0x0000000800000000)
  region size 2048K, 18 young (36864K), 3 survivors (6144K)
 Metaspace       used 23359K, committed 23744K, reserved 1114112K
  class space    used 3230K, committed 3392K, reserved 1048576K
}
Event: 5.511 GC heap after
{Heap after GC invocations=6 (full 0):
 garbage-first heap   total 61440K, used 15755K [0x0000000702000000, 0x0000000800000000)
  region size 2048K, 4 young (8192K), 4 survivors (8192K)
 Metaspace       used 23359K, committed 23744K, reserved 1114112K
  class space    used 3230K, committed 3392K, reserved 1048576K
}
Event: 5.551 GC heap before
{Heap before GC invocations=6 (full 0):
 garbage-first heap   total 61440K, used 15755K [0x0000000702000000, 0x0000000800000000)
  region size 2048K, 5 young (10240K), 4 survivors (8192K)
 Metaspace       used 23748K, committed 24128K, reserved 1114112K
  class space    used 3276K, committed 3456K, reserved 1048576K
}
Event: 5.560 GC heap after
{Heap after GC invocations=7 (full 0):
 garbage-first heap   total 61440K, used 16565K [0x0000000702000000, 0x0000000800000000)
  region size 2048K, 1 young (2048K), 1 survivors (2048K)
 Metaspace       used 23748K, committed 24128K, reserved 1114112K
  class space    used 3276K, committed 3456K, reserved 1048576K
}
Event: 6.130 GC heap before
{Heap before GC invocations=7 (full 0):
 garbage-first heap   total 61440K, used 39093K [0x0000000702000000, 0x0000000800000000)
  region size 2048K, 12 young (24576K), 1 survivors (2048K)
 Metaspace       used 26785K, committed 27200K, reserved 1114112K
  class space    used 3839K, committed 4032K, reserved 1048576K
}
Event: 6.135 GC heap after
{Heap after GC invocations=8 (full 0):
 garbage-first heap   total 161792K, used 17113K [0x0000000702000000, 0x0000000800000000)
  region size 2048K, 1 young (2048K), 1 survivors (2048K)
 Metaspace       used 26785K, committed 27200K, reserved 1114112K
  class space    used 3839K, committed 4032K, reserved 1048576K
}
Event: 8.063 GC heap before
{Heap before GC invocations=8 (full 0):
 garbage-first heap   total 161792K, used 111321K [0x0000000702000000, 0x0000000800000000)
  region size 2048K, 47 young (96256K), 1 survivors (2048K)
 Metaspace       used 35780K, committed 36096K, reserved 1114112K
  class space    used 5088K, committed 5248K, reserved 1048576K
}
Event: 8.079 GC heap after
{Heap after GC invocations=9 (full 0):
 garbage-first heap   total 161792K, used 22155K [0x0000000702000000, 0x0000000800000000)
  region size 2048K, 4 young (8192K), 4 survivors (8192K)
 Metaspace       used 35780K, committed 36096K, reserved 1114112K
  class space    used 5088K, committed 5248K, reserved 1048576K
}
Event: 8.112 GC heap before
{Heap before GC invocations=9 (full 0):
 garbage-first heap   total 161792K, used 22155K [0x0000000702000000, 0x0000000800000000)
  region size 2048K, 5 young (10240K), 4 survivors (8192K)
 Metaspace       used 35824K, committed 36160K, reserved 1114112K
  class space    used 5096K, committed 5248K, reserved 1048576K
}
Event: 8.124 GC heap after
{Heap after GC invocations=10 (full 0):
 garbage-first heap   total 161792K, used 22265K [0x0000000702000000, 0x0000000800000000)
  region size 2048K, 3 young (6144K), 3 survivors (6144K)
 Metaspace       used 35824K, committed 36160K, reserved 1114112K
  class space    used 5096K, committed 5248K, reserved 1048576K
}

Deoptimization events (12 events):
Event: 4.610 Thread 0x000001fd73e33ff0 DEOPT PACKING pc=0x000001fd7bca0679 sp=0x00000098c90fd7f0
Event: 4.610 Thread 0x000001fd73e33ff0 DEOPT UNPACKING pc=0x000001fd7b6e2b43 sp=0x00000098c90fccd0 mode 3
Event: 5.730 Thread 0x000001fd73e33ff0 DEOPT PACKING pc=0x000001fd7bc9b6d4 sp=0x00000098c90fdca0
Event: 5.730 Thread 0x000001fd73e33ff0 DEOPT UNPACKING pc=0x000001fd7b6e2b43 sp=0x00000098c90fd1f8 mode 0
Event: 7.013 Thread 0x000001fd73e33ff0 DEOPT PACKING pc=0x000001fd7bf39b8a sp=0x00000098c90fbe60
Event: 7.013 Thread 0x000001fd73e33ff0 DEOPT UNPACKING pc=0x000001fd7b6e2b43 sp=0x00000098c90fb3f8 mode 0
Event: 7.600 Thread 0x000001fd73e33ff0 DEOPT PACKING pc=0x000001fd7bff88a5 sp=0x00000098c90fca20
Event: 7.600 Thread 0x000001fd73e33ff0 DEOPT UNPACKING pc=0x000001fd7b6e2b43 sp=0x00000098c90fbf88 mode 3
Event: 8.005 Thread 0x000001fd73e33ff0 DEOPT PACKING pc=0x000001fd7bc77062 sp=0x00000098c90f8da0
Event: 8.005 Thread 0x000001fd73e33ff0 DEOPT UNPACKING pc=0x000001fd7b6e2b43 sp=0x00000098c90f82a8 mode 3
Event: 8.007 Thread 0x000001fd73e33ff0 DEOPT PACKING pc=0x000001fd7bc636e5 sp=0x00000098c90f8d60
Event: 8.007 Thread 0x000001fd73e33ff0 DEOPT UNPACKING pc=0x000001fd7b6e2b43 sp=0x00000098c90f82a8 mode 3

Classes unloaded (0 events):
No events

Classes redefined (0 events):
No events

Internal exceptions (20 events):
Event: 6.959 Thread 0x000001fd73e33ff0 Exception <a 'java/lang/NoSuchMethodError'{0x00000007099e6728}: 'void java.lang.invoke.DirectMethodHandle$Holder.invokeStatic(java.lang.Object, int, java.lang.Object)'> (0x00000007099e6728) 
thrown [s\open\src\hotspot\share\interpreter\linkResolver.cpp, line 759]
Event: 6.962 Thread 0x000001fd73e33ff0 Exception <a 'java/lang/NoSuchMethodError'{0x0000000709615448}: 'int java.lang.invoke.DirectMethodHandle$Holder.invokeSpecial(java.lang.Object, java.lang.Object, int)'> (0x0000000709615448) 
thrown [s\open\src\hotspot\share\interpreter\linkResolver.cpp, line 759]
Event: 7.392 Thread 0x000001fd506527f0 Exception <a 'java/lang/reflect/InvocationTargetException'{0x000000070b221fb8}> (0x000000070b221fb8) 
thrown [s\open\src\hotspot\share\runtime\reflection.cpp, line 1121]
Event: 7.416 Thread 0x000001fd73e33ff0 Exception <a 'java/io/FileNotFoundException'{0x0000000707c9fb28}> (0x0000000707c9fb28) 
thrown [s\open\src\hotspot\share\prims\jni.cpp, line 516]
Event: 7.466 Thread 0x000001fd73e33ff0 Exception <a 'java/io/FileNotFoundException'{0x0000000707b70d88}> (0x0000000707b70d88) 
thrown [s\open\src\hotspot\share\prims\jni.cpp, line 516]
Event: 7.481 Thread 0x000001fd73e33ff0 Exception <a 'java/lang/NoSuchMethodError'{0x0000000707805438}: 'int java.lang.invoke.DirectMethodHandle$Holder.invokeInterface(java.lang.Object, java.lang.Object, java.lang.Object, java.lang.Object)'> (0x0000000707805438) 
thrown [s\open\src\hotspot\share\interpreter\linkResolver.cpp, line 759]
Event: 7.613 Thread 0x000001fd73e33ff0 Exception <a 'java/io/FileNotFoundException'{0x00000007074dfdf8}> (0x00000007074dfdf8) 
thrown [s\open\src\hotspot\share\prims\jni.cpp, line 516]
Event: 7.899 Thread 0x000001fd506527f0 Exception <a 'java/lang/reflect/InvocationTargetException'{0x000000070b22e488}> (0x000000070b22e488) 
thrown [s\open\src\hotspot\share\runtime\reflection.cpp, line 1121]
Event: 7.917 Thread 0x000001fd73e33ff0 Exception <a 'java/lang/ClassNotFoundException'{0x00000007066f29c0}: java/lang/ObjectCustomizer> (0x00000007066f29c0) 
thrown [s\open\src\hotspot\share\classfile\systemDictionary.cpp, line 256]
Event: 7.926 Thread 0x000001fd73e33ff0 Exception <a 'java/lang/ClassNotFoundException'{0x00000007066fe780}: org/springframework/aop/framework/ProxyConfigCustomizer> (0x00000007066fe780) 
thrown [s\open\src\hotspot\share\classfile\systemDictionary.cpp, line 256]
Event: 7.928 Thread 0x000001fd73e33ff0 Exception <a 'java/lang/ClassNotFoundException'{0x000000070676c520}: org/springframework/aop/scope/ScopedProxyFactoryBeanCustomizer> (0x000000070676c520) 
thrown [s\open\src\hotspot\share\classfile\systemDictionary.cpp, line 256]
Event: 7.932 Thread 0x000001fd73e33ff0 Exception <a 'java/lang/ClassNotFoundException'{0x000000070677c3b8}: org/springframework/cloud/context/scope/GenericScope$LockedScopedProxyFactoryBeanCustomizer> (0x000000070677c3b8) 
thrown [s\open\src\hotspot\share\classfile\systemDictionary.cpp, line 256]
Event: 7.936 Thread 0x000001fd73e33ff0 Exception <a 'java/lang/ClassNotFoundException'{0x0000000706792cf0}: org/aopalliance/intercept/MethodInterceptorCustomizer> (0x0000000706792cf0) 
thrown [s\open\src\hotspot\share\classfile\systemDictionary.cpp, line 256]
Event: 7.939 Thread 0x000001fd73e33ff0 Exception <a 'java/lang/ClassNotFoundException'{0x000000070679bf90}: org/aopalliance/intercept/InterceptorCustomizer> (0x000000070679bf90) 
thrown [s\open\src\hotspot\share\classfile\systemDictionary.cpp, line 256]
Event: 7.941 Thread 0x000001fd73e33ff0 Exception <a 'java/lang/ClassNotFoundException'{0x00000007067a42b0}: org/aopalliance/aop/AdviceCustomizer> (0x00000007067a42b0) 
thrown [s\open\src\hotspot\share\classfile\systemDictionary.cpp, line 256]
Event: 7.943 Thread 0x000001fd73e33ff0 Exception <a 'java/lang/ClassNotFoundException'{0x00000007067acdd8}: org/springframework/beans/factory/FactoryBeanCustomizer> (0x00000007067acdd8) 
thrown [s\open\src\hotspot\share\classfile\systemDictionary.cpp, line 256]
Event: 7.946 Thread 0x000001fd73e33ff0 Exception <a 'java/lang/ClassNotFoundException'{0x00000007067b9b68}: org/springframework/beans/factory/BeanFactoryAwareCustomizer> (0x00000007067b9b68) 
thrown [s\open\src\hotspot\share\classfile\systemDictionary.cpp, line 256]
Event: 7.948 Thread 0x000001fd73e33ff0 Exception <a 'java/lang/ClassNotFoundException'{0x00000007067c3808}: org/springframework/beans/factory/AwareCustomizer> (0x00000007067c3808) 
thrown [s\open\src\hotspot\share\classfile\systemDictionary.cpp, line 256]
Event: 7.949 Thread 0x000001fd73e33ff0 Exception <a 'java/lang/ClassNotFoundException'{0x00000007067cc588}: org/springframework/aop/framework/AopInfrastructureBeanCustomizer> (0x00000007067cc588) 
thrown [s\open\src\hotspot\share\classfile\systemDictionary.cpp, line 256]
Event: 8.409 Thread 0x000001fd506527f0 Exception <a 'java/lang/reflect/InvocationTargetException'{0x0000000706b1c2f8}> (0x0000000706b1c2f8) 
thrown [s\open\src\hotspot\share\runtime\reflection.cpp, line 1121]

VM Operations (20 events):
Event: 7.720 Executing VM operation: HandshakeAllThreads
Event: 7.720 Executing VM operation: HandshakeAllThreads done
Event: 8.062 Executing VM operation: G1CollectForAllocation
Event: 8.079 Executing VM operation: G1CollectForAllocation done
Event: 8.112 Executing VM operation: CollectForMetadataAllocation
Event: 8.124 Executing VM operation: CollectForMetadataAllocation done
Event: 8.148 Executing VM operation: G1Concurrent
Event: 8.152 Executing VM operation: G1Concurrent done
Event: 8.162 Executing VM operation: G1Concurrent
Event: 8.162 Executing VM operation: G1Concurrent done
Event: 8.176 Executing VM operation: HandshakeAllThreads
Event: 8.176 Executing VM operation: HandshakeAllThreads done
Event: 8.186 Executing VM operation: HandshakeAllThreads
Event: 8.186 Executing VM operation: HandshakeAllThreads done
Event: 8.291 Executing VM operation: HandshakeAllThreads
Event: 8.291 Executing VM operation: HandshakeAllThreads done
Event: 8.305 Executing VM operation: HandshakeAllThreads
Event: 8.305 Executing VM operation: HandshakeAllThreads done
Event: 8.586 Executing VM operation: HandshakeAllThreads
Event: 8.586 Executing VM operation: HandshakeAllThreads done

Events (20 events):
Event: 8.228 Thread 0x000001fd507fb340 Thread exited: 0x000001fd507fb340
Event: 8.231 loading class java/util/concurrent/Executors$DefaultThreadFactory
Event: 8.231 loading class java/util/concurrent/Executors$DefaultThreadFactory done
Event: 8.304 loading class java/lang/InheritableThreadLocal
Event: 8.304 loading class java/lang/InheritableThreadLocal done
Event: 8.404 Thread 0x000001fd507fb850 Thread added: 0x000001fd507fb850
Event: 8.411 Thread 0x000001fd507fb850 Thread exited: 0x000001fd507fb850
Event: 8.426 loading class java/lang/Enum$EnumDesc
Event: 8.426 loading class java/lang/Enum$EnumDesc done
Event: 8.469 Thread 0x000001fd507fb340 Thread added: 0x000001fd507fb340
Event: 8.471 Thread 0x000001fd507fa410 Thread added: 0x000001fd507fa410
Event: 8.472 loading class java/util/concurrent/locks/AbstractQueuedSynchronizer$ExclusiveNode
Event: 8.472 loading class java/util/concurrent/locks/AbstractQueuedSynchronizer$ExclusiveNode done
Event: 8.476 Thread 0x000001fd507fa920 Thread added: 0x000001fd507fa920
Event: 8.525 loading class java/util/logging/FileHandler
Event: 8.525 loading class java/util/logging/FileHandler done
Event: 8.635 loading class javax/naming/Referenceable
Event: 8.635 loading class javax/naming/Referenceable done
Event: 8.666 loading class java/lang/instrument/ClassFileTransformer
Event: 8.666 loading class java/lang/instrument/ClassFileTransformer done


Dynamic libraries:
0x00007ff66a040000 - 0x00007ff66a050000 	C:\Program Files\Java\jdk-17\bin\java.exe
0x00007ff8f88b0000 - 0x00007ff8f8ac7000 	C:\Windows\SYSTEM32\ntdll.dll
0x00007ff8aab30000 - 0x00007ff8aab49000 	C:\Program Files\Avast Software\Avast\aswhook.dll
0x00007ff8f72a0000 - 0x00007ff8f7364000 	C:\Windows\System32\KERNEL32.DLL
0x00007ff8f5ff0000 - 0x00007ff8f6396000 	C:\Windows\System32\KERNELBASE.dll
0x00007ff8f64f0000 - 0x00007ff8f6601000 	C:\Windows\System32\ucrtbase.dll
0x00007ff8c26b0000 - 0x00007ff8c26cb000 	C:\Program Files\Java\jdk-17\bin\VCRUNTIME140.dll
0x00007ff8c26d0000 - 0x00007ff8c26e9000 	C:\Program Files\Java\jdk-17\bin\jli.dll
0x00007ff8f70f0000 - 0x00007ff8f71a0000 	C:\Windows\System32\ADVAPI32.dll
0x00007ff8f87c0000 - 0x00007ff8f8867000 	C:\Windows\System32\msvcrt.dll
0x00007ff8f73b0000 - 0x00007ff8f7456000 	C:\Windows\System32\sechost.dll
0x00007ff8f7e40000 - 0x00007ff8f7f57000 	C:\Windows\System32\RPCRT4.dll
0x00007ff8f6e40000 - 0x00007ff8f6fed000 	C:\Windows\System32\USER32.dll
0x00007ff8f64c0000 - 0x00007ff8f64e6000 	C:\Windows\System32\win32u.dll
0x00007ff8f6690000 - 0x00007ff8f66b9000 	C:\Windows\System32\GDI32.dll
0x00007ff8f63a0000 - 0x00007ff8f64b8000 	C:\Windows\System32\gdi32full.dll
0x00007ff8f5cf0000 - 0x00007ff8f5d8a000 	C:\Windows\System32\msvcp_win.dll
0x00007ff8dded0000 - 0x00007ff8de163000 	C:\Windows\WinSxS\amd64_microsoft.windows.common-controls_6595b64144ccf1df_6.0.22621.2361_none_2712ced57382f843\COMCTL32.dll
0x00007ff8f5890000 - 0x00007ff8f589a000 	C:\Windows\SYSTEM32\VERSION.dll
0x00007ff8f7370000 - 0x00007ff8f73a1000 	C:\Windows\System32\IMM32.DLL
0x0000000056420000 - 0x000000005642c000 	C:\Program Files (x86)\360\Total Security\safemon\SafeWrapper.dll
0x00007ff8bd9e0000 - 0x00007ff8bda72000 	C:\Program Files (x86)\360\Total Security\safemon\libzdtp64.dll
0x00007ff8f7560000 - 0x00007ff8f7db8000 	C:\Windows\System32\SHELL32.dll
0x00007ff8f7fb0000 - 0x00007ff8f800e000 	C:\Windows\System32\SHLWAPI.dll
0x00007ff8c26a0000 - 0x00007ff8c26ac000 	C:\Program Files\Java\jdk-17\bin\vcruntime140_1.dll
0x00007ff8bd950000 - 0x00007ff8bd9de000 	C:\Program Files\Java\jdk-17\bin\msvcp140.dll
0x00007ff8bcd60000 - 0x00007ff8bd941000 	C:\Program Files\Java\jdk-17\bin\server\jvm.dll
0x00007ff8f67a0000 - 0x00007ff8f67a8000 	C:\Windows\System32\PSAPI.DLL
0x00007ff8dd920000 - 0x00007ff8dd929000 	C:\Windows\SYSTEM32\WSOCK32.dll
0x00007ff8f71a0000 - 0x00007ff8f7211000 	C:\Windows\System32\WS2_32.dll
0x00007ff8ee2b0000 - 0x00007ff8ee2e4000 	C:\Windows\SYSTEM32\WINMM.dll
0x00007ff8f4c50000 - 0x00007ff8f4c68000 	C:\Windows\SYSTEM32\kernel.appcore.dll
0x00007ff8c2680000 - 0x00007ff8c268a000 	C:\Program Files\Java\jdk-17\bin\jimage.dll
0x00007ff8e6770000 - 0x00007ff8e699e000 	C:\Windows\SYSTEM32\DBGHELP.DLL
0x00007ff8f67c0000 - 0x00007ff8f6b4a000 	C:\Windows\System32\combase.dll
0x00007ff8f66c0000 - 0x00007ff8f6797000 	C:\Windows\System32\OLEAUT32.dll
0x00007ff8e6730000 - 0x00007ff8e6762000 	C:\Windows\SYSTEM32\dbgcore.DLL
0x00007ff8f5f70000 - 0x00007ff8f5fea000 	C:\Windows\System32\bcryptPrimitives.dll
0x00007ff8d2bd0000 - 0x00007ff8d2bde000 	C:\Program Files\Java\jdk-17\bin\instrument.dll
0x00007ff8bc8f0000 - 0x00007ff8bc915000 	C:\Program Files\Java\jdk-17\bin\java.dll
0x00007ff8bc0b0000 - 0x00007ff8bc187000 	C:\Program Files\Java\jdk-17\bin\jsvml.dll
0x00007ff8f3ad0000 - 0x00007ff8f43c2000 	C:\Windows\SYSTEM32\windows.storage.dll
0x00007ff8f3990000 - 0x00007ff8f3ace000 	C:\Windows\SYSTEM32\wintypes.dll
0x00007ff8f7460000 - 0x00007ff8f7553000 	C:\Windows\System32\SHCORE.dll
0x00007ff8f5b60000 - 0x00007ff8f5b86000 	C:\Windows\SYSTEM32\profapi.dll
0x00007ff8bb900000 - 0x00007ff8bb918000 	C:\Program Files\Java\jdk-17\bin\zip.dll
0x00007ff8bbab0000 - 0x00007ff8bbac9000 	C:\Program Files\Java\jdk-17\bin\net.dll
0x00007ff8eeb70000 - 0x00007ff8eeca7000 	C:\Windows\SYSTEM32\WINHTTP.dll
0x00007ff8f5120000 - 0x00007ff8f5189000 	C:\Windows\system32\mswsock.dll
0x00007ff8bb920000 - 0x00007ff8bb936000 	C:\Program Files\Java\jdk-17\bin\nio.dll
0x00007ff8cc1d0000 - 0x00007ff8cc1ea000 	C:\Program Files\JetBrains\IntelliJ IDEA 2023.2.2\bin\breakgen64.dll
0x00007ff8f4700000 - 0x00007ff8f47f9000 	C:\Windows\SYSTEM32\DNSAPI.dll
0x00007ff8f4690000 - 0x00007ff8f46bd000 	C:\Windows\SYSTEM32\IPHLPAPI.DLL
0x00007ff8f7220000 - 0x00007ff8f7229000 	C:\Windows\System32\NSI.dll
0x00007ff8eb3f0000 - 0x00007ff8eb3fa000 	C:\Windows\System32\rasadhlp.dll
0x00007ff8ed0c0000 - 0x00007ff8ed144000 	C:\Windows\System32\fwpuclnt.dll
0x00007ff8aab80000 - 0x00007ff8aab8a000 	C:\Program Files\Java\jdk-17\bin\management.dll
0x00007ff8aab70000 - 0x00007ff8aab7b000 	C:\Program Files\Java\jdk-17\bin\management_ext.dll
0x00007ff8f5440000 - 0x00007ff8f545b000 	C:\Windows\SYSTEM32\CRYPTSP.dll
0x00007ff8f4c10000 - 0x00007ff8f4c45000 	C:\Windows\system32\rsaenh.dll
0x00007ff8f51c0000 - 0x00007ff8f51ec000 	C:\Windows\SYSTEM32\USERENV.dll
0x00007ff8f5560000 - 0x00007ff8f5588000 	C:\Windows\SYSTEM32\bcrypt.dll
0x00007ff8f5420000 - 0x00007ff8f542c000 	C:\Windows\SYSTEM32\CRYPTBASE.dll
0x00007ff8ee500000 - 0x00007ff8ee519000 	C:\Windows\SYSTEM32\dhcpcsvc6.DLL
0x00007ff8ee2f0000 - 0x00007ff8ee30f000 	C:\Windows\SYSTEM32\dhcpcsvc.DLL
0x00007ff8c8e50000 - 0x00007ff8c8e67000 	C:\Windows\system32\napinsp.dll
0x00007ff8c88a0000 - 0x00007ff8c88bb000 	C:\Windows\system32\pnrpnsp.dll
0x00007ff8c8880000 - 0x00007ff8c8891000 	C:\Windows\System32\winrnr.dll
0x00007ff8ed1f0000 - 0x00007ff8ed205000 	C:\Windows\system32\wshbth.dll
0x00007ff8c82e0000 - 0x00007ff8c8301000 	C:\Windows\system32\nlansp_c.dll
0x00007ff8ad400000 - 0x00007ff8ad410000 	C:\Program Files\Java\jdk-17\bin\verify.dll

dbghelp: loaded successfully - version: 4.0.5 - missing functions: none
symbol engine: initialized successfully - sym options: 0x614 - pdb path: .;C:\Program Files\Java\jdk-17\bin;C:\Windows\SYSTEM32;C:\Program Files\Avast Software\Avast;C:\Windows\WinSxS\amd64_microsoft.windows.common-controls_6595b64144ccf1df_6.0.22621.2361_none_2712ced57382f843;C:\Program Files (x86)\360\Total Security\safemon;C:\Program Files\Java\jdk-17\bin\server;C:\Program Files\JetBrains\IntelliJ IDEA 2023.2.2\bin

VM Arguments:
jvm_args: -XX:TieredStopAtLevel=1 -Dspring.output.ansi.enabled=always -Dcom.sun.management.jmxremote -Dspring.jmx.enabled=true -Dspring.liveBeansView.mbeanDomain -Dspring.application.admin.enabled=true -Dmanagement.endpoints.jmx.exposure.include=* -javaagent:C:\Program Files\JetBrains\IntelliJ IDEA 2023.2.2\lib\idea_rt.jar=52264:C:\Program Files\JetBrains\IntelliJ IDEA 2023.2.2\bin -Dfile.encoding=UTF-8 
java_command: com.amigoscode.Main
java_class_path (initial): C:\Users\ayoub\Documents\workspace-spring-tool-suite-4-4.20.0.RELEASE\Customerr\notification\target\classes;C:\Users\ayoub\.m2\repository\org\springframework\boot\spring-boot-starter-web\2.5.7\spring-boot-starter-web-2.5.7.jar;C:\Users\ayoub\.m2\repository\org\springframework\boot\spring-boot-starter\2.5.7\spring-boot-starter-2.5.7.jar;C:\Users\ayoub\.m2\repository\org\springframework\boot\spring-boot\2.5.7\spring-boot-2.5.7.jar;C:\Users\ayoub\.m2\repository\org\springframework\boot\spring-boot-autoconfigure\2.5.7\spring-boot-autoconfigure-2.5.7.jar;C:\Users\ayoub\.m2\repository\org\springframework\boot\spring-boot-starter-logging\2.5.7\spring-boot-starter-logging-2.5.7.jar;C:\Users\ayoub\.m2\repository\ch\qos\logback\logback-classic\1.2.7\logback-classic-1.2.7.jar;C:\Users\ayoub\.m2\repository\ch\qos\logback\logback-core\1.2.7\logback-core-1.2.7.jar;C:\Users\ayoub\.m2\repository\org\apache\logging\log4j\log4j-to-slf4j\2.14.1\log4j-to-slf4j-2.14.1.jar;C:\Users\ayoub\.m2\repository\org\apache\logging\log4j\log4j-api\2.14.1\log4j-api-2.14.1.jar;C:\Users\ayoub\.m2\repository\org\slf4j\jul-to-slf4j\1.7.32\jul-to-slf4j-1.7.32.jar;C:\Users\ayoub\.m2\repository\jakarta\annotation\jakarta.annotation-api\1.3.5\jakarta.annotation-api-1.3.5.jar;C:\Users\ayoub\.m2\repository\org\yaml\snakeyaml\1.28\snakeyaml-1.28.jar;C:\Users\ayoub\.m2\repository\org\springframework\boot\spring-boot-starter-json\2.5.7\spring-boot-starter-json-2.5.7.jar;C:\Users\ayoub\.m2\repository\com\fasterxml\jackson\core\jackson-databind\2.12.5\jackson-databind-2.12.5.jar;C:\Users\ayoub\.m2\repository\com\fasterxml\jackson\datatype\jackson-datatype-jdk8\2.12.5\jackson-datatype-jdk8-2.12.5.jar;C:\Users\ayoub\.m2\repository\com\fasterxml\jackson\datatype\jackson-datatype-jsr310\2.12.5\jackson-datatype-jsr310-2.12.5.jar;C:\Users\ayoub\.m2\repository\com\fasterxml\jackson\module\jackson-module-parameter-names\2.12.5\jackson-module-parameter-names-2.12.5.jar;C:\Users\ayoub\.m2\reposi
Launcher Type: SUN_STANDARD

[Global flags]
     intx CICompilerCount                          = 4                                         {product} {ergonomic}
     uint ConcGCThreads                            = 2                                         {product} {ergonomic}
     uint G1ConcRefinementThreads                  = 8                                         {product} {ergonomic}
   size_t G1HeapRegionSize                         = 2097152                                   {product} {ergonomic}
    uintx GCDrainStackTargetSize                   = 64                                        {product} {ergonomic}
   size_t InitialHeapSize                          = 266338304                                 {product} {ergonomic}
     bool ManagementServer                         = true                                      {product} {command line}
   size_t MarkStackSize                            = 4194304                                   {product} {ergonomic}
   size_t MaxHeapSize                              = 4261412864                                {product} {ergonomic}
   size_t MaxNewSize                               = 2556428288                                {product} {ergonomic}
   size_t MinHeapDeltaBytes                        = 2097152                                   {product} {ergonomic}
   size_t MinHeapSize                              = 8388608                                   {product} {ergonomic}
    uintx NonProfiledCodeHeapSize                  = 0                                      {pd product} {ergonomic}
     bool ProfileInterpreter                       = false                                  {pd product} {command line}
    uintx ProfiledCodeHeapSize                     = 0                                      {pd product} {ergonomic}
   size_t SoftMaxHeapSize                          = 4261412864                             {manageable} {ergonomic}
     intx TieredStopAtLevel                        = 1                                         {product} {command line}
     bool UseCompressedClassPointers               = true                           {product lp64_product} {ergonomic}
     bool UseCompressedOops                        = true                           {product lp64_product} {ergonomic}
     bool UseG1GC                                  = true                                      {product} {ergonomic}
     bool UseLargePagesIndividualAllocation        = false                                  {pd product} {ergonomic}

Logging:
Log output configuration:
 #0: stdout all=warning uptime,level,tags
 #1: stderr all=off uptime,level,tags

Environment Variables:
JAVA_HOME=C:\Program Files\Java\jdk-17
PATH=C:\Program Files\Common Files\Oracle\Java\javapath;C:\Program Files (x86)\Common Files\Oracle\Java\javapath;C:\Windows\system32;C:\Windows;C:\Windows\System32\Wbem;C:\Windows\System32\WindowsPowerShell\v1.0\;C:\Windows\System32\OpenSSH\;C:\Program Files\Common Files\Oracle\Java\javapath;C:\Program Files\Git\cmd;C:\flutter_windows_3.13.6-stable\flutter\bin;C:\Program Files (x86)\Windows Kits\10\Windows Performance Toolkit\;C:\Program Files\Cloudflare\Cloudflare WARP\;C:\Program Files\Java\jdk-17\bin;C:\Program Files\Java\jre-1.8\bin;C:\apache-maven-3.9.5\bin;C:\Program Files (x86)\NVIDIA Corporation\PhysX\Common;C:\Users\ayoub\AppData\Roaming\npm;C:\Users\ayoub\AppData\Local\Pub\Cache\bin;C:\ProgramData\chocolatey\bin;C:\sonar-scanner-5.0.1.3006-windows\bin;C:\Program Files\php-8.3.1;C:\ProgramData\ComposerSetup\bin;C:\Program Files\nodejs\;C:\Program Files\Docker\Docker\resources\bin;C:\Users\ayoub\AppData\Local\Microsoft\WindowsApps;C:\Program Files\JetBrains\IntelliJ IDEA 2023.2.2\bin;;C:\Users\ayoub\AppData\Local\Programs\Microsoft VS Code\bin;C:\flutter\bin;C:\xampp\php;C:\Users\ayoub\composer;C:\Users\ayoub\AppData\Roaming\Composer\vendor\bin;C:\Users\ayoub\AppData\Roaming\npm;C:\Program Files\Java\jdk-17\bin;
USERNAME=ayoub
OS=Windows_NT
PROCESSOR_IDENTIFIER=Intel64 Family 6 Model 142 Stepping 12, GenuineIntel



---------------  S Y S T E M  ---------------

OS:
 Windows 11 , 64 bit Build 22621 (10.0.22621.2428)
OS uptime: 0 days 0:55 hours
Hyper-V role detected

CPU: total 8 (initial active 8) (4 cores per cpu, 2 threads per core) family 6 model 142 stepping 12 microcode 0xec, cx8, cmov, fxsr, ht, mmx, 3dnowpref, sse, sse2, sse3, ssse3, sse4.1, sse4.2, popcnt, lzcnt, tsc, tscinvbit, avx, avx2, aes, erms, clmul, bmi1, bmi2, adx, fma, vzeroupper, clflush, clflushopt, hv

Memory: 4k page, system-wide physical 16254M (1315M free)
TotalPageFile size 29275M (AvailPageFile size 3263M)
current process WorkingSet (physical memory assigned to process): 186M, peak: 252M
current process commit charge ("private bytes"): 237M, peak: 382M

vm_info: Java HotSpot(TM) 64-Bit Server VM (17.0.9+11-LTS-201) for windows-amd64 JRE (17.0.9+11-LTS-201), built on Oct 10 2023 23:16:06 by "mach5one" with MS VC++ 17.1 (VS2022)

END.
