#
# A fatal error has been detected by the Java Runtime Environment:
#
#  EXCEPTION_ACCESS_VIOLATION (0xc0000005) at pc=0x00007ff8bd391607, pid=15176, tid=15452
#
# JRE version: Java(TM) SE Runtime Environment (17.0.9+11) (build 17.0.9+11-LTS-201)
# Java VM: Java HotSpot(TM) 64-Bit Server VM (17.0.9+11-LTS-201, mixed mode, emulated-client, sharing, tiered, compressed oops, compressed class ptrs, g1 gc, windows-amd64)
# Problematic frame:
# V  [jvm.dll+0x631607]
#
# No core dump will be written. Minidumps are not enabled by default on client versions of Windows
#
# If you would like to submit a bug report, please visit:
#   https://bugreport.java.com/bugreport/crash.jsp
#

---------------  S U M M A R Y ------------

Command Line: -XX:TieredStopAtLevel=1 -Dspring.output.ansi.enabled=always -Dcom.sun.management.jmxremote -Dspring.jmx.enabled=true -Dspring.liveBeansView.mbeanDomain -Dspring.application.admin.enabled=true -Dmanagement.endpoints.jmx.exposure.include=* -javaagent:C:\Program Files\JetBrains\IntelliJ IDEA 2023.2.2\lib\idea_rt.jar=51799:C:\Program Files\JetBrains\IntelliJ IDEA 2023.2.2\bin -Dfile.encoding=UTF-8 com.amigoscode.FraudApplication

Host: Intel(R) Core(TM) i7-8565U CPU @ 1.80GHz, 8 cores, 15G,  Windows 11 , 64 bit Build 22621 (10.0.22621.2428)
Time: Mon Mar 25 21:58:24 2024 Maroc elapsed time: 190.786179 seconds (0d 0h 3m 10s)

---------------  T H R E A D  ---------------

Current thread (0x00000183164ba560):  GCTaskThread "GC Thread#3" [stack: 0x0000001d74600000,0x0000001d74700000] [id=15452]

Stack: [0x0000001d74600000,0x0000001d74700000],  sp=0x0000001d746ff860,  free space=1022k
Native frames: (J=compiled Java code, j=interpreted, Vv=VM code, C=native code)
V  [jvm.dll+0x631607]
V  [jvm.dll+0x36b208]
V  [jvm.dll+0x683822]
V  [jvm.dll+0x3065d2]
V  [jvm.dll+0x807b5b]
V  [jvm.dll+0x807ba6]
V  [jvm.dll+0x78998a]
V  [jvm.dll+0x677875]
C  [ucrtbase.dll+0x29363]
C  [KERNEL32.DLL+0x1257d]
C  [ntdll.dll+0x5aa78]


siginfo: EXCEPTION_ACCESS_VIOLATION (0xc0000005), reading address 0x0000001800000100


Register to memory mapping:

RIP=0x00007ff8bd391607 jvm.dll
RAX=0x0000000000000050 is an unknown value
RBX=0x00000183164ccf20 points into unknown readable memory: 0x0000000000000000 | 00 00 00 00 00 00 00 00
RCX=0x0000001800000000 is an unknown value
RDX=0x0 is NULL
RSP=0x0000001d746ff860 points into unknown readable memory: 0x0000001d733fe480 | 80 e4 3f 73 1d 00 00 00
RBP=0x00000182d2878600 is a pointer to class: 
feign.Capability {0x00000182d2878608}
 - instance size:     2
 - klass size:        63
 - access:            public interface abstract 
 - state:             loaded
 - name:              'feign/Capability'
 - super:             'java/lang/Object'
 - sub:               
 - nof implementors:  0
 - arrays:            NULL
 - methods:           Array<T>(0x00000183151bc608)
 - method ordering:   Array<T>(0x00000182d18f51d8)
 - default_methods:   Array<T>(0x0000000000000000)
 - local interfaces:  Array<T>(0x00000182d15d1a70)
 - trans. interfaces: Array<T>(0x00000182d15d1a70)
 - constants:         constant pool [240]/operands[35] {0x00000183151bbd80} for 'feign/Capability'
 - class loader data:  loader data: 0x00000182d036e4c0 for instance a 'jdk/internal/loader/ClassLoaders$AppClassLoader'{0x00000007024fbf30}
 - source file:       'Capability.java'
 - class annotations:       Array<T>(0x0000000000000000)
 - class type annotations:  Array<T>(0x0000000000000000)
 - field annotations:       Array<T>(0x0000000000000000)
 - field type annotations:  Array<T>(0x0000000000000000)
 - inner classes:     Array<T>(0x00000183151bd3c8)
 - nest members:     Array<T>(0x00000182d15d1a00)
 - permitted subclasses:     Array<T>(0x00000182d15d1a00)
 - java mirror:       a 'java/lang/Class'{0x0000000705082598} = 'feign/Capability'
 - vtable length      5  (start addr: 0x00000182d28787c8)
 - itable length      0 (start addr: 0x00000182d28787f0)
 - ---- static fields (0 words):
 - ---- non-static fields (0 words):
 - non-static oop maps: 
RSI=0x0000001800000000 is an unknown value
RDI=0x0000000000000007 is an unknown value
R8 =0x0000000000000004 is an unknown value
R9 =0x000000000000f801 is an unknown value
R10=0x00000182c1a7da08 is at entry_point+-24 in (nmethod*)0x00000182c1a7d890
Compiled method (c1)  190881 5716       1       org.springframework.aop.framework.autoproxy.AbstractAutoProxyCreator::determineCandidateConstructors (2 bytes)
 total in heap  [0x00000182c1a7d890,0x00000182c1a7db30] = 672
 relocation     [0x00000182c1a7d9e8,0x00000182c1a7da10] = 40
 main code      [0x00000182c1a7da20,0x00000182c1a7dac0] = 160
 stub code      [0x00000182c1a7dac0,0x00000182c1a7daf8] = 56
 oops           [0x00000182c1a7daf8,0x00000182c1a7db00] = 8
 scopes data    [0x00000182c1a7db00,0x00000182c1a7db08] = 8
 scopes pcs     [0x00000182c1a7db08,0x00000182c1a7db28] = 32
 dependencies   [0x00000182c1a7db28,0x00000182c1a7db30] = 8
R11=0x0000001d746ff920 points into unknown readable memory: 0x0000000000000000 | 00 00 00 00 00 00 00 00
R12=0x0 is NULL
R13=0x0 is NULL
R14=0x0 is NULL
R15=0x00000000000003d8 is an unknown value


Registers:
RAX=0x0000000000000050, RBX=0x00000183164ccf20, RCX=0x0000001800000000, RDX=0x0000000000000000
RSP=0x0000001d746ff860, RBP=0x00000182d2878600, RSI=0x0000001800000000, RDI=0x0000000000000007
R8 =0x0000000000000004, R9 =0x000000000000f801, R10=0x00000182c1a7da08, R11=0x0000001d746ff920
R12=0x0000000000000000, R13=0x0000000000000000, R14=0x0000000000000000, R15=0x00000000000003d8
RIP=0x00007ff8bd391607, EFLAGS=0x0000000000010202

Top of Stack: (sp=0x0000001d746ff860)
0x0000001d746ff860:   0000001d733fe480 00000182b7399870
0x0000001d746ff870:   0000000000000000 00000182b7399870
0x0000001d746ff880:   0000001d00000001 00007ff8bcf543f3
0x0000001d746ff890:   00000000000003d8 0000000000000038
0x0000001d746ff8a0:   0000000000000000 0000000000000000
0x0000001d746ff8b0:   0000000000000007 00007ff8bd0cb208
0x0000001d746ff8c0:   00000182c1a78290 0000001800000000
0x0000001d746ff8d0:   00000182d2878600 00000182d09d3630
0x0000001d746ff8e0:   00000182d09d3a18 00000183164bbac0
0x0000001d746ff8f0:   00000182d09d3630 00000182d09d3640
0x0000001d746ff900:   0000001d733fe4b8 00007ff8bd3e3822
0x0000001d746ff910:   0000cfe3c47244de 0000000000000001
0x0000001d746ff920:   0000000000000000 00000183164ba560
0x0000001d746ff930:   0000000000000000 00000183164ba560
0x0000001d746ff940:   0000000000000006 00007ff8bd0665d2
0x0000001d746ff950:   0000001d733fe460 0000000000000000 

Instructions: (pc=0x00007ff8bd391607)
0x00007ff8bd391507:   f7 df 0f 1f 80 00 00 00 00 48 8b 11 48 89 14 f9
0x00007ff8bd391517:   48 83 c1 08 48 3b c8 72 f0 0f b6 13 8b ca 85 d2
0x00007ff8bd391527:   74 31 83 e9 01 74 2c 83 f9 0c 74 3a 89 54 24 20
0x00007ff8bd391537:   4c 8d 0d da 2e 31 00 48 8d 15 eb 2e 31 00 41 b8
0x00007ff8bd391547:   64 05 00 00 b9 00 00 00 e0 e8 6b 45 c1 ff e8 06
0x00007ff8bd391557:   70 04 00 b8 08 00 00 00 48 03 d8 48 3b dd 0f 82
0x00007ff8bd391567:   85 fe ff ff eb 34 b8 10 00 00 00 eb eb 85 f6 74
0x00007ff8bd391577:   29 4c 8d 04 fd 00 00 00 00 48 8b cb 49 2b c8 49
0x00007ff8bd391587:   c1 e8 03 48 3b cb 4d 0f 47 c7 4d 85 c0 74 0b 49
0x00007ff8bd391597:   c1 e0 03 33 d2 e8 c1 65 20 00 48 8b 7c 24 50 4c
0x00007ff8bd3915a7:   8b 64 24 58 48 8b 5c 24 60 48 8b 6c 24 68 48 83
0x00007ff8bd3915b7:   c4 30 41 5f 41 5e 5e c3 cc 48 89 5c 24 10 48 89
0x00007ff8bd3915c7:   6c 24 18 48 89 74 24 20 57 41 54 41 55 41 56 41
0x00007ff8bd3915d7:   57 48 83 ec 30 65 48 8b 04 25 58 00 00 00 44 0f
0x00007ff8bd3915e7:   b6 f2 44 8b 05 08 7c 51 00 48 8b f1 4a 8b 1c c0
0x00007ff8bd3915f7:   b8 50 00 00 00 80 3c 18 00 75 05 e8 95 53 20 00
0x00007ff8bd391607:   83 be 00 01 00 00 00 b8 20 00 00 00 48 8b 04 18
0x00007ff8bd391617:   48 8b a8 38 02 00 00 48 8b 7d 28 4c 8b 7d 10 4c
0x00007ff8bd391627:   8b 65 18 4c 8b 6d 20 48 89 7c 24 60 7e 65 48 8d
0x00007ff8bd391637:   8e 08 01 00 00 e8 ff 0b 00 00 48 8b f8 48 85 c0
0x00007ff8bd391647:   74 4c 0f 1f 80 00 00 00 00 48 8b 07 41 0f b6 d6
0x00007ff8bd391657:   48 8b cf ff 90 80 00 00 00 8b 5f 08 48 8b cf 48
0x00007ff8bd391667:   8b 07 2b de ff 10 8d 48 e0 8d 0c cb 3b 8e 00 01
0x00007ff8bd391677:   00 00 7d 1a 48 63 c1 48 8d 8e 08 01 00 00 48 03
0x00007ff8bd391687:   c8 e8 b3 0b 00 00 48 8b f8 48 85 c0 75 bb 48 8b
0x00007ff8bd391697:   7c 24 60 48 63 86 04 01 00 00 83 f8 fe 74 35 48
0x00007ff8bd3916a7:   8d 8e 08 01 00 00 48 03 c8 e8 8b 0b 00 00 48 8b
0x00007ff8bd3916b7:   c8 48 8b d8 48 8b 10 ff 52 68 33 c9 84 c0 48 0f
0x00007ff8bd3916c7:   45 cb 48 85 c9 74 0d 48 8b 01 41 0f b6 d6 ff 90
0x00007ff8bd3916d7:   80 00 00 00 48 8d 05 06 31 31 00 44 88 74 24 28
0x00007ff8bd3916e7:   48 8d 54 24 20 48 89 44 24 20 48 8b ce e8 a7 fc
0x00007ff8bd3916f7:   ff ff 49 83 3f 00 74 13 48 8b d7 48 8b cd e8 56 


Stack slot to memory mapping:
stack at sp + 0 slots: 0x0000001d733fe480 points into unknown readable memory: 0x00007ff8bd6404c8 | c8 04 64 bd f8 7f 00 00
stack at sp + 1 slots: 0x00000182b7399870 points into unknown readable memory: 0x0000000300000001 | 01 00 00 00 03 00 00 00
stack at sp + 2 slots: 0x0 is NULL
stack at sp + 3 slots: 0x00000182b7399870 points into unknown readable memory: 0x0000000300000001 | 01 00 00 00 03 00 00 00
stack at sp + 4 slots: 0x0000001d00000001 is an unknown value
stack at sp + 5 slots: 0x00007ff8bcf543f3 jvm.dll
stack at sp + 6 slots: 0x00000000000003d8 is an unknown value
stack at sp + 7 slots: 0x0000000000000038 is an unknown value


---------------  P R O C E S S  ---------------

Threads class SMR info:
_java_thread_list=0x0000018317c45e50, length=29, elements={
0x00000182cfbc8c80, 0x00000182cfbc9b00, 0x00000182cfbd61d0, 0x00000182cfbd9260,
0x00000182cfbdb1a0, 0x00000182cfbdbb60, 0x00000182cfbdc5d0, 0x00000182cfbf37c0,
0x00000182d0226b90, 0x00000182d0a93630, 0x00000182d0a93b10, 0x00000182d0c4f380,
0x000001831655f040, 0x000001831655e620, 0x0000018317304d90, 0x00000183173057b0,
0x000001831730adc0, 0x0000018317308030, 0x0000018317309e90, 0x0000018317303950,
0x0000018317303e60, 0x0000018317306bf0, 0x0000018317304370, 0x0000018317308540,
0x0000018317309980, 0x0000018317308f60, 0x00000183173066e0, 0x0000018317304880,
0x000001831730a3a0
}

Java Threads: ( => current thread )
  0x00000182cfbc8c80 JavaThread "Reference Handler" daemon [_thread_blocked, id=4736, stack(0x0000001d73400000,0x0000001d73500000)]
  0x00000182cfbc9b00 JavaThread "Finalizer" daemon [_thread_blocked, id=2060, stack(0x0000001d73500000,0x0000001d73600000)]
  0x00000182cfbd61d0 JavaThread "Signal Dispatcher" daemon [_thread_blocked, id=21144, stack(0x0000001d73600000,0x0000001d73700000)]
  0x00000182cfbd9260 JavaThread "Attach Listener" daemon [_thread_blocked, id=1640, stack(0x0000001d73700000,0x0000001d73800000)]
  0x00000182cfbdb1a0 JavaThread "Service Thread" daemon [_thread_blocked, id=20368, stack(0x0000001d73800000,0x0000001d73900000)]
  0x00000182cfbdbb60 JavaThread "Monitor Deflation Thread" daemon [_thread_blocked, id=2800, stack(0x0000001d73900000,0x0000001d73a00000)]
  0x00000182cfbdc5d0 JavaThread "C1 CompilerThread0" daemon [_thread_blocked, id=16632, stack(0x0000001d73a00000,0x0000001d73b00000)]
  0x00000182cfbf37c0 JavaThread "Sweeper thread" daemon [_thread_blocked, id=20980, stack(0x0000001d73b00000,0x0000001d73c00000)]
  0x00000182d0226b90 JavaThread "Common-Cleaner" daemon [_thread_blocked, id=20796, stack(0x0000001d73c00000,0x0000001d73d00000)]
  0x00000182d0a93630 JavaThread "Monitor Ctrl-Break" daemon [_thread_in_native, id=18084, stack(0x0000001d74000000,0x0000001d74100000)]
  0x00000182d0a93b10 JavaThread "Notification Thread" daemon [_thread_blocked, id=10164, stack(0x0000001d74100000,0x0000001d74200000)]
  0x00000182d0c4f380 JavaThread "RMI TCP Accept-0" daemon [_thread_in_native, id=14252, stack(0x0000001d74200000,0x0000001d74300000)]
  0x000001831655f040 JavaThread "RMI Scheduler(0)" daemon [_thread_blocked, id=19288, stack(0x0000001d74e00000,0x0000001d74f00000)]
  0x000001831655e620 JavaThread "Catalina-utility-1" [_thread_blocked, id=17060, stack(0x0000001d75200000,0x0000001d75300000)]
  0x0000018317304d90 JavaThread "Catalina-utility-2" [_thread_blocked, id=18420, stack(0x0000001d75400000,0x0000001d75500000)]
  0x00000183173057b0 JavaThread "container-0" [_thread_blocked, id=21496, stack(0x0000001d75500000,0x0000001d75600000)]
  0x000001831730adc0 JavaThread "HikariPool-1 housekeeper" daemon [_thread_blocked, id=19604, stack(0x0000001d75700000,0x0000001d75800000)]
  0x0000018317308030 JavaThread "spring.cloud.inetutils" daemon [_thread_blocked, id=12324, stack(0x0000001d73f00000,0x0000001d74000000)]
  0x0000018317309e90 JavaThread "AsyncResolver-bootstrap-0" daemon [_thread_blocked, id=10064, stack(0x0000001d75000000,0x0000001d75100000)]
  0x0000018317303950 JavaThread "DiscoveryClient-0" daemon [_thread_blocked, id=19548, stack(0x0000001d75800000,0x0000001d75900000)]
  0x0000018317303e60 JavaThread "DiscoveryClient-1" daemon [_thread_blocked, id=14296, stack(0x0000001d75900000,0x0000001d75a00000)]
  0x0000018317306bf0 JavaThread "DiscoveryClient-InstanceInfoReplicator-0" daemon [_thread_blocked, id=18668, stack(0x0000001d75a00000,0x0000001d75b00000)]
  0x0000018317304370 JavaThread "http-nio-8081-Poller" daemon [_thread_in_native, id=8084, stack(0x0000001d75b00000,0x0000001d75c00000)]
  0x0000018317308540 JavaThread "http-nio-8081-Acceptor" daemon [_thread_in_native, id=4752, stack(0x0000001d75c00000,0x0000001d75d00000)]
  0x0000018317309980 JavaThread "DestroyJavaVM" [_thread_blocked, id=8208, stack(0x0000001d72d00000,0x0000001d72e00000)]
  0x0000018317308f60 JavaThread "DiscoveryClient-HeartbeatExecutor-0" daemon [_thread_blocked, id=9256, stack(0x0000001d75f00000,0x0000001d76000000)]
  0x00000183173066e0 JavaThread "DiscoveryClient-CacheRefreshExecutor-0" daemon [_thread_blocked, id=4616, stack(0x0000001d76000000,0x0000001d76100000)]
  0x0000018317304880 JavaThread "http-nio-8081-exec-1" daemon [_thread_blocked, id=6904, stack(0x0000001d72a00000,0x0000001d72b00000)]
  0x000001831730a3a0 JavaThread "AsyncReporter{RestTemplateSender{http://localhost:9411/api/v2/spans}}" daemon [_thread_blocked, id=9852, stack(0x0000001d72b00000,0x0000001d72c00000)]

Other Threads:
  0x00000182cfbc2150 VMThread "VM Thread" [stack: 0x0000001d73300000,0x0000001d73400000] [id=6640]
  0x00000182b96b5b40 WatcherThread [stack: 0x0000001d74300000,0x0000001d74400000] [id=3976]
  0x00000182b969cd20 GCTaskThread "GC Thread#0" [stack: 0x0000001d72e00000,0x0000001d72f00000] [id=17428]
  0x00000183164e2840 GCTaskThread "GC Thread#1" [stack: 0x0000001d74400000,0x0000001d74500000] [id=19232]
  0x00000183164e2b00 GCTaskThread "GC Thread#2" [stack: 0x0000001d74500000,0x0000001d74600000] [id=18460]
=>0x00000183164ba560 GCTaskThread "GC Thread#3" [stack: 0x0000001d74600000,0x0000001d74700000] [id=15452]
  0x00000183164ce580 GCTaskThread "GC Thread#4" [stack: 0x0000001d74700000,0x0000001d74800000] [id=20800]
  0x00000183164cecc0 GCTaskThread "GC Thread#5" [stack: 0x0000001d74800000,0x0000001d74900000] [id=19696]
  0x0000018316515870 GCTaskThread "GC Thread#6" [stack: 0x0000001d74900000,0x0000001d74a00000] [id=20196]
  0x0000018316515b30 GCTaskThread "GC Thread#7" [stack: 0x0000001d74a00000,0x0000001d74b00000] [id=1120]
  0x00000182b96ada70 ConcurrentGCThread "G1 Main Marker" [stack: 0x0000001d72f00000,0x0000001d73000000] [id=5100]
  0x00000182b96aeff0 ConcurrentGCThread "G1 Conc#0" [stack: 0x0000001d73000000,0x0000001d73100000] [id=20280]
  0x0000018316ad03a0 ConcurrentGCThread "G1 Conc#1" [stack: 0x0000001d75100000,0x0000001d75200000] [id=19244]
  0x00000182cfaf70b0 ConcurrentGCThread "G1 Refine#0" [stack: 0x0000001d73100000,0x0000001d73200000] [id=20404]
  0x0000018316520cb0 ConcurrentGCThread "G1 Refine#1" [stack: 0x0000001d74b00000,0x0000001d74c00000] [id=7636]
  0x0000018316521420 ConcurrentGCThread "G1 Refine#2" [stack: 0x0000001d74c00000,0x0000001d74d00000] [id=19196]
  0x00000182cfaf78f0 ConcurrentGCThread "G1 Service" [stack: 0x0000001d73200000,0x0000001d73300000] [id=19552]

Threads with active compile tasks:

VM state: at safepoint (normal execution)

VM Mutex/Monitor currently owned by a thread:  ([mutex/lock_event])
[0x00000182b9634430] Threads_lock - owner thread: 0x00000182cfbc2150
[0x00000182b96338f0] Heap_lock - owner thread: 0x00000182b96ada70

Heap address: 0x0000000702000000, size: 4064 MB, Compressed Oops mode: Zero based, Oop shift amount: 3

CDS archive(s) mapped at: [0x00000182d1000000-0x00000182d1bd0000-0x00000182d1bd0000), size 12386304, SharedBaseAddress: 0x00000182d1000000, ArchiveRelocationMode: 1.
Compressed class space mapped at: 0x00000182d2000000-0x0000018312000000, reserved size: 1073741824
Narrow klass base: 0x00000182d1000000, Narrow klass shift: 0, Narrow klass range: 0x100000000

GC Precious Log:
 CPUs: 8 total, 8 available
 Memory: 16254M
 Large Page Support: Disabled
 NUMA Support: Disabled
 Compressed Oops: Enabled (Zero based)
 Heap Region Size: 2M
 Heap Min Capacity: 8M
 Heap Initial Capacity: 254M
 Heap Max Capacity: 4064M
 Pre-touch: Disabled
 Parallel Workers: 8
 Concurrent Workers: 2
 Concurrent Refinement Workers: 8
 Periodic GC: Disabled

Heap:
 garbage-first heap   total 90112K, used 40076K [0x0000000702000000, 0x0000000800000000)
  region size 2048K, 4 young (8192K), 3 survivors (6144K)
 Metaspace       used 66779K, committed 67264K, reserved 1114112K
  class space    used 9648K, committed 9856K, reserved 1048576K

Heap Regions: E=young(eden), S=young(survivor), O=old, HS=humongous(starts), HC=humongous(continues), CS=collection set, F=free, OA=open archive, CA=closed archive, TAMS=top-at-mark-start (previous, next)
|   0|0x0000000702000000, 0x0000000702200000, 0x0000000702200000|100%| O|  |TAMS 0x0000000702200000, 0x0000000702200000| Untracked 
|   1|0x0000000702200000, 0x0000000702400000, 0x0000000702400000|100%| O|  |TAMS 0x0000000702400000, 0x0000000702400000| Untracked 
|   2|0x0000000702400000, 0x0000000702600000, 0x0000000702600000|100%| O|  |TAMS 0x0000000702600000, 0x0000000702600000| Untracked 
|   3|0x0000000702600000, 0x0000000702800000, 0x0000000702800000|100%| O|  |TAMS 0x0000000702800000, 0x0000000702800000| Untracked 
|   4|0x0000000702800000, 0x0000000702a00000, 0x0000000702a00000|100%| O|  |TAMS 0x0000000702a00000, 0x0000000702a00000| Untracked 
|   5|0x0000000702a00000, 0x0000000702c00000, 0x0000000702c00000|100%| O|  |TAMS 0x0000000702c00000, 0x0000000702c00000| Untracked 
|   6|0x0000000702c00000, 0x0000000702e00000, 0x0000000702e00000|100%| O|  |TAMS 0x0000000702e00000, 0x0000000702e00000| Untracked 
|   7|0x0000000702e00000, 0x0000000703000000, 0x0000000703000000|100%| O|  |TAMS 0x0000000703000000, 0x0000000703000000| Untracked 
|   8|0x0000000703000000, 0x0000000703200000, 0x0000000703200000|100%| O|  |TAMS 0x0000000703200000, 0x0000000703200000| Untracked 
|   9|0x0000000703200000, 0x0000000703400000, 0x0000000703400000|100%| O|  |TAMS 0x0000000703400000, 0x0000000703400000| Untracked 
|  10|0x0000000703400000, 0x0000000703600000, 0x0000000703600000|100%| O|  |TAMS 0x0000000703600000, 0x0000000703600000| Untracked 
|  11|0x0000000703600000, 0x0000000703800000, 0x0000000703800000|100%| O|  |TAMS 0x0000000703800000, 0x0000000703800000| Untracked 
|  12|0x0000000703800000, 0x0000000703a00000, 0x0000000703a00000|100%| O|  |TAMS 0x0000000703a00000, 0x0000000703a00000| Untracked 
|  13|0x0000000703a00000, 0x0000000703c00000, 0x0000000703c00000|100%| O|  |TAMS 0x0000000703c00000, 0x0000000703c00000| Untracked 
|  14|0x0000000703c00000, 0x0000000703e00000, 0x0000000703e00000|100%| O|  |TAMS 0x0000000703e00000, 0x0000000703e00000| Untracked 
|  15|0x0000000703e00000, 0x0000000704000000, 0x0000000704000000|100%| O|  |TAMS 0x0000000703f25c00, 0x0000000704000000| Untracked 
|  16|0x0000000704000000, 0x0000000704200000, 0x0000000704200000|100%| O|  |TAMS 0x0000000704000000, 0x000000070411f800| Untracked 
|  17|0x0000000704200000, 0x0000000704280a00, 0x0000000704400000| 25%| O|  |TAMS 0x0000000704200000, 0x0000000704200000| Untracked 
|  18|0x0000000704400000, 0x0000000704400000, 0x0000000704600000|  0%| F|  |TAMS 0x0000000704400000, 0x0000000704400000| Untracked 
|  19|0x0000000704600000, 0x0000000704600000, 0x0000000704800000|  0%| F|  |TAMS 0x0000000704600000, 0x0000000704600000| Untracked 
|  20|0x0000000704800000, 0x0000000704800000, 0x0000000704a00000|  0%| F|  |TAMS 0x0000000704800000, 0x0000000704800000| Untracked 
|  21|0x0000000704a00000, 0x0000000704a00000, 0x0000000704c00000|  0%| F|  |TAMS 0x0000000704a00000, 0x0000000704a00000| Untracked 
|  22|0x0000000704c00000, 0x0000000704c00000, 0x0000000704e00000|  0%| F|  |TAMS 0x0000000704c00000, 0x0000000704c00000| Untracked 
|  23|0x0000000704e00000, 0x0000000704ea2860, 0x0000000705000000| 31%| S|CS|TAMS 0x0000000704e00000, 0x0000000704e00000| Complete 
|  24|0x0000000705000000, 0x0000000705200000, 0x0000000705200000|100%| S|CS|TAMS 0x0000000705000000, 0x0000000705000000| Complete 
|  25|0x0000000705200000, 0x0000000705400000, 0x0000000705400000|100%| S|CS|TAMS 0x0000000705200000, 0x0000000705200000| Complete 
|  26|0x0000000705400000, 0x0000000705400000, 0x0000000705600000|  0%| F|  |TAMS 0x0000000705400000, 0x0000000705400000| Untracked 
|  27|0x0000000705600000, 0x0000000705600000, 0x0000000705800000|  0%| F|  |TAMS 0x0000000705600000, 0x0000000705600000| Untracked 
|  28|0x0000000705800000, 0x0000000705800000, 0x0000000705a00000|  0%| F|  |TAMS 0x0000000705800000, 0x0000000705800000| Untracked 
|  29|0x0000000705a00000, 0x0000000705a00000, 0x0000000705c00000|  0%| F|  |TAMS 0x0000000705a00000, 0x0000000705a00000| Untracked 
|  30|0x0000000705c00000, 0x0000000705c00000, 0x0000000705e00000|  0%| F|  |TAMS 0x0000000705c00000, 0x0000000705c00000| Untracked 
|  31|0x0000000705e00000, 0x0000000705e00000, 0x0000000706000000|  0%| F|  |TAMS 0x0000000705e00000, 0x0000000705e00000| Untracked 
|  32|0x0000000706000000, 0x0000000706000000, 0x0000000706200000|  0%| F|  |TAMS 0x0000000706000000, 0x0000000706000000| Untracked 
|  33|0x0000000706200000, 0x0000000706200000, 0x0000000706400000|  0%| F|  |TAMS 0x0000000706200000, 0x0000000706200000| Untracked 
|  34|0x0000000706400000, 0x0000000706400000, 0x0000000706600000|  0%| F|  |TAMS 0x0000000706400000, 0x0000000706400000| Untracked 
|  35|0x0000000706600000, 0x0000000706600000, 0x0000000706800000|  0%| F|  |TAMS 0x0000000706600000, 0x0000000706600000| Untracked 
|  36|0x0000000706800000, 0x0000000706800000, 0x0000000706a00000|  0%| F|  |TAMS 0x0000000706800000, 0x0000000706800000| Untracked 
|  37|0x0000000706a00000, 0x0000000706a00000, 0x0000000706c00000|  0%| F|  |TAMS 0x0000000706a00000, 0x0000000706a00000| Untracked 
|  38|0x0000000706c00000, 0x0000000706c00000, 0x0000000706e00000|  0%| F|  |TAMS 0x0000000706c00000, 0x0000000706c00000| Untracked 
|  39|0x0000000706e00000, 0x0000000706e00000, 0x0000000707000000|  0%| F|  |TAMS 0x0000000706e00000, 0x0000000706e00000| Untracked 
|  74|0x000000070b400000, 0x000000070b400000, 0x000000070b600000|  0%| F|  |TAMS 0x000000070b400000, 0x000000070b400000| Untracked 
| 121|0x0000000711200000, 0x0000000711200000, 0x0000000711400000|  0%| F|  |TAMS 0x0000000711200000, 0x0000000711200000| Untracked 
| 122|0x0000000711400000, 0x0000000711400000, 0x0000000711600000|  0%| F|  |TAMS 0x0000000711400000, 0x0000000711400000| Untracked 
| 126|0x0000000711c00000, 0x0000000711cb8820, 0x0000000711e00000| 36%| E|  |TAMS 0x0000000711c00000, 0x0000000711c00000| Complete 

Card table byte_map: [0x00000182c4790000,0x00000182c4f80000] _byte_map_base: 0x00000182c0f80000

Marking Bits (Prev, Next): (CMBitMap*) 0x00000182b969d380, (CMBitMap*) 0x00000182b969d340
 Prev Bits: [0x00000182c96f0000, 0x00000182cd670000)
 Next Bits: [0x00000182c5770000, 0x00000182c96f0000)

Polling page: 0x00000182b8d60000

Metaspace:

Usage:
  Non-class:     55.79 MB used.
      Class:      9.42 MB used.
       Both:     65.21 MB used.

Virtual space:
  Non-class space:       64.00 MB reserved,      56.06 MB ( 88%) committed,  1 nodes.
      Class space:        1.00 GB reserved,       9.62 MB ( <1%) committed,  1 nodes.
             Both:        1.06 GB reserved,      65.69 MB (  6%) committed. 

Chunk freelists:
   Non-Class:  7.17 MB
       Class:  6.39 MB
        Both:  13.56 MB

MaxMetaspaceSize: unlimited
CompressedClassSpaceSize: 1.00 GB
Initial GC threshold: 21.00 MB
Current GC threshold: 99.50 MB
CDS: on
MetaspaceReclaimPolicy: balanced
 - commit_granule_bytes: 65536.
 - commit_granule_words: 8192.
 - virtual_space_node_default_size: 8388608.
 - enlarge_chunks_in_place: 1.
 - new_chunks_are_fully_committed: 0.
 - uncommit_free_chunks: 1.
 - use_allocation_guard: 0.
 - handle_deallocations: 1.


Internal statistics:

num_allocs_failed_limit: 15.
num_arena_births: 610.
num_arena_deaths: 0.
num_vsnodes_births: 2.
num_vsnodes_deaths: 0.
num_space_committed: 1051.
num_space_uncommitted: 0.
num_chunks_returned_to_freelist: 15.
num_chunks_taken_from_freelist: 2981.
num_chunk_merges: 6.
num_chunk_splits: 2177.
num_chunks_enlarged: 1703.
num_inconsistent_stats: 0.

CodeCache: size=49152Kb used=12161Kb max_used=12491Kb free=36990Kb
 bounds [0x00000182c0e90000, 0x00000182c1b20000, 0x00000182c3e90000]
 total_blobs=7330 nmethods=6694 adapters=563
 compilation: enabled
              stopped_count=0, restarted_count=0
 full_count=0

Compilation events (20 events):
Event: 190.680 Thread 0x00000182cfbdc5d0 6685       1       org.springframework.util.MimeType::getType (5 bytes)
Event: 190.680 Thread 0x00000182cfbdc5d0 nmethod 6685 0x00000182c0fe1b10 code [0x00000182c0fe1ca0, 0x00000182c0fe1d78]
Event: 190.680 Thread 0x00000182cfbdc5d0 6686       1       org.springframework.util.MimeType::getSubtype (5 bytes)
Event: 190.680 Thread 0x00000182cfbdc5d0 nmethod 6686 0x00000182c0fe1810 code [0x00000182c0fe19a0, 0x00000182c0fe1a78]
Event: 190.683 Thread 0x00000182cfbdc5d0 6687       1       java.util.Properties$LineReader::readLine (584 bytes)
Event: 190.685 Thread 0x00000182cfbdc5d0 nmethod 6687 0x00000182c0fdfa90 code [0x00000182c0fdfd00, 0x00000182c0fe0f58]
Event: 190.712 Thread 0x00000182cfbdc5d0 6688       1       java.lang.Long::toHexString (6 bytes)
Event: 190.712 Thread 0x00000182cfbdc5d0 nmethod 6688 0x00000182c0fdee90 code [0x00000182c0fdf020, 0x00000182c0fdf0e8]
Event: 190.712 Thread 0x00000182cfbdc5d0 6689       1       java.lang.Long::toUnsignedString0 (83 bytes)
Event: 190.713 Thread 0x00000182cfbdc5d0 nmethod 6689 0x00000182c0fde890 code [0x00000182c0fdea40, 0x00000182c0fded28]
Event: 190.713 Thread 0x00000182cfbdc5d0 6690       1       java.lang.Long::numberOfLeadingZeros (26 bytes)
Event: 190.713 Thread 0x00000182cfbdc5d0 nmethod 6690 0x00000182c0fde510 code [0x00000182c0fde6c0, 0x00000182c0fde7d8]
Event: 190.713 Thread 0x00000182cfbdc5d0 6691       1       java.util.Formatter$FormatSpecifier::index (5 bytes)
Event: 190.713 Thread 0x00000182cfbdc5d0 nmethod 6691 0x00000182c0fde210 code [0x00000182c0fde3a0, 0x00000182c0fde478]
Event: 190.713 Thread 0x00000182cfbdc5d0 6692       1       java.util.regex.Matcher::start (65 bytes)
Event: 190.714 Thread 0x00000182cfbdc5d0 nmethod 6692 0x00000182c0fdd890 code [0x00000182c0fddaa0, 0x00000182c0fddf68]
Event: 190.714 Thread 0x00000182cfbdc5d0 6693       1       java.util.regex.Matcher::start (22 bytes)
Event: 190.714 Thread 0x00000182cfbdc5d0 nmethod 6693 0x00000182c0fdd510 code [0x00000182c0fdd6a0, 0x00000182c0fdd808]
Event: 190.714 Thread 0x00000182cfbdc5d0 6694       1       java.util.regex.ASCII::isDigit (18 bytes)
Event: 190.714 Thread 0x00000182cfbdc5d0 nmethod 6694 0x00000182c0fdd210 code [0x00000182c0fdd3a0, 0x00000182c0fdd478]

GC Heap History (20 events):
Event: 9.034 GC heap before
{Heap before GC invocations=9 (full 0):
 garbage-first heap   total 161792K, used 23988K [0x0000000702000000, 0x0000000800000000)
  region size 2048K, 6 young (12288K), 4 survivors (8192K)
 Metaspace       used 35812K, committed 36160K, reserved 1114112K
  class space    used 5095K, committed 5248K, reserved 1048576K
}
Event: 9.045 GC heap after
{Heap after GC invocations=10 (full 0):
 garbage-first heap   total 161792K, used 22201K [0x0000000702000000, 0x0000000800000000)
  region size 2048K, 3 young (6144K), 3 survivors (6144K)
 Metaspace       used 35812K, committed 36160K, reserved 1114112K
  class space    used 5095K, committed 5248K, reserved 1048576K
}
Event: 10.496 GC heap before
{Heap before GC invocations=11 (full 0):
 garbage-first heap   total 90112K, used 69305K [0x0000000702000000, 0x0000000800000000)
  region size 2048K, 26 young (53248K), 3 survivors (6144K)
 Metaspace       used 42358K, committed 42816K, reserved 1114112K
  class space    used 6157K, committed 6400K, reserved 1048576K
}
Event: 10.503 GC heap after
{Heap after GC invocations=12 (full 0):
 garbage-first heap   total 90112K, used 24632K [0x0000000702000000, 0x0000000800000000)
  region size 2048K, 2 young (4096K), 2 survivors (4096K)
 Metaspace       used 42358K, committed 42816K, reserved 1114112K
  class space    used 6157K, committed 6400K, reserved 1048576K
}
Event: 10.588 GC heap before
{Heap before GC invocations=12 (full 0):
 garbage-first heap   total 90112K, used 26680K [0x0000000702000000, 0x0000000800000000)
  region size 2048K, 3 young (6144K), 2 survivors (4096K)
 Metaspace       used 42974K, committed 43328K, reserved 1114112K
  class space    used 6247K, committed 6400K, reserved 1048576K
}
Event: 10.591 GC heap after
{Heap after GC invocations=13 (full 0):
 garbage-first heap   total 90112K, used 25148K [0x0000000702000000, 0x0000000800000000)
  region size 2048K, 1 young (2048K), 1 survivors (2048K)
 Metaspace       used 42974K, committed 43328K, reserved 1114112K
  class space    used 6247K, committed 6400K, reserved 1048576K
}
Event: 12.607 GC heap before
{Heap before GC invocations=13 (full 0):
 garbage-first heap   total 90112K, used 68156K [0x0000000702000000, 0x0000000800000000)
  region size 2048K, 22 young (45056K), 1 survivors (2048K)
 Metaspace       used 51501K, committed 51904K, reserved 1114112K
  class space    used 7501K, committed 7680K, reserved 1048576K
}
Event: 12.611 GC heap after
{Heap after GC invocations=14 (full 0):
 garbage-first heap   total 90112K, used 27089K [0x0000000702000000, 0x0000000800000000)
  region size 2048K, 2 young (4096K), 2 survivors (4096K)
 Metaspace       used 51501K, committed 51904K, reserved 1114112K
  class space    used 7501K, committed 7680K, reserved 1048576K
}
Event: 13.511 GC heap before
{Heap before GC invocations=14 (full 0):
 garbage-first heap   total 90112K, used 68049K [0x0000000702000000, 0x0000000800000000)
  region size 2048K, 22 young (45056K), 2 survivors (4096K)
 Metaspace       used 54748K, committed 55168K, reserved 1114112K
  class space    used 7948K, committed 8128K, reserved 1048576K
}
Event: 13.516 GC heap after
{Heap after GC invocations=15 (full 0):
 garbage-first heap   total 90112K, used 29693K [0x0000000702000000, 0x0000000800000000)
  region size 2048K, 3 young (6144K), 3 survivors (6144K)
 Metaspace       used 54748K, committed 55168K, reserved 1114112K
  class space    used 7948K, committed 8128K, reserved 1048576K
}
Event: 14.157 GC heap before
{Heap before GC invocations=15 (full 0):
 garbage-first heap   total 90112K, used 70653K [0x0000000702000000, 0x0000000800000000)
  region size 2048K, 23 young (47104K), 3 survivors (6144K)
 Metaspace       used 56412K, committed 56896K, reserved 1114112K
  class space    used 8179K, committed 8384K, reserved 1048576K
}
Event: 14.163 GC heap after
{Heap after GC invocations=16 (full 0):
 garbage-first heap   total 90112K, used 31987K [0x0000000702000000, 0x0000000800000000)
  region size 2048K, 3 young (6144K), 3 survivors (6144K)
 Metaspace       used 56412K, committed 56896K, reserved 1114112K
  class space    used 8179K, committed 8384K, reserved 1048576K
}
Event: 14.710 GC heap before
{Heap before GC invocations=16 (full 0):
 garbage-first heap   total 90112K, used 68851K [0x0000000702000000, 0x0000000800000000)
  region size 2048K, 21 young (43008K), 3 survivors (6144K)
 Metaspace       used 57638K, committed 58048K, reserved 1114112K
  class space    used 8367K, committed 8576K, reserved 1048576K
}
Event: 14.716 GC heap after
{Heap after GC invocations=17 (full 0):
 garbage-first heap   total 90112K, used 34114K [0x0000000702000000, 0x0000000800000000)
  region size 2048K, 3 young (6144K), 3 survivors (6144K)
 Metaspace       used 57638K, committed 58048K, reserved 1114112K
  class space    used 8367K, committed 8576K, reserved 1048576K
}
Event: 20.133 GC heap before
{Heap before GC invocations=17 (full 0):
 garbage-first heap   total 90112K, used 66882K [0x0000000702000000, 0x0000000800000000)
  region size 2048K, 20 young (40960K), 3 survivors (6144K)
 Metaspace       used 58479K, committed 58944K, reserved 1114112K
  class space    used 8496K, committed 8704K, reserved 1048576K
}
Event: 20.138 GC heap after
{Heap after GC invocations=18 (full 0):
 garbage-first heap   total 90112K, used 35719K [0x0000000702000000, 0x0000000800000000)
  region size 2048K, 2 young (4096K), 2 survivors (4096K)
 Metaspace       used 58479K, committed 58944K, reserved 1114112K
  class space    used 8496K, committed 8704K, reserved 1048576K
}
Event: 20.506 GC heap before
{Heap before GC invocations=18 (full 0):
 garbage-first heap   total 90112K, used 50055K [0x0000000702000000, 0x0000000800000000)
  region size 2048K, 10 young (20480K), 2 survivors (4096K)
 Metaspace       used 59973K, committed 60416K, reserved 1114112K
  class space    used 8725K, committed 8960K, reserved 1048576K
}
Event: 20.512 GC heap after
{Heap after GC invocations=19 (full 0):
 garbage-first heap   total 90112K, used 37440K [0x0000000702000000, 0x0000000800000000)
  region size 2048K, 2 young (4096K), 2 survivors (4096K)
 Metaspace       used 59973K, committed 60416K, reserved 1114112K
  class space    used 8725K, committed 8960K, reserved 1048576K
}
Event: 190.691 GC heap before
{Heap before GC invocations=20 (full 0):
 garbage-first heap   total 90112K, used 70208K [0x0000000702000000, 0x0000000800000000)
  region size 2048K, 18 young (36864K), 2 survivors (4096K)
 Metaspace       used 66687K, committed 67136K, reserved 1114112K
  class space    used 9635K, committed 9856K, reserved 1048576K
}
Event: 190.699 GC heap after
{Heap after GC invocations=21 (full 0):
 garbage-first heap   total 90112K, used 40076K [0x0000000702000000, 0x0000000800000000)
  region size 2048K, 3 young (6144K), 3 survivors (6144K)
 Metaspace       used 66687K, committed 67136K, reserved 1114112K
  class space    used 9635K, committed 9856K, reserved 1048576K
}

Deoptimization events (20 events):
Event: 4.618 Thread 0x00000182b9639d00 DEOPT PACKING pc=0x00000182c14939f9 sp=0x0000001d72dfd680
Event: 4.618 Thread 0x00000182b9639d00 DEOPT UNPACKING pc=0x00000182c0ee2b43 sp=0x0000001d72dfcb60 mode 3
Event: 6.071 Thread 0x00000182b9639d00 DEOPT PACKING pc=0x00000182c148f8d4 sp=0x0000001d72dfdb30
Event: 6.071 Thread 0x00000182b9639d00 DEOPT UNPACKING pc=0x00000182c0ee2b43 sp=0x0000001d72dfd088 mode 0
Event: 7.801 Thread 0x00000182b9639d00 DEOPT PACKING pc=0x00000182c173298a sp=0x0000001d72dfbc90
Event: 7.801 Thread 0x00000182b9639d00 DEOPT UNPACKING pc=0x00000182c0ee2b43 sp=0x0000001d72dfb228 mode 0
Event: 8.526 Thread 0x00000182b9639d00 DEOPT PACKING pc=0x00000182c17f8825 sp=0x0000001d72dfc8b0
Event: 8.526 Thread 0x00000182b9639d00 DEOPT UNPACKING pc=0x00000182c0ee2b43 sp=0x0000001d72dfbe18 mode 3
Event: 8.926 Thread 0x00000182b9639d00 DEOPT PACKING pc=0x00000182c14690e2 sp=0x0000001d72df8c30
Event: 8.926 Thread 0x00000182b9639d00 DEOPT UNPACKING pc=0x00000182c0ee2b43 sp=0x0000001d72df8138 mode 3
Event: 8.929 Thread 0x00000182b9639d00 DEOPT PACKING pc=0x00000182c1459ee5 sp=0x0000001d72df8bf0
Event: 8.929 Thread 0x00000182b9639d00 DEOPT UNPACKING pc=0x00000182c0ee2b43 sp=0x0000001d72df8138 mode 3
Event: 9.359 Thread 0x000001831655e620 DEOPT PACKING pc=0x00000182c136101f sp=0x0000001d752fed80
Event: 9.359 Thread 0x000001831655e620 DEOPT UNPACKING pc=0x00000182c0ee2b43 sp=0x0000001d752fe1d8 mode 3
Event: 12.924 Thread 0x00000182b9639d00 DEOPT PACKING pc=0x00000182c1857464 sp=0x0000001d72dfd0c0
Event: 12.924 Thread 0x00000182b9639d00 DEOPT UNPACKING pc=0x00000182c0ee2b43 sp=0x0000001d72dfc650 mode 0
Event: 13.993 Thread 0x00000182b9639d00 DEOPT PACKING pc=0x00000182c1a08279 sp=0x0000001d72dfc2a0
Event: 13.993 Thread 0x00000182b9639d00 DEOPT UNPACKING pc=0x00000182c0ee2b43 sp=0x0000001d72dfb780 mode 3
Event: 20.154 Thread 0x00000182b9639d00 DEOPT PACKING pc=0x00000182c1a81800 sp=0x0000001d72dfe780
Event: 20.154 Thread 0x00000182b9639d00 DEOPT UNPACKING pc=0x00000182c0ee2b43 sp=0x0000001d72dfdc48 mode 3

Classes unloaded (20 events):
Event: 190.753 Thread 0x00000182cfbc2150 Unloading class 0x00000182d2128000 'java/lang/invoke/LambdaForm$MH+0x00000182d2128000'
Event: 190.753 Thread 0x00000182cfbc2150 Unloading class 0x00000182d2080c00 'jdk/internal/reflect/GeneratedSerializationConstructorAccessor3'
Event: 190.753 Thread 0x00000182cfbc2150 Unloading class 0x00000182d2080800 'jdk/internal/reflect/GeneratedSerializationConstructorAccessor2'
Event: 190.753 Thread 0x00000182cfbc2150 Unloading class 0x00000182d2080400 'jdk/internal/reflect/GeneratedSerializationConstructorAccessor1'
Event: 190.753 Thread 0x00000182cfbc2150 Unloading class 0x00000182d2009c00 'java/lang/invoke/LambdaForm$DMH+0x00000182d2009c00'
Event: 190.753 Thread 0x00000182cfbc2150 Unloading class 0x00000182d2008800 'java/lang/invoke/LambdaForm$DMH+0x00000182d2008800'
Event: 190.753 Thread 0x00000182cfbc2150 Unloading class 0x00000182d2007c00 'jdk/internal/reflect/GeneratedConstructorAccessor1'
Event: 190.753 Thread 0x00000182cfbc2150 Unloading class 0x00000182d2007400 'java/lang/invoke/LambdaForm$MH+0x00000182d2007400'
Event: 190.753 Thread 0x00000182cfbc2150 Unloading class 0x00000182d2007000 'java/lang/invoke/LambdaForm$MH+0x00000182d2007000'
Event: 190.753 Thread 0x00000182cfbc2150 Unloading class 0x00000182d2006c00 'java/lang/invoke/LambdaForm$MH+0x00000182d2006c00'
Event: 190.753 Thread 0x00000182cfbc2150 Unloading class 0x00000182d2006800 'java/lang/invoke/LambdaForm$MH+0x00000182d2006800'
Event: 190.753 Thread 0x00000182cfbc2150 Unloading class 0x00000182d2006400 'java/lang/invoke/LambdaForm$MH+0x00000182d2006400'
Event: 190.753 Thread 0x00000182cfbc2150 Unloading class 0x00000182d2006000 'java/lang/invoke/LambdaForm$MH+0x00000182d2006000'
Event: 190.753 Thread 0x00000182cfbc2150 Unloading class 0x00000182d2005000 'java/lang/invoke/LambdaForm$MH+0x00000182d2005000'
Event: 190.753 Thread 0x00000182cfbc2150 Unloading class 0x00000182d2004c00 'java/lang/invoke/LambdaForm$MH+0x00000182d2004c00'
Event: 190.753 Thread 0x00000182cfbc2150 Unloading class 0x00000182d2004400 'java/lang/invoke/LambdaForm$MH+0x00000182d2004400'
Event: 190.753 Thread 0x00000182cfbc2150 Unloading class 0x00000182d2003800 'java/lang/invoke/LambdaForm$MH+0x00000182d2003800'
Event: 190.753 Thread 0x00000182cfbc2150 Unloading class 0x00000182d2003000 'java/lang/invoke/LambdaForm$MH+0x00000182d2003000'
Event: 190.753 Thread 0x00000182cfbc2150 Unloading class 0x00000182d2002800 'java/lang/invoke/LambdaForm$MH+0x00000182d2002800'
Event: 190.753 Thread 0x00000182cfbc2150 Unloading class 0x00000182d2002000 'java/lang/invoke/LambdaForm$MH+0x00000182d2002000'

Classes redefined (0 events):
No events

Internal exceptions (20 events):
Event: 20.304 Thread 0x00000182b9639d00 Exception <a 'java/lang/ClassNotFoundException'{0x000000070b5fb398}: org/springframework/beans/factory/config/ScopeCustomizer> (0x000000070b5fb398) 
thrown [s\open\src\hotspot\share\classfile\systemDictionary.cpp, line 256]
Event: 20.305 Thread 0x00000182b9639d00 Exception <a 'java/lang/ClassNotFoundException'{0x0000000706e03670}: org/springframework/beans/factory/config/BeanFactoryPostProcessorCustomizer> (0x0000000706e03670) 
thrown [s\open\src\hotspot\share\classfile\systemDictionary.cpp, line 256]
Event: 20.306 Thread 0x00000182b9639d00 Exception <a 'java/lang/ClassNotFoundException'{0x0000000706e0a328}: org/springframework/beans/factory/support/BeanDefinitionRegistryPostProcessorCustomizer> (0x0000000706e0a328) 
thrown [s\open\src\hotspot\share\classfile\systemDictionary.cpp, line 256]
Event: 20.306 Thread 0x00000182b9639d00 Exception <a 'java/lang/ClassNotFoundException'{0x0000000706e10c50}: org/springframework/beans/factory/config/BeanFactoryPostProcessorCustomizer> (0x0000000706e10c50) 
thrown [s\open\src\hotspot\share\classfile\systemDictionary.cpp, line 256]
Event: 20.307 Thread 0x00000182b9639d00 Exception <a 'java/lang/ClassNotFoundException'{0x0000000706e17020}: org/springframework/beans/factory/DisposableBeanCustomizer> (0x0000000706e17020) 
thrown [s\open\src\hotspot\share\classfile\systemDictionary.cpp, line 256]
Event: 20.311 Thread 0x00000182b9639d00 Exception <a 'java/lang/ClassNotFoundException'{0x0000000706e27898}: java/lang/ObjectCustomizer> (0x0000000706e27898) 
thrown [s\open\src\hotspot\share\classfile\systemDictionary.cpp, line 256]
Event: 20.313 Thread 0x00000182b9639d00 Exception <a 'java/lang/ClassNotFoundException'{0x0000000706e30c58}: org/springframework/cloud/context/properties/ConfigurationPropertiesRebinderCustomizer> (0x0000000706e30c58) 
thrown [s\open\src\hotspot\share\classfile\systemDictionary.cpp, line 256]
Event: 20.315 Thread 0x00000182b9639d00 Exception <a 'java/lang/ClassNotFoundException'{0x0000000706e42838}: org/springframework/context/ApplicationContextAwareCustomizer> (0x0000000706e42838) 
thrown [s\open\src\hotspot\share\classfile\systemDictionary.cpp, line 256]
Event: 20.316 Thread 0x00000182b9639d00 Exception <a 'java/lang/ClassNotFoundException'{0x0000000706e492f8}: org/springframework/beans/factory/AwareCustomizer> (0x0000000706e492f8) 
thrown [s\open\src\hotspot\share\classfile\systemDictionary.cpp, line 256]
Event: 20.318 Thread 0x00000182b9639d00 Exception <a 'java/lang/ClassNotFoundException'{0x0000000706e4eae0}: org/springframework/context/ApplicationListenerCustomizer> (0x0000000706e4eae0) 
thrown [s\open\src\hotspot\share\classfile\systemDictionary.cpp, line 256]
Event: 20.318 Thread 0x00000182b9639d00 Exception <a 'java/lang/ClassNotFoundException'{0x0000000706e51030}: java/util/EventListenerCustomizer> (0x0000000706e51030) 
thrown [s\open\src\hotspot\share\classfile\systemDictionary.cpp, line 256]
Event: 20.319 Thread 0x00000182b9639d00 Exception <a 'java/lang/ClassNotFoundException'{0x0000000706e57770}: java/lang/ObjectCustomizer> (0x0000000706e57770) 
thrown [s\open\src\hotspot\share\classfile\systemDictionary.cpp, line 256]
Event: 20.320 Thread 0x00000182b9639d00 Exception <a 'java/lang/ClassNotFoundException'{0x0000000706e60660}: org/springframework/jmx/export/metadata/AbstractJmxAttributeCustomizer> (0x0000000706e60660) 
thrown [s\open\src\hotspot\share\classfile\systemDictionary.cpp, line 256]
Event: 20.321 Thread 0x00000182b9639d00 Exception <a 'java/lang/ClassNotFoundException'{0x0000000706e69250}: org/springframework/jmx/export/metadata/ManagedAttributeCustomizer> (0x0000000706e69250) 
thrown [s\open\src\hotspot\share\classfile\systemDictionary.cpp, line 256]
Event: 20.333 Thread 0x00000182b9639d00 Exception <a 'java/lang/NoSuchMethodError'{0x0000000706eb70d8}: 'java.lang.Object java.lang.invoke.DirectMethodHandle$Holder.invokeSpecial(java.lang.Object, java.lang.Object, int, java.lang.Object, int, java.lang.Object)'> (0x0000000706eb70d8) 
thrown [s\open\src\hotspot\share\interpreter\linkResolver.cpp, line 759]
Event: 20.333 Thread 0x00000182b9639d00 Exception <a 'java/lang/NoSuchMethodError'{0x0000000706ebeed8}: 'java.lang.Object java.lang.invoke.DirectMethodHandle$Holder.newInvokeSpecial(java.lang.Object, java.lang.Object, int, java.lang.Object, int)'> (0x0000000706ebeed8) 
thrown [s\open\src\hotspot\share\interpreter\linkResolver.cpp, line 759]
Event: 20.334 Thread 0x00000182b9639d00 Exception <a 'java/lang/NoSuchMethodError'{0x0000000706ec2fd8}: 'java.lang.Object java.lang.invoke.DirectMethodHandle$Holder.invokeSpecial(java.lang.Object, java.lang.Object, java.lang.Object, int, java.lang.Object, int)'> (0x0000000706ec2fd8) 
thrown [s\open\src\hotspot\share\interpreter\linkResolver.cpp, line 759]
Event: 20.336 Thread 0x00000182b9639d00 Exception <a 'java/lang/NoSuchMethodError'{0x0000000706ecd048}: 'void java.lang.invoke.DirectMethodHandle$Holder.invokeVirtual(java.lang.Object, java.lang.Object)'> (0x0000000706ecd048) 
thrown [s\open\src\hotspot\share\interpreter\linkResolver.cpp, line 759]
Event: 190.588 Thread 0x0000018317304880 Exception <a 'java/lang/ClassNotFoundException'{0x0000000705760ac0}: java/lang/ObjectCustomizer> (0x0000000705760ac0) 
thrown [s\open\src\hotspot\share\classfile\systemDictionary.cpp, line 256]
Event: 190.590 Thread 0x0000018317304880 Exception <a 'java/lang/ClassNotFoundException'{0x000000070576c348}: com/amigoscode/FraudCheckHistoryCustomizer> (0x000000070576c348) 
thrown [s\open\src\hotspot\share\classfile\systemDictionary.cpp, line 256]

VM Operations (20 events):
Event: 171.527 Executing VM operation: Cleanup done
Event: 174.528 Executing VM operation: Cleanup
Event: 174.528 Executing VM operation: Cleanup done
Event: 178.531 Executing VM operation: Cleanup
Event: 178.531 Executing VM operation: Cleanup done
Event: 190.476 Executing VM operation: HandshakeAllThreads
Event: 190.476 Executing VM operation: HandshakeAllThreads done
Event: 190.476 Executing VM operation: Cleanup
Event: 190.476 Executing VM operation: Cleanup done
Event: 190.484 Executing VM operation: HandshakeAllThreads
Event: 190.484 Executing VM operation: HandshakeAllThreads done
Event: 190.551 Executing VM operation: HandshakeAllThreads
Event: 190.551 Executing VM operation: HandshakeAllThreads done
Event: 190.586 Executing VM operation: HandshakeAllThreads
Event: 190.586 Executing VM operation: HandshakeAllThreads done
Event: 190.673 Executing VM operation: HandshakeAllThreads
Event: 190.673 Executing VM operation: HandshakeAllThreads done
Event: 190.691 Executing VM operation: G1CollectForAllocation
Event: 190.699 Executing VM operation: G1CollectForAllocation done
Event: 190.751 Executing VM operation: G1Concurrent

Events (20 events):
Event: 190.413 loading class sun/nio/ch/SelectionKeyImpl
Event: 190.413 loading class java/nio/channels/spi/AbstractSelectionKey
Event: 190.413 loading class java/nio/channels/SelectionKey
Event: 190.414 loading class java/nio/channels/SelectionKey done
Event: 190.414 loading class java/nio/channels/spi/AbstractSelectionKey done
Event: 190.414 loading class sun/nio/ch/SelectionKeyImpl done
Event: 190.414 loading class java/lang/invoke/ConstantBootstraps
Event: 190.414 loading class java/lang/invoke/ConstantBootstraps done
Event: 190.415 Thread 0x0000018317304880 Thread added: 0x0000018317304880
Event: 190.467 loading class sun/nio/cs/ISO_8859_1$Decoder
Event: 190.467 loading class sun/nio/cs/ISO_8859_1$Decoder done
Event: 190.587 loading class java/lang/ObjectCustomizer
Event: 190.587 loading class java/lang/ObjectCustomizer done
Event: 190.588 loading class java/lang/ObjectCustomizer
Event: 190.588 loading class java/lang/ObjectCustomizer done
Event: 190.678 loading class java/util/stream/LongStream
Event: 190.678 loading class java/util/stream/LongStream done
Event: 190.678 loading class java/util/stream/DoubleStream
Event: 190.679 loading class java/util/stream/DoubleStream done
Event: 190.711 Thread 0x000001831730a3a0 Thread added: 0x000001831730a3a0


Dynamic libraries:
0x00007ff66a040000 - 0x00007ff66a050000 	C:\Program Files\Java\jdk-17\bin\java.exe
0x00007ff8f88b0000 - 0x00007ff8f8ac7000 	C:\Windows\SYSTEM32\ntdll.dll
0x00007ff8aab30000 - 0x00007ff8aab49000 	C:\Program Files\Avast Software\Avast\aswhook.dll
0x00007ff8f72a0000 - 0x00007ff8f7364000 	C:\Windows\System32\KERNEL32.DLL
0x00007ff8f5ff0000 - 0x00007ff8f6396000 	C:\Windows\System32\KERNELBASE.dll
0x00007ff8f64f0000 - 0x00007ff8f6601000 	C:\Windows\System32\ucrtbase.dll
0x00007ff8c26d0000 - 0x00007ff8c26e9000 	C:\Program Files\Java\jdk-17\bin\jli.dll
0x00007ff8c26b0000 - 0x00007ff8c26cb000 	C:\Program Files\Java\jdk-17\bin\VCRUNTIME140.dll
0x00007ff8f70f0000 - 0x00007ff8f71a0000 	C:\Windows\System32\ADVAPI32.dll
0x00007ff8f87c0000 - 0x00007ff8f8867000 	C:\Windows\System32\msvcrt.dll
0x00007ff8f73b0000 - 0x00007ff8f7456000 	C:\Windows\System32\sechost.dll
0x00007ff8f7e40000 - 0x00007ff8f7f57000 	C:\Windows\System32\RPCRT4.dll
0x00007ff8f6e40000 - 0x00007ff8f6fed000 	C:\Windows\System32\USER32.dll
0x00007ff8f64c0000 - 0x00007ff8f64e6000 	C:\Windows\System32\win32u.dll
0x00007ff8f6690000 - 0x00007ff8f66b9000 	C:\Windows\System32\GDI32.dll
0x00007ff8f63a0000 - 0x00007ff8f64b8000 	C:\Windows\System32\gdi32full.dll
0x00007ff8f5cf0000 - 0x00007ff8f5d8a000 	C:\Windows\System32\msvcp_win.dll
0x00007ff8dded0000 - 0x00007ff8de163000 	C:\Windows\WinSxS\amd64_microsoft.windows.common-controls_6595b64144ccf1df_6.0.22621.2361_none_2712ced57382f843\COMCTL32.dll
0x00007ff8f5890000 - 0x00007ff8f589a000 	C:\Windows\SYSTEM32\VERSION.dll
0x00007ff8f7370000 - 0x00007ff8f73a1000 	C:\Windows\System32\IMM32.DLL
0x0000000056420000 - 0x000000005642c000 	C:\Program Files (x86)\360\Total Security\safemon\SafeWrapper.dll
0x00007ff8bd9e0000 - 0x00007ff8bda72000 	C:\Program Files (x86)\360\Total Security\safemon\libzdtp64.dll
0x00007ff8f7560000 - 0x00007ff8f7db8000 	C:\Windows\System32\SHELL32.dll
0x00007ff8f7fb0000 - 0x00007ff8f800e000 	C:\Windows\System32\SHLWAPI.dll
0x00007ff8c26a0000 - 0x00007ff8c26ac000 	C:\Program Files\Java\jdk-17\bin\vcruntime140_1.dll
0x00007ff8bd950000 - 0x00007ff8bd9de000 	C:\Program Files\Java\jdk-17\bin\msvcp140.dll
0x00007ff8bcd60000 - 0x00007ff8bd941000 	C:\Program Files\Java\jdk-17\bin\server\jvm.dll
0x00007ff8f67a0000 - 0x00007ff8f67a8000 	C:\Windows\System32\PSAPI.DLL
0x00007ff8dd920000 - 0x00007ff8dd929000 	C:\Windows\SYSTEM32\WSOCK32.dll
0x00007ff8f71a0000 - 0x00007ff8f7211000 	C:\Windows\System32\WS2_32.dll
0x00007ff8ee2b0000 - 0x00007ff8ee2e4000 	C:\Windows\SYSTEM32\WINMM.dll
0x00007ff8f4c50000 - 0x00007ff8f4c68000 	C:\Windows\SYSTEM32\kernel.appcore.dll
0x00007ff8c2680000 - 0x00007ff8c268a000 	C:\Program Files\Java\jdk-17\bin\jimage.dll
0x00007ff8e6770000 - 0x00007ff8e699e000 	C:\Windows\SYSTEM32\DBGHELP.DLL
0x00007ff8f67c0000 - 0x00007ff8f6b4a000 	C:\Windows\System32\combase.dll
0x00007ff8f66c0000 - 0x00007ff8f6797000 	C:\Windows\System32\OLEAUT32.dll
0x00007ff8e6730000 - 0x00007ff8e6762000 	C:\Windows\SYSTEM32\dbgcore.DLL
0x00007ff8f5f70000 - 0x00007ff8f5fea000 	C:\Windows\System32\bcryptPrimitives.dll
0x00007ff8c6e50000 - 0x00007ff8c6e5e000 	C:\Program Files\Java\jdk-17\bin\instrument.dll
0x00007ff8bc8f0000 - 0x00007ff8bc915000 	C:\Program Files\Java\jdk-17\bin\java.dll
0x00007ff8bc0b0000 - 0x00007ff8bc187000 	C:\Program Files\Java\jdk-17\bin\jsvml.dll
0x00007ff8f3ad0000 - 0x00007ff8f43c2000 	C:\Windows\SYSTEM32\windows.storage.dll
0x00007ff8f3990000 - 0x00007ff8f3ace000 	C:\Windows\SYSTEM32\wintypes.dll
0x00007ff8f7460000 - 0x00007ff8f7553000 	C:\Windows\System32\SHCORE.dll
0x00007ff8f5b60000 - 0x00007ff8f5b86000 	C:\Windows\SYSTEM32\profapi.dll
0x00007ff8bb900000 - 0x00007ff8bb918000 	C:\Program Files\Java\jdk-17\bin\zip.dll
0x00007ff8bbab0000 - 0x00007ff8bbac9000 	C:\Program Files\Java\jdk-17\bin\net.dll
0x00007ff8eeb70000 - 0x00007ff8eeca7000 	C:\Windows\SYSTEM32\WINHTTP.dll
0x00007ff8f5120000 - 0x00007ff8f5189000 	C:\Windows\system32\mswsock.dll
0x00007ff8bb920000 - 0x00007ff8bb936000 	C:\Program Files\Java\jdk-17\bin\nio.dll
0x00007ff8794c0000 - 0x00007ff8794da000 	C:\Program Files\JetBrains\IntelliJ IDEA 2023.2.2\bin\breakgen64.dll
0x00007ff8f4700000 - 0x00007ff8f47f9000 	C:\Windows\SYSTEM32\DNSAPI.dll
0x00007ff8f4690000 - 0x00007ff8f46bd000 	C:\Windows\SYSTEM32\IPHLPAPI.DLL
0x00007ff8f7220000 - 0x00007ff8f7229000 	C:\Windows\System32\NSI.dll
0x00007ff8eb3f0000 - 0x00007ff8eb3fa000 	C:\Windows\System32\rasadhlp.dll
0x00007ff8ed0c0000 - 0x00007ff8ed144000 	C:\Windows\System32\fwpuclnt.dll
0x00007ff8aab80000 - 0x00007ff8aab8a000 	C:\Program Files\Java\jdk-17\bin\management.dll
0x00007ff8aab70000 - 0x00007ff8aab7b000 	C:\Program Files\Java\jdk-17\bin\management_ext.dll
0x00007ff8f5440000 - 0x00007ff8f545b000 	C:\Windows\SYSTEM32\CRYPTSP.dll
0x00007ff8f4c10000 - 0x00007ff8f4c45000 	C:\Windows\system32\rsaenh.dll
0x00007ff8f51c0000 - 0x00007ff8f51ec000 	C:\Windows\SYSTEM32\USERENV.dll
0x00007ff8f5560000 - 0x00007ff8f5588000 	C:\Windows\SYSTEM32\bcrypt.dll
0x00007ff8f5420000 - 0x00007ff8f542c000 	C:\Windows\SYSTEM32\CRYPTBASE.dll
0x00007ff8ee500000 - 0x00007ff8ee519000 	C:\Windows\SYSTEM32\dhcpcsvc6.DLL
0x00007ff8ee2f0000 - 0x00007ff8ee30f000 	C:\Windows\SYSTEM32\dhcpcsvc.DLL
0x00007ff8c8e50000 - 0x00007ff8c8e67000 	C:\Windows\system32\napinsp.dll
0x00007ff8c88a0000 - 0x00007ff8c88bb000 	C:\Windows\system32\pnrpnsp.dll
0x00007ff8c8880000 - 0x00007ff8c8891000 	C:\Windows\System32\winrnr.dll
0x00007ff8ed1f0000 - 0x00007ff8ed205000 	C:\Windows\system32\wshbth.dll
0x00007ff8c82e0000 - 0x00007ff8c8301000 	C:\Windows\system32\nlansp_c.dll
0x00007ff8ad400000 - 0x00007ff8ad410000 	C:\Program Files\Java\jdk-17\bin\verify.dll
0x00007ff8ab600000 - 0x00007ff8ab60e000 	C:\Program Files\Java\jdk-17\bin\sunmscapi.dll
0x00007ff8f5d90000 - 0x00007ff8f5ef6000 	C:\Windows\System32\CRYPT32.dll
0x00007ff8f5500000 - 0x00007ff8f552d000 	C:\Windows\SYSTEM32\ncrypt.dll
0x00007ff8f54b0000 - 0x00007ff8f54e7000 	C:\Windows\SYSTEM32\NTASN1.dll
0x00007ff8aab90000 - 0x00007ff8aab98000 	C:\Windows\system32\wshunix.dll

dbghelp: loaded successfully - version: 4.0.5 - missing functions: none
symbol engine: initialized successfully - sym options: 0x614 - pdb path: .;C:\Program Files\Java\jdk-17\bin;C:\Windows\SYSTEM32;C:\Program Files\Avast Software\Avast;C:\Windows\WinSxS\amd64_microsoft.windows.common-controls_6595b64144ccf1df_6.0.22621.2361_none_2712ced57382f843;C:\Program Files (x86)\360\Total Security\safemon;C:\Program Files\Java\jdk-17\bin\server;C:\Program Files\JetBrains\IntelliJ IDEA 2023.2.2\bin

VM Arguments:
jvm_args: -XX:TieredStopAtLevel=1 -Dspring.output.ansi.enabled=always -Dcom.sun.management.jmxremote -Dspring.jmx.enabled=true -Dspring.liveBeansView.mbeanDomain -Dspring.application.admin.enabled=true -Dmanagement.endpoints.jmx.exposure.include=* -javaagent:C:\Program Files\JetBrains\IntelliJ IDEA 2023.2.2\lib\idea_rt.jar=51799:C:\Program Files\JetBrains\IntelliJ IDEA 2023.2.2\bin -Dfile.encoding=UTF-8 
java_command: com.amigoscode.FraudApplication
java_class_path (initial): C:\Users\ayoub\Documents\workspace-spring-tool-suite-4-4.20.0.RELEASE\Customerr\fraud_services\target\classes;C:\Users\ayoub\.m2\repository\org\springframework\boot\spring-boot-starter-web\2.5.7\spring-boot-starter-web-2.5.7.jar;C:\Users\ayoub\.m2\repository\org\springframework\boot\spring-boot-starter\2.5.7\spring-boot-starter-2.5.7.jar;C:\Users\ayoub\.m2\repository\org\springframework\boot\spring-boot\2.5.7\spring-boot-2.5.7.jar;C:\Users\ayoub\.m2\repository\org\springframework\boot\spring-boot-autoconfigure\2.5.7\spring-boot-autoconfigure-2.5.7.jar;C:\Users\ayoub\.m2\repository\org\springframework\boot\spring-boot-starter-logging\2.5.7\spring-boot-starter-logging-2.5.7.jar;C:\Users\ayoub\.m2\repository\ch\qos\logback\logback-classic\1.2.7\logback-classic-1.2.7.jar;C:\Users\ayoub\.m2\repository\ch\qos\logback\logback-core\1.2.7\logback-core-1.2.7.jar;C:\Users\ayoub\.m2\repository\org\apache\logging\log4j\log4j-to-slf4j\2.14.1\log4j-to-slf4j-2.14.1.jar;C:\Users\ayoub\.m2\repository\org\apache\logging\log4j\log4j-api\2.14.1\log4j-api-2.14.1.jar;C:\Users\ayoub\.m2\repository\org\slf4j\jul-to-slf4j\1.7.32\jul-to-slf4j-1.7.32.jar;C:\Users\ayoub\.m2\repository\jakarta\annotation\jakarta.annotation-api\1.3.5\jakarta.annotation-api-1.3.5.jar;C:\Users\ayoub\.m2\repository\org\yaml\snakeyaml\1.28\snakeyaml-1.28.jar;C:\Users\ayoub\.m2\repository\org\springframework\boot\spring-boot-starter-json\2.5.7\spring-boot-starter-json-2.5.7.jar;C:\Users\ayoub\.m2\repository\com\fasterxml\jackson\core\jackson-databind\2.12.5\jackson-databind-2.12.5.jar;C:\Users\ayoub\.m2\repository\com\fasterxml\jackson\datatype\jackson-datatype-jdk8\2.12.5\jackson-datatype-jdk8-2.12.5.jar;C:\Users\ayoub\.m2\repository\com\fasterxml\jackson\datatype\jackson-datatype-jsr310\2.12.5\jackson-datatype-jsr310-2.12.5.jar;C:\Users\ayoub\.m2\repository\com\fasterxml\jackson\module\jackson-module-parameter-names\2.12.5\jackson-module-parameter-names-2.12.5.jar;C:\Users\ayoub\.m2\repo
Launcher Type: SUN_STANDARD

[Global flags]
     intx CICompilerCount                          = 4                                         {product} {ergonomic}
     uint ConcGCThreads                            = 2                                         {product} {ergonomic}
     uint G1ConcRefinementThreads                  = 8                                         {product} {ergonomic}
   size_t G1HeapRegionSize                         = 2097152                                   {product} {ergonomic}
    uintx GCDrainStackTargetSize                   = 64                                        {product} {ergonomic}
   size_t InitialHeapSize                          = 266338304                                 {product} {ergonomic}
     bool ManagementServer                         = true                                      {product} {command line}
   size_t MarkStackSize                            = 4194304                                   {product} {ergonomic}
   size_t MaxHeapSize                              = 4261412864                                {product} {ergonomic}
   size_t MaxNewSize                               = 2556428288                                {product} {ergonomic}
   size_t MinHeapDeltaBytes                        = 2097152                                   {product} {ergonomic}
   size_t MinHeapSize                              = 8388608                                   {product} {ergonomic}
    uintx NonProfiledCodeHeapSize                  = 0                                      {pd product} {ergonomic}
     bool ProfileInterpreter                       = false                                  {pd product} {command line}
    uintx ProfiledCodeHeapSize                     = 0                                      {pd product} {ergonomic}
   size_t SoftMaxHeapSize                          = 4261412864                             {manageable} {ergonomic}
     intx TieredStopAtLevel                        = 1                                         {product} {command line}
     bool UseCompressedClassPointers               = true                           {product lp64_product} {ergonomic}
     bool UseCompressedOops                        = true                           {product lp64_product} {ergonomic}
     bool UseG1GC                                  = true                                      {product} {ergonomic}
     bool UseLargePagesIndividualAllocation        = false                                  {pd product} {ergonomic}

Logging:
Log output configuration:
 #0: stdout all=warning uptime,level,tags
 #1: stderr all=off uptime,level,tags

Environment Variables:
JAVA_HOME=C:\Program Files\Java\jdk-17
PATH=C:\Program Files\Common Files\Oracle\Java\javapath;C:\Program Files (x86)\Common Files\Oracle\Java\javapath;C:\Windows\system32;C:\Windows;C:\Windows\System32\Wbem;C:\Windows\System32\WindowsPowerShell\v1.0\;C:\Windows\System32\OpenSSH\;C:\Program Files\Common Files\Oracle\Java\javapath;C:\Program Files\Git\cmd;C:\flutter_windows_3.13.6-stable\flutter\bin;C:\Program Files (x86)\Windows Kits\10\Windows Performance Toolkit\;C:\Program Files\Cloudflare\Cloudflare WARP\;C:\Program Files\Java\jdk-17\bin;C:\Program Files\Java\jre-1.8\bin;C:\apache-maven-3.9.5\bin;C:\Program Files (x86)\NVIDIA Corporation\PhysX\Common;C:\Users\ayoub\AppData\Roaming\npm;C:\Users\ayoub\AppData\Local\Pub\Cache\bin;C:\ProgramData\chocolatey\bin;C:\sonar-scanner-5.0.1.3006-windows\bin;C:\Program Files\php-8.3.1;C:\ProgramData\ComposerSetup\bin;C:\Program Files\nodejs\;C:\Program Files\Docker\Docker\resources\bin;C:\Users\ayoub\AppData\Local\Microsoft\WindowsApps;C:\Program Files\JetBrains\IntelliJ IDEA 2023.2.2\bin;;C:\Users\ayoub\AppData\Local\Programs\Microsoft VS Code\bin;C:\flutter\bin;C:\xampp\php;C:\Users\ayoub\composer;C:\Users\ayoub\AppData\Roaming\Composer\vendor\bin;C:\Users\ayoub\AppData\Roaming\npm;C:\Program Files\Java\jdk-17\bin;
USERNAME=ayoub
OS=Windows_NT
PROCESSOR_IDENTIFIER=Intel64 Family 6 Model 142 Stepping 12, GenuineIntel



---------------  S Y S T E M  ---------------

OS:
 Windows 11 , 64 bit Build 22621 (10.0.22621.2428)
OS uptime: 0 days 0:48 hours
Hyper-V role detected

CPU: total 8 (initial active 8) (4 cores per cpu, 2 threads per core) family 6 model 142 stepping 12 microcode 0xec, cx8, cmov, fxsr, ht, mmx, 3dnowpref, sse, sse2, sse3, ssse3, sse4.1, sse4.2, popcnt, lzcnt, tsc, tscinvbit, avx, avx2, aes, erms, clmul, bmi1, bmi2, adx, fma, vzeroupper, clflush, clflushopt, hv

Memory: 4k page, system-wide physical 16254M (2022M free)
TotalPageFile size 29275M (AvailPageFile size 3767M)
current process WorkingSet (physical memory assigned to process): 240M, peak: 251M
current process commit charge ("private bytes"): 278M, peak: 382M

vm_info: Java HotSpot(TM) 64-Bit Server VM (17.0.9+11-LTS-201) for windows-amd64 JRE (17.0.9+11-LTS-201), built on Oct 10 2023 23:16:06 by "mach5one" with MS VC++ 17.1 (VS2022)

END.
